{"/Users/zachrizzo/recursive-react-docs-ai/src/index.ts": {"path":"/Users/zachrizzo/recursive-react-docs-ai/src/index.ts","statementMap":{"0":{"start":{"line":1,"column":0},"end":{"line":1,"column":9}},"1":{"start":{"line":14,"column":2},"end":{"line":1,"column":48}},"2":{"start":{"line":2,"column":0},"end":{"line":2,"column":9}},"3":{"start":{"line":15,"column":2},"end":{"line":2,"column":56}},"4":{"start":{"line":3,"column":0},"end":{"line":3,"column":9}},"5":{"start":{"line":16,"column":2},"end":{"line":3,"column":55}}},"fnMap":{"0":{"name":"(anonymous_0)","decl":{"start":{"line":14,"column":2},"end":{"line":14,"column":17}},"loc":{"start":{"line":14,"column":2},"end":{"line":1,"column":48}}},"1":{"name":"(anonymous_1)","decl":{"start":{"line":15,"column":2},"end":{"line":15,"column":24}},"loc":{"start":{"line":15,"column":2},"end":{"line":2,"column":56}}},"2":{"name":"(anonymous_2)","decl":{"start":{"line":16,"column":2},"end":{"line":16,"column":23}},"loc":{"start":{"line":16,"column":2},"end":{"line":3,"column":55}}}},"branchMap":{},"s":{"0":0,"1":0,"2":0,"3":0,"4":0,"5":0},"f":{"0":0,"1":0,"2":0},"b":{}}
,"/Users/zachrizzo/recursive-react-docs-ai/src/ai/generator.ts": {"path":"/Users/zachrizzo/recursive-react-docs-ai/src/ai/generator.ts","statementMap":{"0":{"start":{"line":1,"column":0},"end":{"line":1,"column":32}},"1":{"start":{"line":18,"column":4},"end":{"line":20,"column":7}},"2":{"start":{"line":21,"column":4},"end":{"line":21,"column":50}},"3":{"start":{"line":22,"column":4},"end":{"line":22,"column":50}},"4":{"start":{"line":23,"column":4},"end":{"line":23,"column":46}},"5":{"start":{"line":32,"column":54},"end":{"line":32,"column":56}},"6":{"start":{"line":34,"column":4},"end":{"line":61,"column":5}},"7":{"start":{"line":36,"column":6},"end":{"line":40,"column":7}},"8":{"start":{"line":37,"column":8},"end":{"line":39,"column":10}},"9":{"start":{"line":43,"column":6},"end":{"line":50,"column":7}},"10":{"start":{"line":44,"column":8},"end":{"line":49,"column":9}},"11":{"start":{"line":45,"column":10},"end":{"line":48,"column":12}},"12":{"start":{"line":53,"column":6},"end":{"line":58,"column":7}},"13":{"start":{"line":54,"column":8},"end":{"line":57,"column":12}},"14":{"start":{"line":60,"column":6},"end":{"line":60,"column":41}},"15":{"start":{"line":63,"column":4},"end":{"line":63,"column":30}},"16":{"start":{"line":72,"column":21},"end":{"line":77,"column":17}},"17":{"start":{"line":75,"column":10},"end":{"line":75,"column":75}},"18":{"start":{"line":79,"column":19},"end":{"line":88,"column":2}},"19":{"start":{"line":90,"column":4},"end":{"line":108,"column":5}},"20":{"start":{"line":91,"column":25},"end":{"line":96,"column":8}},"21":{"start":{"line":98,"column":6},"end":{"line":101,"column":8}},"22":{"start":{"line":103,"column":6},"end":{"line":106,"column":8}},"23":{"start":{"line":107,"column":6},"end":{"line":107,"column":75}},"24":{"start":{"line":118,"column":19},"end":{"line":127,"column":2}},"25":{"start":{"line":129,"column":4},"end":{"line":147,"column":5}},"26":{"start":{"line":130,"column":25},"end":{"line":135,"column":8}},"27":{"start":{"line":137,"column":6},"end":{"line":140,"column":8}},"28":{"start":{"line":142,"column":6},"end":{"line":145,"column":8}},"29":{"start":{"line":146,"column":6},"end":{"line":146,"column":76}},"30":{"start":{"line":11,"column":0},"end":{"line":11,"column":13}}},"fnMap":{"0":{"name":"(anonymous_0)","decl":{"start":{"line":17,"column":2},"end":{"line":17,"column":14}},"loc":{"start":{"line":17,"column":32},"end":{"line":24,"column":3}}},"1":{"name":"(anonymous_1)","decl":{"start":{"line":29,"column":2},"end":{"line":29,"column":7}},"loc":{"start":{"line":30,"column":37},"end":{"line":64,"column":3}}},"2":{"name":"(anonymous_2)","decl":{"start":{"line":69,"column":10},"end":{"line":69,"column":15}},"loc":{"start":{"line":70,"column":34},"end":{"line":109,"column":3}}},"3":{"name":"(anonymous_3)","decl":{"start":{"line":74,"column":8},"end":{"line":74,"column":9}},"loc":{"start":{"line":75,"column":10},"end":{"line":75,"column":75}}},"4":{"name":"(anonymous_4)","decl":{"start":{"line":114,"column":10},"end":{"line":114,"column":15}},"loc":{"start":{"line":116,"column":24},"end":{"line":148,"column":3}}}},"branchMap":{"0":{"loc":{"start":{"line":21,"column":17},"end":{"line":21,"column":49}},"type":"binary-expr","locations":[{"start":{"line":21,"column":17},"end":{"line":21,"column":30}},{"start":{"line":21,"column":34},"end":{"line":21,"column":49}}]},"1":{"loc":{"start":{"line":22,"column":23},"end":{"line":22,"column":49}},"type":"binary-expr","locations":[{"start":{"line":22,"column":23},"end":{"line":22,"column":42}},{"start":{"line":22,"column":46},"end":{"line":22,"column":49}}]},"2":{"loc":{"start":{"line":23,"column":21},"end":{"line":23,"column":45}},"type":"binary-expr","locations":[{"start":{"line":23,"column":21},"end":{"line":23,"column":38}},{"start":{"line":23,"column":42},"end":{"line":23,"column":45}}]},"3":{"loc":{"start":{"line":36,"column":6},"end":{"line":40,"column":7}},"type":"if","locations":[{"start":{"line":36,"column":6},"end":{"line":40,"column":7}}]},"4":{"loc":{"start":{"line":36,"column":10},"end":{"line":36,"column":71}},"type":"binary-expr","locations":[{"start":{"line":36,"column":10},"end":{"line":36,"column":32}},{"start":{"line":36,"column":36},"end":{"line":36,"column":71}}]},"5":{"loc":{"start":{"line":44,"column":8},"end":{"line":49,"column":9}},"type":"if","locations":[{"start":{"line":44,"column":8},"end":{"line":49,"column":9}}]},"6":{"loc":{"start":{"line":44,"column":12},"end":{"line":44,"column":63}},"type":"binary-expr","locations":[{"start":{"line":44,"column":12},"end":{"line":44,"column":29}},{"start":{"line":44,"column":33},"end":{"line":44,"column":63}}]},"7":{"loc":{"start":{"line":53,"column":6},"end":{"line":58,"column":7}},"type":"if","locations":[{"start":{"line":53,"column":6},"end":{"line":58,"column":7}}]},"8":{"loc":{"start":{"line":53,"column":10},"end":{"line":53,"column":75}},"type":"binary-expr","locations":[{"start":{"line":53,"column":10},"end":{"line":53,"column":35}},{"start":{"line":53,"column":39},"end":{"line":53,"column":75}}]},"9":{"loc":{"start":{"line":75,"column":25},"end":{"line":75,"column":59}},"type":"cond-expr","locations":[{"start":{"line":75,"column":41},"end":{"line":75,"column":54}},{"start":{"line":75,"column":57},"end":{"line":75,"column":59}}]},"10":{"loc":{"start":{"line":83,"column":33},"end":{"line":83,"column":56}},"type":"binary-expr","locations":[{"start":{"line":83,"column":33},"end":{"line":83,"column":41}},{"start":{"line":83,"column":45},"end":{"line":83,"column":56}}]},"11":{"loc":{"start":{"line":99,"column":8},"end":{"line":100,"column":69}},"type":"binary-expr","locations":[{"start":{"line":99,"column":8},"end":{"line":99,"column":55}},{"start":{"line":100,"column":8},"end":{"line":100,"column":69}}]},"12":{"loc":{"start":{"line":122,"column":2},"end":{"line":122,"column":69}},"type":"cond-expr","locations":[{"start":{"line":122,"column":18},"end":{"line":122,"column":42}},{"start":{"line":122,"column":45},"end":{"line":122,"column":69}}]},"13":{"loc":{"start":{"line":123,"column":2},"end":{"line":123,"column":71}},"type":"cond-expr","locations":[{"start":{"line":123,"column":22},"end":{"line":123,"column":66}},{"start":{"line":123,"column":69},"end":{"line":123,"column":71}}]},"14":{"loc":{"start":{"line":138,"column":8},"end":{"line":139,"column":70}},"type":"binary-expr","locations":[{"start":{"line":138,"column":8},"end":{"line":138,"column":55}},{"start":{"line":139,"column":8},"end":{"line":139,"column":70}}]}},"s":{"0":0,"1":0,"2":0,"3":0,"4":0,"5":0,"6":0,"7":0,"8":0,"9":0,"10":0,"11":0,"12":0,"13":0,"14":0,"15":0,"16":0,"17":0,"18":0,"19":0,"20":0,"21":0,"22":0,"23":0,"24":0,"25":0,"26":0,"27":0,"28":0,"29":0,"30":0},"f":{"0":0,"1":0,"2":0,"3":0,"4":0},"b":{"0":[0,0],"1":[0,0],"2":[0,0],"3":[0],"4":[0,0],"5":[0],"6":[0,0],"7":[0],"8":[0,0],"9":[0,0],"10":[0,0],"11":[0,0],"12":[0,0],"13":[0,0],"14":[0,0]}}
,"/Users/zachrizzo/recursive-react-docs-ai/src/core/parser.ts": {"path":"/Users/zachrizzo/recursive-react-docs-ai/src/core/parser.ts","statementMap":{"0":{"start":{"line":17,"column":0},"end":{"line":17,"column":7}},"1":{"start":{"line":1,"column":0},"end":{"line":1,"column":24}},"2":{"start":{"line":2,"column":0},"end":{"line":2,"column":26}},"3":{"start":{"line":4,"column":0},"end":{"line":4,"column":55}},"4":{"start":{"line":5,"column":0},"end":{"line":5,"column":38}},"5":{"start":{"line":9,"column":14},"end":{"line":9,"column":18}},"6":{"start":{"line":11,"column":2},"end":{"line":11,"column":45}},"7":{"start":{"line":11,"column":13},"end":{"line":11,"column":45}},"8":{"start":{"line":26,"column":6},"end":{"line":26,"column":13}},"9":{"start":{"line":29,"column":26},"end":{"line":29,"column":47}},"10":{"start":{"line":30,"column":32},"end":{"line":30,"column":68}},"11":{"start":{"line":32,"column":2},"end":{"line":32,"column":47}},"12":{"start":{"line":33,"column":2},"end":{"line":33,"column":59}},"13":{"start":{"line":34,"column":2},"end":{"line":34,"column":46}},"14":{"start":{"line":35,"column":2},"end":{"line":35,"column":46}},"15":{"start":{"line":38,"column":24},"end":{"line":44,"column":4}},"16":{"start":{"line":40,"column":6},"end":{"line":40,"column":76}},"17":{"start":{"line":47,"column":21},"end":{"line":47,"column":64}},"18":{"start":{"line":48,"column":2},"end":{"line":48,"column":50}},"19":{"start":{"line":51,"column":2},"end":{"line":66,"column":3}},"20":{"start":{"line":52,"column":4},"end":{"line":52,"column":63}},"21":{"start":{"line":53,"column":21},"end":{"line":53,"column":36}},"22":{"start":{"line":54,"column":22},"end":{"line":54,"column":49}},"23":{"start":{"line":56,"column":4},"end":{"line":65,"column":5}},"24":{"start":{"line":57,"column":23},"end":{"line":57,"column":61}},"25":{"start":{"line":58,"column":6},"end":{"line":58,"column":51}},"26":{"start":{"line":59,"column":6},"end":{"line":63,"column":7}},"27":{"start":{"line":60,"column":8},"end":{"line":60,"column":32}},"28":{"start":{"line":61,"column":8},"end":{"line":61,"column":50}},"29":{"start":{"line":62,"column":8},"end":{"line":62,"column":14}},"30":{"start":{"line":64,"column":6},"end":{"line":64,"column":44}},"31":{"start":{"line":69,"column":2},"end":{"line":76,"column":3}},"32":{"start":{"line":70,"column":4},"end":{"line":72,"column":6}},"33":{"start":{"line":73,"column":24},"end":{"line":73,"column":56}},"34":{"start":{"line":74,"column":4},"end":{"line":74,"column":59}},"35":{"start":{"line":75,"column":4},"end":{"line":75,"column":51}},"36":{"start":{"line":79,"column":17},"end":{"line":81,"column":50}},"37":{"start":{"line":83,"column":2},"end":{"line":86,"column":4}},"38":{"start":{"line":89,"column":2},"end":{"line":98,"column":4}},"39":{"start":{"line":114,"column":2},"end":{"line":114,"column":65}},"40":{"start":{"line":116,"column":2},"end":{"line":119,"column":3}},"41":{"start":{"line":117,"column":4},"end":{"line":117,"column":73}},"42":{"start":{"line":118,"column":4},"end":{"line":118,"column":14}},"43":{"start":{"line":122,"column":2},"end":{"line":127,"column":3}},"44":{"start":{"line":123,"column":4},"end":{"line":125,"column":6}},"45":{"start":{"line":126,"column":4},"end":{"line":126,"column":14}},"46":{"start":{"line":130,"column":2},"end":{"line":130,"column":36}},"47":{"start":{"line":132,"column":2},"end":{"line":271,"column":3}},"48":{"start":{"line":134,"column":4},"end":{"line":137,"column":5}},"49":{"start":{"line":135,"column":6},"end":{"line":135,"column":58}},"50":{"start":{"line":136,"column":6},"end":{"line":136,"column":16}},"51":{"start":{"line":140,"column":4},"end":{"line":140,"column":44}},"52":{"start":{"line":141,"column":26},"end":{"line":141,"column":53}},"53":{"start":{"line":142,"column":4},"end":{"line":142,"column":76}},"54":{"start":{"line":144,"column":4},"end":{"line":147,"column":5}},"55":{"start":{"line":145,"column":6},"end":{"line":145,"column":60}},"56":{"start":{"line":146,"column":6},"end":{"line":146,"column":16}},"57":{"start":{"line":149,"column":42},"end":{"line":149,"column":44}},"58":{"start":{"line":151,"column":4},"end":{"line":265,"column":5}},"59":{"start":{"line":152,"column":6},"end":{"line":156,"column":8}},"60":{"start":{"line":159,"column":38},"end":{"line":166,"column":null}},"61":{"start":{"line":160,"column":46},"end":{"line":166,"column":10}},"62":{"start":{"line":168,"column":6},"end":{"line":168,"column":43}},"63":{"start":{"line":171,"column":6},"end":{"line":171,"column":70}},"64":{"start":{"line":172,"column":26},"end":{"line":172,"column":67}},"65":{"start":{"line":176,"column":23},"end":{"line":176,"column":34}},"66":{"start":{"line":178,"column":6},"end":{"line":182,"column":7}},"67":{"start":{"line":179,"column":8},"end":{"line":181,"column":49}},"68":{"start":{"line":185,"column":45},"end":{"line":194,"column":8}},"69":{"start":{"line":197,"column":22},"end":{"line":197,"column":74}},"70":{"start":{"line":198,"column":6},"end":{"line":201,"column":7}},"71":{"start":{"line":199,"column":8},"end":{"line":199,"column":36}},"72":{"start":{"line":200,"column":8},"end":{"line":200,"column":70}},"73":{"start":{"line":203,"column":37},"end":{"line":206,"column":null}},"74":{"start":{"line":208,"column":6},"end":{"line":208,"column":62}},"75":{"start":{"line":209,"column":6},"end":{"line":211,"column":7}},"76":{"start":{"line":210,"column":8},"end":{"line":210,"column":57}},"77":{"start":{"line":214,"column":6},"end":{"line":262,"column":7}},"78":{"start":{"line":215,"column":27},"end":{"line":232,"column":10}},"79":{"start":{"line":216,"column":31},"end":{"line":216,"column":65}},"80":{"start":{"line":217,"column":10},"end":{"line":217,"column":77}},"81":{"start":{"line":219,"column":27},"end":{"line":223,"column":12}},"82":{"start":{"line":220,"column":28},"end":{"line":220,"column":60}},"83":{"start":{"line":221,"column":12},"end":{"line":221,"column":74}},"84":{"start":{"line":222,"column":12},"end":{"line":222,"column":27}},"85":{"start":{"line":225,"column":27},"end":{"line":229,"column":12}},"86":{"start":{"line":226,"column":28},"end":{"line":226,"column":60}},"87":{"start":{"line":227,"column":12},"end":{"line":227,"column":74}},"88":{"start":{"line":228,"column":12},"end":{"line":228,"column":27}},"89":{"start":{"line":231,"column":10},"end":{"line":231,"column":39}},"90":{"start":{"line":234,"column":8},"end":{"line":234,"column":72}},"91":{"start":{"line":236,"column":8},"end":{"line":261,"column":9}},"92":{"start":{"line":237,"column":10},"end":{"line":237,"column":60}},"93":{"start":{"line":239,"column":34},"end":{"line":248,"column":12}},"94":{"start":{"line":250,"column":10},"end":{"line":260,"column":11}},"95":{"start":{"line":251,"column":12},"end":{"line":253,"column":14}},"96":{"start":{"line":254,"column":12},"end":{"line":257,"column":14}},"97":{"start":{"line":259,"column":12},"end":{"line":259,"column":73}},"98":{"start":{"line":264,"column":6},"end":{"line":264,"column":29}},"99":{"start":{"line":267,"column":4},"end":{"line":267,"column":18}},"100":{"start":{"line":269,"column":4},"end":{"line":269,"column":70}},"101":{"start":{"line":270,"column":4},"end":{"line":270,"column":14}},"102":{"start":{"line":282,"column":32},"end":{"line":282,"column":34}},"103":{"start":{"line":284,"column":25},"end":{"line":284,"column":42}},"104":{"start":{"line":286,"column":2},"end":{"line":350,"column":3}},"105":{"start":{"line":288,"column":24},"end":{"line":288,"column":62}},"106":{"start":{"line":291,"column":4},"end":{"line":347,"column":5}},"107":{"start":{"line":292,"column":25},"end":{"line":292,"column":33}},"108":{"start":{"line":293,"column":6},"end":{"line":295,"column":8}},"109":{"start":{"line":298,"column":6},"end":{"line":346,"column":7}},"110":{"start":{"line":300,"column":27},"end":{"line":300,"column":56}},"111":{"start":{"line":301,"column":35},"end":{"line":301,"column":71}},"112":{"start":{"line":304,"column":8},"end":{"line":307,"column":9}},"113":{"start":{"line":305,"column":10},"end":{"line":305,"column":78}},"114":{"start":{"line":306,"column":10},"end":{"line":306,"column":19}},"115":{"start":{"line":309,"column":8},"end":{"line":309,"column":47}},"116":{"start":{"line":310,"column":8},"end":{"line":310,"column":76}},"117":{"start":{"line":313,"column":27},"end":{"line":313,"column":57}},"118":{"start":{"line":314,"column":27},"end":{"line":314,"column":29}},"119":{"start":{"line":316,"column":8},"end":{"line":336,"column":9}},"120":{"start":{"line":317,"column":27},"end":{"line":319,"column":43}},"121":{"start":{"line":321,"column":10},"end":{"line":321,"column":52}},"122":{"start":{"line":322,"column":10},"end":{"line":326,"column":11}},"123":{"start":{"line":323,"column":12},"end":{"line":323,"column":36}},"124":{"start":{"line":324,"column":12},"end":{"line":324,"column":57}},"125":{"start":{"line":325,"column":12},"end":{"line":325,"column":18}},"126":{"start":{"line":329,"column":28},"end":{"line":329,"column":72}},"127":{"start":{"line":330,"column":10},"end":{"line":330,"column":59}},"128":{"start":{"line":331,"column":10},"end":{"line":335,"column":11}},"129":{"start":{"line":332,"column":12},"end":{"line":332,"column":37}},"130":{"start":{"line":333,"column":12},"end":{"line":333,"column":63}},"131":{"start":{"line":334,"column":12},"end":{"line":334,"column":18}},"132":{"start":{"line":338,"column":8},"end":{"line":343,"column":9}},"133":{"start":{"line":339,"column":10},"end":{"line":339,"column":59}},"134":{"start":{"line":340,"column":10},"end":{"line":340,"column":41}},"135":{"start":{"line":342,"column":10},"end":{"line":342,"column":66}},"136":{"start":{"line":345,"column":8},"end":{"line":345,"column":63}},"137":{"start":{"line":349,"column":4},"end":{"line":349,"column":54}},"138":{"start":{"line":352,"column":2},"end":{"line":352,"column":21}},"139":{"start":{"line":359,"column":18},"end":{"line":359,"column":20}},"140":{"start":{"line":364,"column":4},"end":{"line":364,"column":73}},"141":{"start":{"line":367,"column":2},"end":{"line":406,"column":3}},"142":{"start":{"line":368,"column":23},"end":{"line":368,"column":31}},"143":{"start":{"line":371,"column":4},"end":{"line":371,"column":47}},"144":{"start":{"line":371,"column":38},"end":{"line":371,"column":47}},"145":{"start":{"line":374,"column":21},"end":{"line":374,"column":32}},"146":{"start":{"line":375,"column":24},"end":{"line":375,"column":76}},"147":{"start":{"line":376,"column":25},"end":{"line":376,"column":58}},"148":{"start":{"line":379,"column":19},"end":{"line":392,"column":28}},"149":{"start":{"line":382,"column":29},"end":{"line":385,"column":31}},"150":{"start":{"line":385,"column":22},"end":{"line":385,"column":30}},"151":{"start":{"line":386,"column":8},"end":{"line":390,"column":10}},"152":{"start":{"line":392,"column":21},"end":{"line":392,"column":27}},"153":{"start":{"line":395,"column":22},"end":{"line":395,"column":24}},"154":{"start":{"line":396,"column":4},"end":{"line":398,"column":5}},"155":{"start":{"line":397,"column":6},"end":{"line":397,"column":76}},"156":{"start":{"line":400,"column":4},"end":{"line":405,"column":7}},"157":{"start":{"line":408,"column":2},"end":{"line":408,"column":17}}},"fnMap":{"0":{"name":"debug","decl":{"start":{"line":10,"column":9},"end":{"line":10,"column":14}},"loc":{"start":{"line":10,"column":29},"end":{"line":12,"column":1}}},"1":{"name":"parseComponents","decl":{"start":{"line":17,"column":22},"end":{"line":17,"column":37}},"loc":{"start":{"line":18,"column":24},"end":{"line":99,"column":1}}},"2":{"name":"(anonymous_12)","decl":{"start":{"line":39,"column":16},"end":{"line":39,"column":17}},"loc":{"start":{"line":39,"column":30},"end":{"line":41,"column":5}}},"3":{"name":"parseComponentRecursively","decl":{"start":{"line":104,"column":15},"end":{"line":104,"column":40}},"loc":{"start":{"line":112,"column":41},"end":{"line":272,"column":1}}},"4":{"name":"(anonymous_14)","decl":{"start":{"line":160,"column":8},"end":{"line":160,"column":9}},"loc":{"start":{"line":160,"column":46},"end":{"line":166,"column":10}}},"5":{"name":"(anonymous_15)","decl":{"start":{"line":215,"column":57},"end":{"line":215,"column":58}},"loc":{"start":{"line":215,"column":72},"end":{"line":232,"column":9}}},"6":{"name":"(anonymous_16)","decl":{"start":{"line":219,"column":48},"end":{"line":219,"column":49}},"loc":{"start":{"line":219,"column":60},"end":{"line":223,"column":11}}},"7":{"name":"(anonymous_17)","decl":{"start":{"line":225,"column":48},"end":{"line":225,"column":49}},"loc":{"start":{"line":225,"column":60},"end":{"line":229,"column":11}}},"8":{"name":"extractImportedComponentPaths","decl":{"start":{"line":277,"column":9},"end":{"line":277,"column":38}},"loc":{"start":{"line":280,"column":17},"end":{"line":353,"column":1}}},"9":{"name":"extractComponentMethods","decl":{"start":{"line":358,"column":9},"end":{"line":358,"column":32}},"loc":{"start":{"line":358,"column":75},"end":{"line":409,"column":1}}},"10":{"name":"(anonymous_20)","decl":{"start":{"line":381,"column":11},"end":{"line":381,"column":12}},"loc":{"start":{"line":381,"column":21},"end":{"line":391,"column":7}}},"11":{"name":"(anonymous_21)","decl":{"start":{"line":385,"column":15},"end":{"line":385,"column":16}},"loc":{"start":{"line":385,"column":22},"end":{"line":385,"column":30}}},"12":{"name":"(anonymous_22)","decl":{"start":{"line":392,"column":14},"end":{"line":392,"column":15}},"loc":{"start":{"line":392,"column":21},"end":{"line":392,"column":27}}}},"branchMap":{"0":{"loc":{"start":{"line":11,"column":2},"end":{"line":11,"column":45}},"type":"if","locations":[{"start":{"line":11,"column":2},"end":{"line":11,"column":45}}]},"1":{"loc":{"start":{"line":23,"column":4},"end":{"line":23,"column":24}},"type":"default-arg","locations":[{"start":{"line":23,"column":22},"end":{"line":23,"column":24}}]},"2":{"loc":{"start":{"line":24,"column":4},"end":{"line":24,"column":68}},"type":"default-arg","locations":[{"start":{"line":24,"column":22},"end":{"line":24,"column":68}}]},"3":{"loc":{"start":{"line":25,"column":4},"end":{"line":25,"column":23}},"type":"default-arg","locations":[{"start":{"line":25,"column":15},"end":{"line":25,"column":23}}]},"4":{"loc":{"start":{"line":40,"column":13},"end":{"line":40,"column":75}},"type":"binary-expr","locations":[{"start":{"line":40,"column":13},"end":{"line":40,"column":25}},{"start":{"line":40,"column":29},"end":{"line":40,"column":75}}]},"5":{"loc":{"start":{"line":51,"column":2},"end":{"line":66,"column":3}},"type":"if","locations":[{"start":{"line":51,"column":2},"end":{"line":66,"column":3}}]},"6":{"loc":{"start":{"line":59,"column":6},"end":{"line":63,"column":7}},"type":"if","locations":[{"start":{"line":59,"column":6},"end":{"line":63,"column":7}}]},"7":{"loc":{"start":{"line":69,"column":2},"end":{"line":76,"column":3}},"type":"if","locations":[{"start":{"line":69,"column":2},"end":{"line":76,"column":3}}]},"8":{"loc":{"start":{"line":79,"column":17},"end":{"line":81,"column":50}},"type":"cond-expr","locations":[{"start":{"line":80,"column":6},"end":{"line":80,"column":63}},{"start":{"line":81,"column":6},"end":{"line":81,"column":50}}]},"9":{"loc":{"start":{"line":85,"column":4},"end":{"line":85,"column":78}},"type":"cond-expr","locations":[{"start":{"line":85,"column":34},"end":{"line":85,"column":54}},{"start":{"line":85,"column":57},"end":{"line":85,"column":78}}]},"10":{"loc":{"start":{"line":112,"column":2},"end":{"line":112,"column":41}},"type":"default-arg","locations":[{"start":{"line":112,"column":32},"end":{"line":112,"column":41}}]},"11":{"loc":{"start":{"line":116,"column":2},"end":{"line":119,"column":3}},"type":"if","locations":[{"start":{"line":116,"column":2},"end":{"line":119,"column":3}}]},"12":{"loc":{"start":{"line":122,"column":2},"end":{"line":127,"column":3}},"type":"if","locations":[{"start":{"line":122,"column":2},"end":{"line":127,"column":3}}]},"13":{"loc":{"start":{"line":134,"column":4},"end":{"line":137,"column":5}},"type":"if","locations":[{"start":{"line":134,"column":4},"end":{"line":137,"column":5}}]},"14":{"loc":{"start":{"line":144,"column":4},"end":{"line":147,"column":5}},"type":"if","locations":[{"start":{"line":144,"column":4},"end":{"line":147,"column":5}}]},"15":{"loc":{"start":{"line":154,"column":10},"end":{"line":154,"column":null}},"type":"binary-expr","locations":[{"start":{"line":154,"column":10},"end":{"line":154,"column":26}},{"start":{"line":154,"column":30},"end":{"line":154,"column":null}}]},"16":{"loc":{"start":{"line":159,"column":53},"end":{"line":159,"column":69}},"type":"binary-expr","locations":[{"start":{"line":159,"column":53},"end":{"line":159,"column":63}},{"start":{"line":159,"column":67},"end":{"line":159,"column":69}}]},"17":{"loc":{"start":{"line":162,"column":16},"end":{"line":162,"column":44}},"type":"binary-expr","locations":[{"start":{"line":162,"column":16},"end":{"line":162,"column":35}},{"start":{"line":162,"column":39},"end":{"line":162,"column":44}}]},"18":{"loc":{"start":{"line":163,"column":20},"end":{"line":163,"column":46}},"type":"binary-expr","locations":[{"start":{"line":163,"column":20},"end":{"line":163,"column":37}},{"start":{"line":163,"column":41},"end":{"line":163,"column":46}}]},"19":{"loc":{"start":{"line":165,"column":23},"end":{"line":165,"column":49}},"type":"binary-expr","locations":[{"start":{"line":165,"column":23},"end":{"line":165,"column":43}},{"start":{"line":165,"column":47},"end":{"line":165,"column":49}}]},"20":{"loc":{"start":{"line":178,"column":6},"end":{"line":182,"column":7}},"type":"if","locations":[{"start":{"line":178,"column":6},"end":{"line":182,"column":7}}]},"21":{"loc":{"start":{"line":187,"column":10},"end":{"line":188,"column":67}},"type":"binary-expr","locations":[{"start":{"line":187,"column":10},"end":{"line":187,"column":26}},{"start":{"line":188,"column":10},"end":{"line":188,"column":67}}]},"22":{"loc":{"start":{"line":189,"column":21},"end":{"line":189,"column":43}},"type":"binary-expr","locations":[{"start":{"line":189,"column":21},"end":{"line":189,"column":37}},{"start":{"line":189,"column":41},"end":{"line":189,"column":43}}]},"23":{"loc":{"start":{"line":198,"column":6},"end":{"line":201,"column":7}},"type":"if","locations":[{"start":{"line":198,"column":6},"end":{"line":201,"column":7}}]},"24":{"loc":{"start":{"line":209,"column":6},"end":{"line":211,"column":7}},"type":"if","locations":[{"start":{"line":209,"column":6},"end":{"line":211,"column":7}}]},"25":{"loc":{"start":{"line":214,"column":6},"end":{"line":262,"column":7}},"type":"if","locations":[{"start":{"line":214,"column":6},"end":{"line":262,"column":7}}]},"26":{"loc":{"start":{"line":221,"column":51},"end":{"line":221,"column":70}},"type":"cond-expr","locations":[{"start":{"line":221,"column":61},"end":{"line":221,"column":64}},{"start":{"line":221,"column":67},"end":{"line":221,"column":70}}]},"27":{"loc":{"start":{"line":227,"column":51},"end":{"line":227,"column":70}},"type":"cond-expr","locations":[{"start":{"line":227,"column":61},"end":{"line":227,"column":64}},{"start":{"line":227,"column":67},"end":{"line":227,"column":70}}]},"28":{"loc":{"start":{"line":231,"column":17},"end":{"line":231,"column":38}},"type":"binary-expr","locations":[{"start":{"line":231,"column":17},"end":{"line":231,"column":25}},{"start":{"line":231,"column":29},"end":{"line":231,"column":38}}]},"29":{"loc":{"start":{"line":250,"column":10},"end":{"line":260,"column":11}},"type":"if","locations":[{"start":{"line":250,"column":10},"end":{"line":260,"column":11}},{"start":{"line":258,"column":17},"end":{"line":260,"column":11}}]},"30":{"loc":{"start":{"line":255,"column":18},"end":{"line":255,"column":49}},"type":"binary-expr","locations":[{"start":{"line":255,"column":18},"end":{"line":255,"column":43}},{"start":{"line":255,"column":47},"end":{"line":255,"column":49}}]},"31":{"loc":{"start":{"line":298,"column":6},"end":{"line":346,"column":7}},"type":"if","locations":[{"start":{"line":298,"column":6},"end":{"line":346,"column":7}},{"start":{"line":344,"column":13},"end":{"line":346,"column":7}}]},"32":{"loc":{"start":{"line":304,"column":8},"end":{"line":307,"column":9}},"type":"if","locations":[{"start":{"line":304,"column":8},"end":{"line":307,"column":9}}]},"33":{"loc":{"start":{"line":317,"column":27},"end":{"line":319,"column":43}},"type":"cond-expr","locations":[{"start":{"line":318,"column":14},"end":{"line":318,"column":32}},{"start":{"line":319,"column":14},"end":{"line":319,"column":43}}]},"34":{"loc":{"start":{"line":322,"column":10},"end":{"line":326,"column":11}},"type":"if","locations":[{"start":{"line":322,"column":10},"end":{"line":326,"column":11}}]},"35":{"loc":{"start":{"line":331,"column":10},"end":{"line":335,"column":11}},"type":"if","locations":[{"start":{"line":331,"column":10},"end":{"line":335,"column":11}}]},"36":{"loc":{"start":{"line":338,"column":8},"end":{"line":343,"column":9}},"type":"if","locations":[{"start":{"line":338,"column":8},"end":{"line":343,"column":9}},{"start":{"line":341,"column":15},"end":{"line":343,"column":9}}]},"37":{"loc":{"start":{"line":371,"column":4},"end":{"line":371,"column":47}},"type":"if","locations":[{"start":{"line":371,"column":4},"end":{"line":371,"column":47}}]},"38":{"loc":{"start":{"line":376,"column":25},"end":{"line":376,"column":58}},"type":"cond-expr","locations":[{"start":{"line":376,"column":39},"end":{"line":376,"column":53}},{"start":{"line":376,"column":56},"end":{"line":376,"column":58}}]},"39":{"loc":{"start":{"line":388,"column":16},"end":{"line":388,"column":56}},"type":"cond-expr","locations":[{"start":{"line":388,"column":23},"end":{"line":388,"column":48}},{"start":{"line":388,"column":51},"end":{"line":388,"column":56}}]},"40":{"loc":{"start":{"line":396,"column":4},"end":{"line":398,"column":5}},"type":"if","locations":[{"start":{"line":396,"column":4},"end":{"line":398,"column":5}}]}},"s":{"0":0,"1":0,"2":0,"3":0,"4":0,"5":0,"6":0,"7":0,"8":0,"9":0,"10":0,"11":0,"12":0,"13":0,"14":0,"15":0,"16":0,"17":0,"18":0,"19":0,"20":0,"21":0,"22":0,"23":0,"24":0,"25":0,"26":0,"27":0,"28":0,"29":0,"30":0,"31":0,"32":0,"33":0,"34":0,"35":0,"36":0,"37":0,"38":0,"39":0,"40":0,"41":0,"42":0,"43":0,"44":0,"45":0,"46":0,"47":0,"48":0,"49":0,"50":0,"51":0,"52":0,"53":0,"54":0,"55":0,"56":0,"57":0,"58":0,"59":0,"60":0,"61":0,"62":0,"63":0,"64":0,"65":0,"66":0,"67":0,"68":0,"69":0,"70":0,"71":0,"72":0,"73":0,"74":0,"75":0,"76":0,"77":0,"78":0,"79":0,"80":0,"81":0,"82":0,"83":0,"84":0,"85":0,"86":0,"87":0,"88":0,"89":0,"90":0,"91":0,"92":0,"93":0,"94":0,"95":0,"96":0,"97":0,"98":0,"99":0,"100":0,"101":0,"102":0,"103":0,"104":0,"105":0,"106":0,"107":0,"108":0,"109":0,"110":0,"111":0,"112":0,"113":0,"114":0,"115":0,"116":0,"117":0,"118":0,"119":0,"120":0,"121":0,"122":0,"123":0,"124":0,"125":0,"126":0,"127":0,"128":0,"129":0,"130":0,"131":0,"132":0,"133":0,"134":0,"135":0,"136":0,"137":0,"138":0,"139":0,"140":0,"141":0,"142":0,"143":0,"144":0,"145":0,"146":0,"147":0,"148":0,"149":0,"150":0,"151":0,"152":0,"153":0,"154":0,"155":0,"156":0,"157":0},"f":{"0":0,"1":0,"2":0,"3":0,"4":0,"5":0,"6":0,"7":0,"8":0,"9":0,"10":0,"11":0,"12":0},"b":{"0":[0],"1":[0],"2":[0],"3":[0],"4":[0,0],"5":[0],"6":[0],"7":[0],"8":[0,0],"9":[0,0],"10":[0],"11":[0],"12":[0],"13":[0],"14":[0],"15":[0,0],"16":[0,0],"17":[0,0],"18":[0,0],"19":[0,0],"20":[0],"21":[0,0],"22":[0,0],"23":[0],"24":[0],"25":[0],"26":[0,0],"27":[0,0],"28":[0,0],"29":[0,0],"30":[0,0],"31":[0,0],"32":[0],"33":[0,0],"34":[0],"35":[0],"36":[0,0],"37":[0],"38":[0,0],"39":[0,0],"40":[0]}}
}
