{"/Users/zachrizzo/Desktop/programming/auto_code_docs_react_ai/src/index.ts": {"path":"/Users/zachrizzo/Desktop/programming/auto_code_docs_react_ai/src/index.ts","statementMap":{"0":{"start":{"line":9,"column":0},"end":{"line":9,"column":7}},"1":{"start":{"line":1,"column":0},"end":{"line":1,"column":9}},"2":{"start":{"line":6,"column":9},"end":{"line":1,"column":32}},"3":{"start":{"line":6,"column":68},"end":{"line":1,"column":79}},"4":{"start":{"line":2,"column":0},"end":{"line":2,"column":9}},"5":{"start":{"line":6,"column":32},"end":{"line":2,"column":26}},"6":{"start":{"line":6,"column":49},"end":{"line":2,"column":68}},"7":{"start":{"line":3,"column":0},"end":{"line":3,"column":26}},"8":{"start":{"line":4,"column":0},"end":{"line":4,"column":24}},"9":{"start":{"line":18,"column":6},"end":{"line":18,"column":13}},"10":{"start":{"line":22,"column":22},"end":{"line":22,"column":31}},"11":{"start":{"line":25,"column":2},"end":{"line":27,"column":3}},"12":{"start":{"line":26,"column":4},"end":{"line":26,"column":33}},"13":{"start":{"line":29,"column":2},"end":{"line":29,"column":34}},"14":{"start":{"line":32,"column":25},"end":{"line":38,"column":5}},"15":{"start":{"line":32,"column":51},"end":{"line":38,"column":4}},"16":{"start":{"line":40,"column":2},"end":{"line":44,"column":4}},"17":{"start":{"line":47,"column":2},"end":{"line":58,"column":3}},"18":{"start":{"line":48,"column":26},"end":{"line":51,"column":6}},"19":{"start":{"line":53,"column":4},"end":{"line":57,"column":6}},"20":{"start":{"line":61,"column":21},"end":{"line":69,"column":4}},"21":{"start":{"line":71,"column":2},"end":{"line":73,"column":5}},"22":{"start":{"line":76,"column":18},"end":{"line":76,"column":46}},"23":{"start":{"line":77,"column":2},"end":{"line":77,"column":72}},"24":{"start":{"line":79,"column":2},"end":{"line":79,"column":63}},"25":{"start":{"line":80,"column":2},"end":{"line":80,"column":19}},"26":{"start":{"line":83,"column":0},"end":{"line":83,"column":37}}},"fnMap":{"0":{"name":"(anonymous_1)","decl":{"start":{"line":6,"column":9},"end":{"line":6,"column":30}},"loc":{"start":{"line":6,"column":9},"end":{"line":1,"column":32}}},"1":{"name":"(anonymous_2)","decl":{"start":{"line":6,"column":68},"end":{"line":6,"column":90}},"loc":{"start":{"line":6,"column":68},"end":{"line":1,"column":79}}},"2":{"name":"(anonymous_3)","decl":{"start":{"line":6,"column":32},"end":{"line":6,"column":47}},"loc":{"start":{"line":6,"column":32},"end":{"line":2,"column":26}}},"3":{"name":"(anonymous_4)","decl":{"start":{"line":6,"column":49},"end":{"line":6,"column":66}},"loc":{"start":{"line":6,"column":49},"end":{"line":2,"column":68}}},"4":{"name":"generateDocUI","decl":{"start":{"line":9,"column":22},"end":{"line":9,"column":35}},"loc":{"start":{"line":9,"column":72},"end":{"line":81,"column":1}}},"5":{"name":"(anonymous_6)","decl":{"start":{"line":32,"column":40},"end":{"line":32,"column":41}},"loc":{"start":{"line":32,"column":51},"end":{"line":38,"column":4}}}},"branchMap":{"0":{"loc":{"start":{"line":9,"column":55},"end":{"line":9,"column":72}},"type":"default-arg","locations":[{"start":{"line":9,"column":70},"end":{"line":9,"column":72}}]},"1":{"loc":{"start":{"line":11,"column":4},"end":{"line":11,"column":43}},"type":"default-arg","locations":[{"start":{"line":11,"column":12},"end":{"line":11,"column":43}}]},"2":{"loc":{"start":{"line":12,"column":4},"end":{"line":12,"column":69}},"type":"default-arg","locations":[{"start":{"line":12,"column":18},"end":{"line":12,"column":69}}]},"3":{"loc":{"start":{"line":13,"column":4},"end":{"line":13,"column":19}},"type":"default-arg","locations":[{"start":{"line":13,"column":12},"end":{"line":13,"column":19}}]},"4":{"loc":{"start":{"line":14,"column":4},"end":{"line":14,"column":48}},"type":"default-arg","locations":[{"start":{"line":14,"column":16},"end":{"line":14,"column":48}}]},"5":{"loc":{"start":{"line":15,"column":4},"end":{"line":15,"column":19}},"type":"default-arg","locations":[{"start":{"line":15,"column":15},"end":{"line":15,"column":19}}]},"6":{"loc":{"start":{"line":16,"column":4},"end":{"line":16,"column":22}},"type":"default-arg","locations":[{"start":{"line":16,"column":18},"end":{"line":16,"column":22}}]},"7":{"loc":{"start":{"line":17,"column":4},"end":{"line":17,"column":25}},"type":"default-arg","locations":[{"start":{"line":17,"column":21},"end":{"line":17,"column":25}}]},"8":{"loc":{"start":{"line":25,"column":2},"end":{"line":27,"column":3}},"type":"if","locations":[{"start":{"line":25,"column":2},"end":{"line":27,"column":3}}]},"9":{"loc":{"start":{"line":34,"column":17},"end":{"line":34,"column":39}},"type":"binary-expr","locations":[{"start":{"line":34,"column":17},"end":{"line":34,"column":33}},{"start":{"line":34,"column":37},"end":{"line":34,"column":39}}]},"10":{"loc":{"start":{"line":35,"column":14},"end":{"line":35,"column":33}},"type":"binary-expr","locations":[{"start":{"line":35,"column":14},"end":{"line":35,"column":27}},{"start":{"line":35,"column":31},"end":{"line":35,"column":33}}]},"11":{"loc":{"start":{"line":36,"column":17},"end":{"line":36,"column":55}},"type":"cond-expr","locations":[{"start":{"line":36,"column":32},"end":{"line":36,"column":51}},{"start":{"line":36,"column":54},"end":{"line":36,"column":55}}]}},"s":{"0":0,"1":0,"2":0,"3":0,"4":0,"5":0,"6":0,"7":0,"8":0,"9":0,"10":0,"11":0,"12":0,"13":0,"14":0,"15":0,"16":0,"17":0,"18":0,"19":0,"20":0,"21":0,"22":0,"23":0,"24":0,"25":0,"26":0},"f":{"0":0,"1":0,"2":0,"3":0,"4":0,"5":0},"b":{"0":[0],"1":[0],"2":[0],"3":[0],"4":[0],"5":[0],"6":[0],"7":[0],"8":[0],"9":[0,0],"10":[0,0],"11":[0,0]}}
,"/Users/zachrizzo/Desktop/programming/auto_code_docs_react_ai/src/ai/generator.ts": {"path":"/Users/zachrizzo/Desktop/programming/auto_code_docs_react_ai/src/ai/generator.ts","statementMap":{"0":{"start":{"line":500,"column":0},"end":{"line":500,"column":7}},"1":{"start":{"line":1,"column":0},"end":{"line":1,"column":32}},"2":{"start":{"line":3,"column":0},"end":{"line":3,"column":31}},"3":{"start":{"line":4,"column":0},"end":{"line":4,"column":29}},"4":{"start":{"line":5,"column":0},"end":{"line":5,"column":33}},"5":{"start":{"line":6,"column":0},"end":{"line":6,"column":26}},"6":{"start":{"line":34,"column":10},"end":{"line":34,"column":39}},"7":{"start":{"line":35,"column":10},"end":{"line":35,"column":42}},"8":{"start":{"line":36,"column":10},"end":{"line":36,"column":36}},"9":{"start":{"line":37,"column":10},"end":{"line":37,"column":34}},"10":{"start":{"line":38,"column":10},"end":{"line":38,"column":75}},"11":{"start":{"line":39,"column":10},"end":{"line":39,"column":41}},"12":{"start":{"line":40,"column":10},"end":{"line":40,"column":37}},"13":{"start":{"line":41,"column":10},"end":{"line":42,"column":55}},"14":{"start":{"line":43,"column":10},"end":{"line":43,"column":73}},"15":{"start":{"line":46,"column":4},"end":{"line":46,"column":48}},"16":{"start":{"line":48,"column":4},"end":{"line":66,"column":5}},"17":{"start":{"line":50,"column":6},"end":{"line":50,"column":59}},"18":{"start":{"line":51,"column":6},"end":{"line":51,"column":65}},"19":{"start":{"line":52,"column":6},"end":{"line":52,"column":28}},"20":{"start":{"line":53,"column":6},"end":{"line":55,"column":8}},"21":{"start":{"line":58,"column":6},"end":{"line":60,"column":7}},"22":{"start":{"line":59,"column":8},"end":{"line":59,"column":65}},"23":{"start":{"line":62,"column":6},"end":{"line":64,"column":9}},"24":{"start":{"line":65,"column":6},"end":{"line":65,"column":47}},"25":{"start":{"line":68,"column":4},"end":{"line":68,"column":63}},"26":{"start":{"line":69,"column":4},"end":{"line":69,"column":57}},"27":{"start":{"line":70,"column":4},"end":{"line":70,"column":57}},"28":{"start":{"line":73,"column":4},"end":{"line":73,"column":21}},"29":{"start":{"line":77,"column":4},"end":{"line":85,"column":5}},"30":{"start":{"line":78,"column":6},"end":{"line":81,"column":7}},"31":{"start":{"line":79,"column":8},"end":{"line":79,"column":53}},"32":{"start":{"line":80,"column":8},"end":{"line":80,"column":73}},"33":{"start":{"line":83,"column":6},"end":{"line":83,"column":67}},"34":{"start":{"line":84,"column":6},"end":{"line":84,"column":22}},"35":{"start":{"line":89,"column":4},"end":{"line":98,"column":5}},"36":{"start":{"line":91,"column":23},"end":{"line":91,"column":51}},"37":{"start":{"line":92,"column":6},"end":{"line":92,"column":33}},"38":{"start":{"line":95,"column":6},"end":{"line":95,"column":66}},"39":{"start":{"line":97,"column":6},"end":{"line":97,"column":67}},"40":{"start":{"line":102,"column":23},"end":{"line":115,"column":6}},"41":{"start":{"line":107,"column":43},"end":{"line":112,"column":14}},"42":{"start":{"line":117,"column":4},"end":{"line":120,"column":21}},"43":{"start":{"line":128,"column":4},"end":{"line":134,"column":5}},"44":{"start":{"line":129,"column":6},"end":{"line":129,"column":61}},"45":{"start":{"line":130,"column":6},"end":{"line":133,"column":23}},"46":{"start":{"line":136,"column":23},"end":{"line":142,"column":6}},"47":{"start":{"line":144,"column":4},"end":{"line":147,"column":21}},"48":{"start":{"line":156,"column":54},"end":{"line":156,"column":56}},"49":{"start":{"line":157,"column":22},"end":{"line":157,"column":23}},"50":{"start":{"line":158,"column":25},"end":{"line":158,"column":26}},"51":{"start":{"line":160,"column":4},"end":{"line":295,"column":5}},"52":{"start":{"line":162,"column":6},"end":{"line":165,"column":7}},"53":{"start":{"line":163,"column":8},"end":{"line":163,"column":66}},"54":{"start":{"line":164,"column":8},"end":{"line":164,"column":17}},"55":{"start":{"line":167,"column":28},"end":{"line":167,"column":66}},"56":{"start":{"line":168,"column":23},"end":{"line":168,"column":64}},"57":{"start":{"line":169,"column":30},"end":{"line":169,"column":50}},"58":{"start":{"line":172,"column":6},"end":{"line":284,"column":7}},"59":{"start":{"line":174,"column":8},"end":{"line":174,"column":60}},"60":{"start":{"line":175,"column":8},"end":{"line":175,"column":22}},"61":{"start":{"line":178,"column":8},"end":{"line":242,"column":9}},"62":{"start":{"line":179,"column":10},"end":{"line":241,"column":11}},"63":{"start":{"line":181,"column":12},"end":{"line":181,"column":32}},"64":{"start":{"line":181,"column":23},"end":{"line":181,"column":32}},"65":{"start":{"line":185,"column":14},"end":{"line":185,"column":71}},"66":{"start":{"line":186,"column":12},"end":{"line":240,"column":13}},"67":{"start":{"line":187,"column":31},"end":{"line":187,"column":75}},"68":{"start":{"line":188,"column":14},"end":{"line":212,"column":15}},"69":{"start":{"line":189,"column":16},"end":{"line":189,"column":58}},"70":{"start":{"line":192,"column":16},"end":{"line":195,"column":18}},"71":{"start":{"line":196,"column":16},"end":{"line":196,"column":33}},"72":{"start":{"line":199,"column":16},"end":{"line":206,"column":17}},"73":{"start":{"line":200,"column":18},"end":{"line":205,"column":20}},"74":{"start":{"line":208,"column":16},"end":{"line":211,"column":18}},"75":{"start":{"line":215,"column":14},"end":{"line":239,"column":15}},"76":{"start":{"line":216,"column":16},"end":{"line":219,"column":18}},"77":{"start":{"line":220,"column":16},"end":{"line":220,"column":33}},"78":{"start":{"line":224,"column":16},"end":{"line":233,"column":17}},"79":{"start":{"line":225,"column":18},"end":{"line":230,"column":20}},"80":{"start":{"line":231,"column":23},"end":{"line":233,"column":17}},"81":{"start":{"line":232,"column":18},"end":{"line":232,"column":50}},"82":{"start":{"line":235,"column":16},"end":{"line":238,"column":18}},"83":{"start":{"line":245,"column":8},"end":{"line":258,"column":9}},"84":{"start":{"line":246,"column":10},"end":{"line":248,"column":12}},"85":{"start":{"line":249,"column":10},"end":{"line":249,"column":27}},"86":{"start":{"line":252,"column":10},"end":{"line":257,"column":12}},"87":{"start":{"line":261,"column":8},"end":{"line":283,"column":9}},"88":{"start":{"line":262,"column":10},"end":{"line":282,"column":11}},"89":{"start":{"line":263,"column":12},"end":{"line":263,"column":32}},"90":{"start":{"line":263,"column":23},"end":{"line":263,"column":32}},"91":{"start":{"line":265,"column":12},"end":{"line":281,"column":13}},"92":{"start":{"line":266,"column":14},"end":{"line":269,"column":16}},"93":{"start":{"line":270,"column":14},"end":{"line":270,"column":31}},"94":{"start":{"line":273,"column":14},"end":{"line":275,"column":15}},"95":{"start":{"line":274,"column":16},"end":{"line":274,"column":48}},"96":{"start":{"line":277,"column":14},"end":{"line":280,"column":16}},"97":{"start":{"line":287,"column":6},"end":{"line":292,"column":7}},"98":{"start":{"line":288,"column":8},"end":{"line":291,"column":12}},"99":{"start":{"line":294,"column":6},"end":{"line":294,"column":41}},"100":{"start":{"line":298,"column":4},"end":{"line":298,"column":21}},"101":{"start":{"line":300,"column":4},"end":{"line":302,"column":6}},"102":{"start":{"line":304,"column":4},"end":{"line":304,"column":30}},"103":{"start":{"line":314,"column":4},"end":{"line":317,"column":5}},"104":{"start":{"line":315,"column":6},"end":{"line":315,"column":77}},"105":{"start":{"line":316,"column":6},"end":{"line":316,"column":34}},"106":{"start":{"line":320,"column":6},"end":{"line":330,"column":21}},"107":{"start":{"line":322,"column":30},"end":{"line":322,"column":34}},"108":{"start":{"line":325,"column":16},"end":{"line":327,"column":18}},"109":{"start":{"line":332,"column":19},"end":{"line":341,"column":2}},"110":{"start":{"line":343,"column":4},"end":{"line":396,"column":5}},"111":{"start":{"line":344,"column":6},"end":{"line":371,"column":7}},"112":{"start":{"line":345,"column":25},"end":{"line":351,"column":10}},"113":{"start":{"line":353,"column":8},"end":{"line":364,"column":9}},"114":{"start":{"line":354,"column":10},"end":{"line":357,"column":12}},"115":{"start":{"line":359,"column":10},"end":{"line":362,"column":12}},"116":{"start":{"line":363,"column":10},"end":{"line":363,"column":79}},"117":{"start":{"line":366,"column":8},"end":{"line":369,"column":10}},"118":{"start":{"line":370,"column":8},"end":{"line":370,"column":77}},"119":{"start":{"line":373,"column":6},"end":{"line":395,"column":7}},"120":{"start":{"line":374,"column":8},"end":{"line":376,"column":9}},"121":{"start":{"line":375,"column":10},"end":{"line":375,"column":59}},"122":{"start":{"line":378,"column":27},"end":{"line":383,"column":10}},"123":{"start":{"line":385,"column":8},"end":{"line":388,"column":10}},"124":{"start":{"line":390,"column":8},"end":{"line":393,"column":10}},"125":{"start":{"line":394,"column":8},"end":{"line":394,"column":77}},"126":{"start":{"line":407,"column":4},"end":{"line":410,"column":5}},"127":{"start":{"line":408,"column":6},"end":{"line":408,"column":72}},"128":{"start":{"line":409,"column":6},"end":{"line":409,"column":45}},"129":{"start":{"line":412,"column":4},"end":{"line":415,"column":5}},"130":{"start":{"line":413,"column":6},"end":{"line":413,"column":67}},"131":{"start":{"line":414,"column":6},"end":{"line":414,"column":45}},"132":{"start":{"line":417,"column":23},"end":{"line":417,"column":62}},"133":{"start":{"line":418,"column":25},"end":{"line":420,"column":10}},"134":{"start":{"line":422,"column":19},"end":{"line":433,"column":2}},"135":{"start":{"line":435,"column":4},"end":{"line":488,"column":5}},"136":{"start":{"line":436,"column":6},"end":{"line":463,"column":7}},"137":{"start":{"line":437,"column":25},"end":{"line":443,"column":10}},"138":{"start":{"line":445,"column":8},"end":{"line":456,"column":9}},"139":{"start":{"line":446,"column":10},"end":{"line":449,"column":12}},"140":{"start":{"line":451,"column":10},"end":{"line":454,"column":12}},"141":{"start":{"line":455,"column":10},"end":{"line":455,"column":81}},"142":{"start":{"line":458,"column":8},"end":{"line":461,"column":10}},"143":{"start":{"line":462,"column":8},"end":{"line":462,"column":79}},"144":{"start":{"line":465,"column":6},"end":{"line":487,"column":7}},"145":{"start":{"line":466,"column":8},"end":{"line":468,"column":9}},"146":{"start":{"line":467,"column":10},"end":{"line":467,"column":59}},"147":{"start":{"line":470,"column":27},"end":{"line":475,"column":10}},"148":{"start":{"line":477,"column":8},"end":{"line":480,"column":10}},"149":{"start":{"line":482,"column":8},"end":{"line":485,"column":10}},"150":{"start":{"line":486,"column":8},"end":{"line":486,"column":79}},"151":{"start":{"line":33,"column":0},"end":{"line":33,"column":13}},"152":{"start":{"line":504,"column":2},"end":{"line":504,"column":45}},"153":{"start":{"line":505,"column":2},"end":{"line":505,"column":20}},"154":{"start":{"line":508,"column":0},"end":{"line":508,"column":37}}},"fnMap":{"0":{"name":"(anonymous_10)","decl":{"start":{"line":45,"column":2},"end":{"line":45,"column":14}},"loc":{"start":{"line":45,"column":32},"end":{"line":74,"column":3}}},"1":{"name":"(anonymous_11)","decl":{"start":{"line":76,"column":10},"end":{"line":76,"column":19}},"loc":{"start":{"line":76,"column":19},"end":{"line":86,"column":3}}},"2":{"name":"(anonymous_12)","decl":{"start":{"line":88,"column":10},"end":{"line":88,"column":19}},"loc":{"start":{"line":88,"column":19},"end":{"line":99,"column":3}}},"3":{"name":"(anonymous_13)","decl":{"start":{"line":101,"column":10},"end":{"line":101,"column":32}},"loc":{"start":{"line":101,"column":63},"end":{"line":121,"column":3}}},"4":{"name":"(anonymous_14)","decl":{"start":{"line":107,"column":32},"end":{"line":107,"column":33}},"loc":{"start":{"line":107,"column":43},"end":{"line":112,"column":14}}},"5":{"name":"(anonymous_15)","decl":{"start":{"line":123,"column":10},"end":{"line":123,"column":27}},"loc":{"start":{"line":125,"column":24},"end":{"line":148,"column":3}}},"6":{"name":"(anonymous_16)","decl":{"start":{"line":153,"column":2},"end":{"line":153,"column":7}},"loc":{"start":{"line":154,"column":37},"end":{"line":305,"column":3}}},"7":{"name":"(anonymous_17)","decl":{"start":{"line":310,"column":10},"end":{"line":310,"column":15}},"loc":{"start":{"line":311,"column":34},"end":{"line":397,"column":3}}},"8":{"name":"(anonymous_18)","decl":{"start":{"line":322,"column":20},"end":{"line":322,"column":21}},"loc":{"start":{"line":322,"column":30},"end":{"line":322,"column":34}}},"9":{"name":"(anonymous_19)","decl":{"start":{"line":324,"column":14},"end":{"line":324,"column":15}},"loc":{"start":{"line":325,"column":16},"end":{"line":327,"column":18}}},"10":{"name":"(anonymous_20)","decl":{"start":{"line":402,"column":10},"end":{"line":402,"column":15}},"loc":{"start":{"line":404,"column":24},"end":{"line":489,"column":3}}},"11":{"name":"generateDocumentation","decl":{"start":{"line":500,"column":22},"end":{"line":500,"column":43}},"loc":{"start":{"line":502,"column":44},"end":{"line":506,"column":1}}}},"branchMap":{"0":{"loc":{"start":{"line":42,"column":4},"end":{"line":42,"column":54}},"type":"binary-expr","locations":[{"start":{"line":42,"column":4},"end":{"line":42,"column":26}},{"start":{"line":42,"column":30},"end":{"line":42,"column":54}}]},"1":{"loc":{"start":{"line":43,"column":32},"end":{"line":43,"column":72}},"type":"binary-expr","locations":[{"start":{"line":43,"column":32},"end":{"line":43,"column":56}},{"start":{"line":43,"column":60},"end":{"line":43,"column":72}}]},"2":{"loc":{"start":{"line":46,"column":21},"end":{"line":46,"column":47}},"type":"binary-expr","locations":[{"start":{"line":46,"column":21},"end":{"line":46,"column":38}},{"start":{"line":46,"column":42},"end":{"line":46,"column":47}}]},"3":{"loc":{"start":{"line":48,"column":4},"end":{"line":66,"column":5}},"type":"if","locations":[{"start":{"line":48,"column":4},"end":{"line":66,"column":5}},{"start":{"line":56,"column":11},"end":{"line":66,"column":5}}]},"4":{"loc":{"start":{"line":50,"column":23},"end":{"line":50,"column":58}},"type":"binary-expr","locations":[{"start":{"line":50,"column":23},"end":{"line":50,"column":40}},{"start":{"line":50,"column":44},"end":{"line":50,"column":58}}]},"5":{"loc":{"start":{"line":51,"column":25},"end":{"line":51,"column":64}},"type":"binary-expr","locations":[{"start":{"line":51,"column":25},"end":{"line":51,"column":44}},{"start":{"line":51,"column":48},"end":{"line":51,"column":64}}]},"6":{"loc":{"start":{"line":58,"column":6},"end":{"line":60,"column":7}},"type":"if","locations":[{"start":{"line":58,"column":6},"end":{"line":60,"column":7}}]},"7":{"loc":{"start":{"line":58,"column":10},"end":{"line":58,"column":56}},"type":"binary-expr","locations":[{"start":{"line":58,"column":10},"end":{"line":58,"column":25}},{"start":{"line":58,"column":29},"end":{"line":58,"column":56}}]},"8":{"loc":{"start":{"line":63,"column":16},"end":{"line":63,"column":60}},"type":"binary-expr","locations":[{"start":{"line":63,"column":16},"end":{"line":63,"column":30}},{"start":{"line":63,"column":34},"end":{"line":63,"column":60}}]},"9":{"loc":{"start":{"line":65,"column":19},"end":{"line":65,"column":46}},"type":"binary-expr","locations":[{"start":{"line":65,"column":19},"end":{"line":65,"column":32}},{"start":{"line":65,"column":36},"end":{"line":65,"column":46}}]},"10":{"loc":{"start":{"line":68,"column":23},"end":{"line":68,"column":62}},"type":"binary-expr","locations":[{"start":{"line":68,"column":23},"end":{"line":68,"column":42}},{"start":{"line":68,"column":46},"end":{"line":68,"column":62}}]},"11":{"loc":{"start":{"line":69,"column":21},"end":{"line":69,"column":56}},"type":"binary-expr","locations":[{"start":{"line":69,"column":21},"end":{"line":69,"column":38}},{"start":{"line":69,"column":42},"end":{"line":69,"column":56}}]},"12":{"loc":{"start":{"line":70,"column":21},"end":{"line":70,"column":56}},"type":"binary-expr","locations":[{"start":{"line":70,"column":21},"end":{"line":70,"column":38}},{"start":{"line":70,"column":42},"end":{"line":70,"column":56}}]},"13":{"loc":{"start":{"line":78,"column":6},"end":{"line":81,"column":7}},"type":"if","locations":[{"start":{"line":78,"column":6},"end":{"line":81,"column":7}}]},"14":{"loc":{"start":{"line":106,"column":8},"end":{"line":113,"column":14}},"type":"cond-expr","locations":[{"start":{"line":107,"column":12},"end":{"line":112,"column":15}},{"start":{"line":113,"column":12},"end":{"line":113,"column":14}}]},"15":{"loc":{"start":{"line":106,"column":8},"end":{"line":106,"column":57}},"type":"binary-expr","locations":[{"start":{"line":106,"column":8},"end":{"line":106,"column":23}},{"start":{"line":106,"column":27},"end":{"line":106,"column":57}}]},"16":{"loc":{"start":{"line":114,"column":18},"end":{"line":114,"column":44}},"type":"binary-expr","locations":[{"start":{"line":114,"column":18},"end":{"line":114,"column":38}},{"start":{"line":114,"column":42},"end":{"line":114,"column":44}}]},"17":{"loc":{"start":{"line":128,"column":4},"end":{"line":134,"column":5}},"type":"if","locations":[{"start":{"line":128,"column":4},"end":{"line":134,"column":5}}]},"18":{"loc":{"start":{"line":138,"column":16},"end":{"line":138,"column":38}},"type":"binary-expr","locations":[{"start":{"line":138,"column":16},"end":{"line":138,"column":25}},{"start":{"line":138,"column":29},"end":{"line":138,"column":38}}]},"19":{"loc":{"start":{"line":139,"column":12},"end":{"line":139,"column":34}},"type":"binary-expr","locations":[{"start":{"line":139,"column":12},"end":{"line":139,"column":21}},{"start":{"line":139,"column":25},"end":{"line":139,"column":34}}]},"20":{"loc":{"start":{"line":140,"column":16},"end":{"line":140,"column":38}},"type":"binary-expr","locations":[{"start":{"line":140,"column":16},"end":{"line":140,"column":29}},{"start":{"line":140,"column":33},"end":{"line":140,"column":38}}]},"21":{"loc":{"start":{"line":141,"column":20},"end":{"line":141,"column":45}},"type":"binary-expr","locations":[{"start":{"line":141,"column":20},"end":{"line":141,"column":37}},{"start":{"line":141,"column":41},"end":{"line":141,"column":45}}]},"22":{"loc":{"start":{"line":162,"column":6},"end":{"line":165,"column":7}},"type":"if","locations":[{"start":{"line":162,"column":6},"end":{"line":165,"column":7}}]},"23":{"loc":{"start":{"line":172,"column":6},"end":{"line":284,"column":7}},"type":"if","locations":[{"start":{"line":172,"column":6},"end":{"line":284,"column":7}},{"start":{"line":243,"column":13},"end":{"line":284,"column":7}}]},"24":{"loc":{"start":{"line":172,"column":10},"end":{"line":172,"column":76}},"type":"binary-expr","locations":[{"start":{"line":172,"column":10},"end":{"line":172,"column":25}},{"start":{"line":172,"column":29},"end":{"line":172,"column":76}}]},"25":{"loc":{"start":{"line":178,"column":8},"end":{"line":242,"column":9}},"type":"if","locations":[{"start":{"line":178,"column":8},"end":{"line":242,"column":9}}]},"26":{"loc":{"start":{"line":178,"column":12},"end":{"line":178,"column":61}},"type":"binary-expr","locations":[{"start":{"line":178,"column":12},"end":{"line":178,"column":27}},{"start":{"line":178,"column":31},"end":{"line":178,"column":61}}]},"27":{"loc":{"start":{"line":181,"column":12},"end":{"line":181,"column":32}},"type":"if","locations":[{"start":{"line":181,"column":12},"end":{"line":181,"column":32}}]},"28":{"loc":{"start":{"line":185,"column":14},"end":{"line":185,"column":71}},"type":"binary-expr","locations":[{"start":{"line":185,"column":14},"end":{"line":185,"column":35}},{"start":{"line":185,"column":39},"end":{"line":185,"column":71}}]},"29":{"loc":{"start":{"line":186,"column":12},"end":{"line":240,"column":13}},"type":"if","locations":[{"start":{"line":186,"column":12},"end":{"line":240,"column":13}},{"start":{"line":213,"column":19},"end":{"line":240,"column":13}}]},"30":{"loc":{"start":{"line":188,"column":14},"end":{"line":212,"column":15}},"type":"if","locations":[{"start":{"line":188,"column":14},"end":{"line":212,"column":15}},{"start":{"line":190,"column":21},"end":{"line":212,"column":15}}]},"31":{"loc":{"start":{"line":199,"column":16},"end":{"line":206,"column":17}},"type":"if","locations":[{"start":{"line":199,"column":16},"end":{"line":206,"column":17}}]},"32":{"loc":{"start":{"line":215,"column":14},"end":{"line":239,"column":15}},"type":"if","locations":[{"start":{"line":215,"column":14},"end":{"line":239,"column":15}}]},"33":{"loc":{"start":{"line":215,"column":18},"end":{"line":215,"column":69}},"type":"binary-expr","locations":[{"start":{"line":215,"column":18},"end":{"line":215,"column":35}},{"start":{"line":215,"column":39},"end":{"line":215,"column":69}}]},"34":{"loc":{"start":{"line":224,"column":16},"end":{"line":233,"column":17}},"type":"if","locations":[{"start":{"line":224,"column":16},"end":{"line":233,"column":17}},{"start":{"line":231,"column":23},"end":{"line":233,"column":17}}]},"35":{"loc":{"start":{"line":227,"column":33},"end":{"line":227,"column":60}},"type":"binary-expr","locations":[{"start":{"line":227,"column":33},"end":{"line":227,"column":54}},{"start":{"line":227,"column":58},"end":{"line":227,"column":60}}]},"36":{"loc":{"start":{"line":231,"column":23},"end":{"line":233,"column":17}},"type":"if","locations":[{"start":{"line":231,"column":23},"end":{"line":233,"column":17}}]},"37":{"loc":{"start":{"line":245,"column":8},"end":{"line":258,"column":9}},"type":"if","locations":[{"start":{"line":245,"column":8},"end":{"line":258,"column":9}}]},"38":{"loc":{"start":{"line":245,"column":12},"end":{"line":245,"column":73}},"type":"binary-expr","locations":[{"start":{"line":245,"column":12},"end":{"line":245,"column":34}},{"start":{"line":245,"column":38},"end":{"line":245,"column":73}}]},"39":{"loc":{"start":{"line":261,"column":8},"end":{"line":283,"column":9}},"type":"if","locations":[{"start":{"line":261,"column":8},"end":{"line":283,"column":9}}]},"40":{"loc":{"start":{"line":261,"column":12},"end":{"line":261,"column":61}},"type":"binary-expr","locations":[{"start":{"line":261,"column":12},"end":{"line":261,"column":27}},{"start":{"line":261,"column":31},"end":{"line":261,"column":61}}]},"41":{"loc":{"start":{"line":263,"column":12},"end":{"line":263,"column":32}},"type":"if","locations":[{"start":{"line":263,"column":12},"end":{"line":263,"column":32}}]},"42":{"loc":{"start":{"line":265,"column":12},"end":{"line":281,"column":13}},"type":"if","locations":[{"start":{"line":265,"column":12},"end":{"line":281,"column":13}}]},"43":{"loc":{"start":{"line":265,"column":16},"end":{"line":265,"column":67}},"type":"binary-expr","locations":[{"start":{"line":265,"column":16},"end":{"line":265,"column":33}},{"start":{"line":265,"column":37},"end":{"line":265,"column":67}}]},"44":{"loc":{"start":{"line":273,"column":14},"end":{"line":275,"column":15}},"type":"if","locations":[{"start":{"line":273,"column":14},"end":{"line":275,"column":15}}]},"45":{"loc":{"start":{"line":287,"column":6},"end":{"line":292,"column":7}},"type":"if","locations":[{"start":{"line":287,"column":6},"end":{"line":292,"column":7}}]},"46":{"loc":{"start":{"line":287,"column":10},"end":{"line":287,"column":75}},"type":"binary-expr","locations":[{"start":{"line":287,"column":10},"end":{"line":287,"column":35}},{"start":{"line":287,"column":39},"end":{"line":287,"column":75}}]},"47":{"loc":{"start":{"line":314,"column":4},"end":{"line":317,"column":5}},"type":"if","locations":[{"start":{"line":314,"column":4},"end":{"line":317,"column":5}}]},"48":{"loc":{"start":{"line":320,"column":6},"end":{"line":330,"column":21}},"type":"cond-expr","locations":[{"start":{"line":321,"column":10},"end":{"line":329,"column":23}},{"start":{"line":330,"column":10},"end":{"line":330,"column":21}}]},"49":{"loc":{"start":{"line":320,"column":6},"end":{"line":320,"column":55}},"type":"binary-expr","locations":[{"start":{"line":320,"column":6},"end":{"line":320,"column":21}},{"start":{"line":320,"column":25},"end":{"line":320,"column":55}}]},"50":{"loc":{"start":{"line":325,"column":31},"end":{"line":325,"column":65}},"type":"cond-expr","locations":[{"start":{"line":325,"column":47},"end":{"line":325,"column":60}},{"start":{"line":325,"column":63},"end":{"line":325,"column":65}}]},"51":{"loc":{"start":{"line":326,"column":18},"end":{"line":326,"column":null}},"type":"binary-expr","locations":[{"start":{"line":326,"column":18},"end":{"line":326,"column":27}},{"start":{"line":326,"column":31},"end":{"line":326,"column":null}}]},"52":{"loc":{"start":{"line":334,"column":6},"end":{"line":334,"column":null}},"type":"binary-expr","locations":[{"start":{"line":334,"column":6},"end":{"line":334,"column":20}},{"start":{"line":334,"column":24},"end":{"line":334,"column":null}}]},"53":{"loc":{"start":{"line":337,"column":13},"end":{"line":337,"column":44}},"type":"binary-expr","locations":[{"start":{"line":337,"column":13},"end":{"line":337,"column":31}},{"start":{"line":337,"column":35},"end":{"line":337,"column":44}}]},"54":{"loc":{"start":{"line":343,"column":4},"end":{"line":396,"column":5}},"type":"if","locations":[{"start":{"line":343,"column":4},"end":{"line":396,"column":5}},{"start":{"line":372,"column":11},"end":{"line":396,"column":5}}]},"55":{"loc":{"start":{"line":353,"column":8},"end":{"line":364,"column":9}},"type":"if","locations":[{"start":{"line":353,"column":8},"end":{"line":364,"column":9}},{"start":{"line":358,"column":15},"end":{"line":364,"column":9}}]},"56":{"loc":{"start":{"line":353,"column":12},"end":{"line":353,"column":51}},"type":"binary-expr","locations":[{"start":{"line":353,"column":12},"end":{"line":353,"column":25}},{"start":{"line":353,"column":29},"end":{"line":353,"column":51}}]},"57":{"loc":{"start":{"line":355,"column":12},"end":{"line":356,"column":73}},"type":"binary-expr","locations":[{"start":{"line":355,"column":12},"end":{"line":355,"column":41}},{"start":{"line":356,"column":12},"end":{"line":356,"column":73}}]},"58":{"loc":{"start":{"line":374,"column":8},"end":{"line":376,"column":9}},"type":"if","locations":[{"start":{"line":374,"column":8},"end":{"line":376,"column":9}}]},"59":{"loc":{"start":{"line":386,"column":10},"end":{"line":387,"column":71}},"type":"binary-expr","locations":[{"start":{"line":386,"column":10},"end":{"line":386,"column":57}},{"start":{"line":387,"column":10},"end":{"line":387,"column":71}}]},"60":{"loc":{"start":{"line":407,"column":4},"end":{"line":410,"column":5}},"type":"if","locations":[{"start":{"line":407,"column":4},"end":{"line":410,"column":5}}]},"61":{"loc":{"start":{"line":412,"column":4},"end":{"line":415,"column":5}},"type":"if","locations":[{"start":{"line":412,"column":4},"end":{"line":415,"column":5}}]},"62":{"loc":{"start":{"line":417,"column":23},"end":{"line":417,"column":62}},"type":"cond-expr","locations":[{"start":{"line":417,"column":39},"end":{"line":417,"column":49}},{"start":{"line":417,"column":52},"end":{"line":417,"column":62}}]},"63":{"loc":{"start":{"line":418,"column":25},"end":{"line":420,"column":10}},"type":"cond-expr","locations":[{"start":{"line":419,"column":8},"end":{"line":419,"column":61}},{"start":{"line":420,"column":8},"end":{"line":420,"column":10}}]},"64":{"loc":{"start":{"line":424,"column":6},"end":{"line":424,"column":null}},"type":"binary-expr","locations":[{"start":{"line":424,"column":6},"end":{"line":424,"column":15}},{"start":{"line":424,"column":19},"end":{"line":424,"column":null}}]},"65":{"loc":{"start":{"line":425,"column":28},"end":{"line":425,"column":55}},"type":"binary-expr","locations":[{"start":{"line":425,"column":28},"end":{"line":425,"column":42}},{"start":{"line":425,"column":46},"end":{"line":425,"column":55}}]},"66":{"loc":{"start":{"line":426,"column":8},"end":{"line":426,"column":30}},"type":"binary-expr","locations":[{"start":{"line":426,"column":8},"end":{"line":426,"column":17}},{"start":{"line":426,"column":21},"end":{"line":426,"column":30}}]},"67":{"loc":{"start":{"line":429,"column":13},"end":{"line":429,"column":44}},"type":"binary-expr","locations":[{"start":{"line":429,"column":13},"end":{"line":429,"column":31}},{"start":{"line":429,"column":35},"end":{"line":429,"column":44}}]},"68":{"loc":{"start":{"line":435,"column":4},"end":{"line":488,"column":5}},"type":"if","locations":[{"start":{"line":435,"column":4},"end":{"line":488,"column":5}},{"start":{"line":464,"column":11},"end":{"line":488,"column":5}}]},"69":{"loc":{"start":{"line":445,"column":8},"end":{"line":456,"column":9}},"type":"if","locations":[{"start":{"line":445,"column":8},"end":{"line":456,"column":9}},{"start":{"line":450,"column":15},"end":{"line":456,"column":9}}]},"70":{"loc":{"start":{"line":445,"column":12},"end":{"line":445,"column":51}},"type":"binary-expr","locations":[{"start":{"line":445,"column":12},"end":{"line":445,"column":25}},{"start":{"line":445,"column":29},"end":{"line":445,"column":51}}]},"71":{"loc":{"start":{"line":447,"column":12},"end":{"line":448,"column":75}},"type":"binary-expr","locations":[{"start":{"line":447,"column":12},"end":{"line":447,"column":41}},{"start":{"line":448,"column":12},"end":{"line":448,"column":75}}]},"72":{"loc":{"start":{"line":466,"column":8},"end":{"line":468,"column":9}},"type":"if","locations":[{"start":{"line":466,"column":8},"end":{"line":468,"column":9}}]},"73":{"loc":{"start":{"line":478,"column":10},"end":{"line":479,"column":73}},"type":"binary-expr","locations":[{"start":{"line":478,"column":10},"end":{"line":478,"column":57}},{"start":{"line":479,"column":10},"end":{"line":479,"column":73}}]},"74":{"loc":{"start":{"line":502,"column":2},"end":{"line":502,"column":44}},"type":"default-arg","locations":[{"start":{"line":502,"column":42},"end":{"line":502,"column":44}}]}},"s":{"0":0,"1":0,"2":0,"3":0,"4":0,"5":0,"6":0,"7":0,"8":0,"9":0,"10":0,"11":0,"12":0,"13":0,"14":0,"15":0,"16":0,"17":0,"18":0,"19":0,"20":0,"21":0,"22":0,"23":0,"24":0,"25":0,"26":0,"27":0,"28":0,"29":0,"30":0,"31":0,"32":0,"33":0,"34":0,"35":0,"36":0,"37":0,"38":0,"39":0,"40":0,"41":0,"42":0,"43":0,"44":0,"45":0,"46":0,"47":0,"48":0,"49":0,"50":0,"51":0,"52":0,"53":0,"54":0,"55":0,"56":0,"57":0,"58":0,"59":0,"60":0,"61":0,"62":0,"63":0,"64":0,"65":0,"66":0,"67":0,"68":0,"69":0,"70":0,"71":0,"72":0,"73":0,"74":0,"75":0,"76":0,"77":0,"78":0,"79":0,"80":0,"81":0,"82":0,"83":0,"84":0,"85":0,"86":0,"87":0,"88":0,"89":0,"90":0,"91":0,"92":0,"93":0,"94":0,"95":0,"96":0,"97":0,"98":0,"99":0,"100":0,"101":0,"102":0,"103":0,"104":0,"105":0,"106":0,"107":0,"108":0,"109":0,"110":0,"111":0,"112":0,"113":0,"114":0,"115":0,"116":0,"117":0,"118":0,"119":0,"120":0,"121":0,"122":0,"123":0,"124":0,"125":0,"126":0,"127":0,"128":0,"129":0,"130":0,"131":0,"132":0,"133":0,"134":0,"135":0,"136":0,"137":0,"138":0,"139":0,"140":0,"141":0,"142":0,"143":0,"144":0,"145":0,"146":0,"147":0,"148":0,"149":0,"150":0,"151":0,"152":0,"153":0,"154":0},"f":{"0":0,"1":0,"2":0,"3":0,"4":0,"5":0,"6":0,"7":0,"8":0,"9":0,"10":0,"11":0},"b":{"0":[0,0],"1":[0,0],"2":[0,0],"3":[0,0],"4":[0,0],"5":[0,0],"6":[0],"7":[0,0],"8":[0,0],"9":[0,0],"10":[0,0],"11":[0,0],"12":[0,0],"13":[0],"14":[0,0],"15":[0,0],"16":[0,0],"17":[0],"18":[0,0],"19":[0,0],"20":[0,0],"21":[0,0],"22":[0],"23":[0,0],"24":[0,0],"25":[0],"26":[0,0],"27":[0],"28":[0,0],"29":[0,0],"30":[0,0],"31":[0],"32":[0],"33":[0,0],"34":[0,0],"35":[0,0],"36":[0],"37":[0],"38":[0,0],"39":[0],"40":[0,0],"41":[0],"42":[0],"43":[0,0],"44":[0],"45":[0],"46":[0,0],"47":[0],"48":[0,0],"49":[0,0],"50":[0,0],"51":[0,0],"52":[0,0],"53":[0,0],"54":[0,0],"55":[0,0],"56":[0,0],"57":[0,0],"58":[0],"59":[0,0],"60":[0],"61":[0],"62":[0,0],"63":[0,0],"64":[0,0],"65":[0,0],"66":[0,0],"67":[0,0],"68":[0,0],"69":[0,0],"70":[0,0],"71":[0,0],"72":[0],"73":[0,0],"74":[0]}}
,"/Users/zachrizzo/Desktop/programming/auto_code_docs_react_ai/src/ai/chat/chat-service.ts": {"path":"/Users/zachrizzo/Desktop/programming/auto_code_docs_react_ai/src/ai/chat/chat-service.ts","statementMap":{"0":{"start":{"line":1,"column":0},"end":{"line":1,"column":32}},"1":{"start":{"line":2,"column":0},"end":{"line":2,"column":87}},"2":{"start":{"line":4,"column":0},"end":{"line":4,"column":26}},"3":{"start":{"line":15,"column":10},"end":{"line":15,"column":39}},"4":{"start":{"line":17,"column":10},"end":{"line":17,"column":49}},"5":{"start":{"line":19,"column":10},"end":{"line":19,"column":81}},"6":{"start":{"line":20,"column":10},"end":{"line":20,"column":86}},"7":{"start":{"line":21,"column":10},"end":{"line":21,"column":105}},"8":{"start":{"line":32,"column":4},"end":{"line":32,"column":33}},"9":{"start":{"line":36,"column":6},"end":{"line":38,"column":39}},"10":{"start":{"line":40,"column":4},"end":{"line":40,"column":32}},"11":{"start":{"line":43,"column":4},"end":{"line":48,"column":7}},"12":{"start":{"line":51,"column":4},"end":{"line":51,"column":93}},"13":{"start":{"line":52,"column":4},"end":{"line":52,"column":100}},"14":{"start":{"line":53,"column":4},"end":{"line":53,"column":128}},"15":{"start":{"line":54,"column":4},"end":{"line":54,"column":80}},"16":{"start":{"line":55,"column":4},"end":{"line":55,"column":82}},"17":{"start":{"line":58,"column":4},"end":{"line":66,"column":5}},"18":{"start":{"line":59,"column":6},"end":{"line":61,"column":7}},"19":{"start":{"line":60,"column":8},"end":{"line":60,"column":65}},"20":{"start":{"line":62,"column":6},"end":{"line":64,"column":9}},"21":{"start":{"line":65,"column":6},"end":{"line":65,"column":60}},"22":{"start":{"line":70,"column":4},"end":{"line":82,"column":5}},"23":{"start":{"line":72,"column":6},"end":{"line":81,"column":14}},"24":{"start":{"line":73,"column":31},"end":{"line":73,"column":72}},"25":{"start":{"line":74,"column":25},"end":{"line":74,"column":51}},"26":{"start":{"line":75,"column":8},"end":{"line":80,"column":9}},"27":{"start":{"line":76,"column":10},"end":{"line":76,"column":113}},"28":{"start":{"line":77,"column":10},"end":{"line":77,"column":42}},"29":{"start":{"line":79,"column":10},"end":{"line":79,"column":110}},"30":{"start":{"line":90,"column":27},"end":{"line":90,"column":68}},"31":{"start":{"line":91,"column":21},"end":{"line":91,"column":47}},"32":{"start":{"line":93,"column":4},"end":{"line":96,"column":5}},"33":{"start":{"line":94,"column":6},"end":{"line":94,"column":48}},"34":{"start":{"line":95,"column":6},"end":{"line":95,"column":19}},"35":{"start":{"line":98,"column":23},"end":{"line":98,"column":24}},"36":{"start":{"line":99,"column":25},"end":{"line":99,"column":26}},"37":{"start":{"line":101,"column":4},"end":{"line":108,"column":5}},"38":{"start":{"line":102,"column":6},"end":{"line":107,"column":7}},"39":{"start":{"line":103,"column":8},"end":{"line":103,"column":23}},"40":{"start":{"line":105,"column":8},"end":{"line":105,"column":25}},"41":{"start":{"line":106,"column":8},"end":{"line":106,"column":82}},"42":{"start":{"line":110,"column":4},"end":{"line":110,"column":130}},"43":{"start":{"line":111,"column":4},"end":{"line":111,"column":32}},"44":{"start":{"line":120,"column":4},"end":{"line":120,"column":45}},"45":{"start":{"line":121,"column":4},"end":{"line":121,"column":90}},"46":{"start":{"line":122,"column":4},"end":{"line":122,"column":73}},"47":{"start":{"line":124,"column":44},"end":{"line":124,"column":45}},"48":{"start":{"line":125,"column":45},"end":{"line":125,"column":46}},"49":{"start":{"line":126,"column":27},"end":{"line":126,"column":28}},"50":{"start":{"line":129,"column":4},"end":{"line":163,"column":5}},"51":{"start":{"line":130,"column":6},"end":{"line":132,"column":7}},"52":{"start":{"line":131,"column":8},"end":{"line":131,"column":100}},"53":{"start":{"line":133,"column":6},"end":{"line":162,"column":7}},"54":{"start":{"line":134,"column":8},"end":{"line":137,"column":9}},"55":{"start":{"line":135,"column":10},"end":{"line":135,"column":58}},"56":{"start":{"line":136,"column":10},"end":{"line":136,"column":19}},"57":{"start":{"line":141,"column":8},"end":{"line":141,"column":74}},"58":{"start":{"line":142,"column":8},"end":{"line":142,"column":71}},"59":{"start":{"line":143,"column":8},"end":{"line":143,"column":44}},"60":{"start":{"line":146,"column":8},"end":{"line":158,"column":9}},"61":{"start":{"line":147,"column":10},"end":{"line":147,"column":115}},"62":{"start":{"line":148,"column":10},"end":{"line":148,"column":55}},"63":{"start":{"line":150,"column":10},"end":{"line":154,"column":12}},"64":{"start":{"line":155,"column":10},"end":{"line":155,"column":47}},"65":{"start":{"line":157,"column":10},"end":{"line":157,"column":80}},"66":{"start":{"line":161,"column":8},"end":{"line":161,"column":78}},"67":{"start":{"line":165,"column":27},"end":{"line":165,"column":68}},"68":{"start":{"line":166,"column":21},"end":{"line":166,"column":47}},"69":{"start":{"line":168,"column":4},"end":{"line":168,"column":60}},"70":{"start":{"line":169,"column":4},"end":{"line":169,"column":116}},"71":{"start":{"line":170,"column":4},"end":{"line":170,"column":131}},"72":{"start":{"line":171,"column":4},"end":{"line":171,"column":65}},"73":{"start":{"line":172,"column":4},"end":{"line":172,"column":73}},"74":{"start":{"line":175,"column":4},"end":{"line":179,"column":5}},"75":{"start":{"line":176,"column":6},"end":{"line":176,"column":104}},"76":{"start":{"line":177,"column":6},"end":{"line":177,"column":99}},"77":{"start":{"line":178,"column":6},"end":{"line":178,"column":85}},"78":{"start":{"line":193,"column":4},"end":{"line":226,"column":5}},"79":{"start":{"line":194,"column":6},"end":{"line":194,"column":106}},"80":{"start":{"line":196,"column":23},"end":{"line":201,"column":8}},"81":{"start":{"line":203,"column":6},"end":{"line":212,"column":7}},"82":{"start":{"line":204,"column":8},"end":{"line":204,"column":106}},"83":{"start":{"line":205,"column":8},"end":{"line":205,"column":39}},"84":{"start":{"line":207,"column":8},"end":{"line":210,"column":10}},"85":{"start":{"line":211,"column":8},"end":{"line":211,"column":38}},"86":{"start":{"line":214,"column":6},"end":{"line":214,"column":93}},"87":{"start":{"line":217,"column":6},"end":{"line":223,"column":7}},"88":{"start":{"line":218,"column":28},"end":{"line":218,"column":92}},"89":{"start":{"line":219,"column":8},"end":{"line":219,"column":110}},"90":{"start":{"line":219,"column":101},"end":{"line":219,"column":107}},"91":{"start":{"line":220,"column":8},"end":{"line":220,"column":137}},"92":{"start":{"line":222,"column":8},"end":{"line":222,"column":91}},"93":{"start":{"line":225,"column":6},"end":{"line":225,"column":36}},"94":{"start":{"line":240,"column":4},"end":{"line":240,"column":49}},"95":{"start":{"line":241,"column":4},"end":{"line":241,"column":37}},"96":{"start":{"line":244,"column":27},"end":{"line":244,"column":67}},"97":{"start":{"line":245,"column":4},"end":{"line":245,"column":83}},"98":{"start":{"line":248,"column":4},"end":{"line":251,"column":5}},"99":{"start":{"line":248,"column":36},"end":{"line":248,"column":45}},"100":{"start":{"line":249,"column":6},"end":{"line":249,"column":96}},"101":{"start":{"line":250,"column":6},"end":{"line":250,"column":16}},"102":{"start":{"line":253,"column":44},"end":{"line":253,"column":46}},"103":{"start":{"line":256,"column":27},"end":{"line":256,"column":68}},"104":{"start":{"line":257,"column":21},"end":{"line":257,"column":47}},"105":{"start":{"line":258,"column":4},"end":{"line":258,"column":71}},"106":{"start":{"line":260,"column":4},"end":{"line":263,"column":5}},"107":{"start":{"line":261,"column":6},"end":{"line":261,"column":95}},"108":{"start":{"line":262,"column":6},"end":{"line":262,"column":16}},"109":{"start":{"line":266,"column":4},"end":{"line":275,"column":5}},"110":{"start":{"line":267,"column":26},"end":{"line":267,"column":37}},"111":{"start":{"line":268,"column":6},"end":{"line":274,"column":9}},"112":{"start":{"line":278,"column":21},"end":{"line":278,"column":22}},"113":{"start":{"line":279,"column":25},"end":{"line":279,"column":26}},"114":{"start":{"line":280,"column":47},"end":{"line":280,"column":49}},"115":{"start":{"line":282,"column":4},"end":{"line":317,"column":5}},"116":{"start":{"line":283,"column":6},"end":{"line":283,"column":23}},"117":{"start":{"line":285,"column":6},"end":{"line":288,"column":7}},"118":{"start":{"line":286,"column":8},"end":{"line":286,"column":122}},"119":{"start":{"line":287,"column":8},"end":{"line":287,"column":17}},"120":{"start":{"line":291,"column":6},"end":{"line":294,"column":7}},"121":{"start":{"line":292,"column":8},"end":{"line":292,"column":137}},"122":{"start":{"line":293,"column":8},"end":{"line":293,"column":17}},"123":{"start":{"line":296,"column":25},"end":{"line":298,"column":null}},"124":{"start":{"line":302,"column":6},"end":{"line":304,"column":7}},"125":{"start":{"line":303,"column":8},"end":{"line":303,"column":105}},"126":{"start":{"line":307,"column":6},"end":{"line":316,"column":7}},"127":{"start":{"line":308,"column":8},"end":{"line":308,"column":21}},"128":{"start":{"line":309,"column":8},"end":{"line":315,"column":11}},"129":{"start":{"line":319,"column":4},"end":{"line":319,"column":106}},"130":{"start":{"line":322,"column":26},"end":{"line":322,"column":89}},"131":{"start":{"line":322,"column":49},"end":{"line":322,"column":76}},"132":{"start":{"line":324,"column":4},"end":{"line":334,"column":5}},"133":{"start":{"line":325,"column":6},"end":{"line":325,"column":58}},"134":{"start":{"line":326,"column":6},"end":{"line":328,"column":9}},"135":{"start":{"line":327,"column":8},"end":{"line":327,"column":125}},"136":{"start":{"line":330,"column":6},"end":{"line":330,"column":90}},"137":{"start":{"line":331,"column":6},"end":{"line":331,"column":93}},"138":{"start":{"line":332,"column":6},"end":{"line":332,"column":63}},"139":{"start":{"line":333,"column":6},"end":{"line":333,"column":81}},"140":{"start":{"line":336,"column":4},"end":{"line":336,"column":47}},"141":{"start":{"line":337,"column":4},"end":{"line":337,"column":25}},"142":{"start":{"line":348,"column":4},"end":{"line":351,"column":5}},"143":{"start":{"line":350,"column":6},"end":{"line":350,"column":15}},"144":{"start":{"line":353,"column":21},"end":{"line":353,"column":22}},"145":{"start":{"line":354,"column":16},"end":{"line":354,"column":17}},"146":{"start":{"line":355,"column":16},"end":{"line":355,"column":17}},"147":{"start":{"line":357,"column":4},"end":{"line":361,"column":5}},"148":{"start":{"line":357,"column":17},"end":{"line":357,"column":18}},"149":{"start":{"line":358,"column":6},"end":{"line":358,"column":38}},"150":{"start":{"line":359,"column":6},"end":{"line":359,"column":33}},"151":{"start":{"line":360,"column":6},"end":{"line":360,"column":33}},"152":{"start":{"line":363,"column":4},"end":{"line":365,"column":5}},"153":{"start":{"line":364,"column":6},"end":{"line":364,"column":15}},"154":{"start":{"line":367,"column":23},"end":{"line":367,"column":73}},"155":{"start":{"line":368,"column":4},"end":{"line":368,"column":22}},"156":{"start":{"line":378,"column":4},"end":{"line":380,"column":5}},"157":{"start":{"line":379,"column":6},"end":{"line":379,"column":55}},"158":{"start":{"line":382,"column":4},"end":{"line":398,"column":5}},"159":{"start":{"line":383,"column":23},"end":{"line":388,"column":8}},"160":{"start":{"line":390,"column":6},"end":{"line":390,"column":78}},"161":{"start":{"line":392,"column":6},"end":{"line":392,"column":61}},"162":{"start":{"line":393,"column":6},"end":{"line":396,"column":7}},"163":{"start":{"line":394,"column":8},"end":{"line":394,"column":72}},"164":{"start":{"line":395,"column":8},"end":{"line":395,"column":119}},"165":{"start":{"line":397,"column":6},"end":{"line":397,"column":81}},"166":{"start":{"line":408,"column":4},"end":{"line":423,"column":5}},"167":{"start":{"line":411,"column":6},"end":{"line":411,"column":69}},"168":{"start":{"line":412,"column":6},"end":{"line":412,"column":49}},"169":{"start":{"line":413,"column":6},"end":{"line":413,"column":18}},"170":{"start":{"line":415,"column":25},"end":{"line":415,"column":86}},"171":{"start":{"line":416,"column":6},"end":{"line":420,"column":7}},"172":{"start":{"line":417,"column":8},"end":{"line":417,"column":86}},"173":{"start":{"line":418,"column":13},"end":{"line":420,"column":7}},"174":{"start":{"line":419,"column":8},"end":{"line":419,"column":37}},"175":{"start":{"line":421,"column":6},"end":{"line":421,"column":86}},"176":{"start":{"line":422,"column":6},"end":{"line":422,"column":19}},"177":{"start":{"line":427,"column":4},"end":{"line":487,"column":3}},"178":{"start":{"line":429,"column":26},"end":{"line":429,"column":62}},"179":{"start":{"line":430,"column":6},"end":{"line":432,"column":7}},"180":{"start":{"line":431,"column":8},"end":{"line":431,"column":134}},"181":{"start":{"line":435,"column":6},"end":{"line":435,"column":75}},"182":{"start":{"line":437,"column":6},"end":{"line":439,"column":7}},"183":{"start":{"line":438,"column":10},"end":{"line":438,"column":151}},"184":{"start":{"line":441,"column":23},"end":{"line":445,"column":28}},"185":{"start":{"line":447,"column":6},"end":{"line":452,"column":7}},"186":{"start":{"line":448,"column":8},"end":{"line":448,"column":45}},"187":{"start":{"line":450,"column":8},"end":{"line":450,"column":80}},"188":{"start":{"line":451,"column":8},"end":{"line":451,"column":78}},"189":{"start":{"line":455,"column":4},"end":{"line":485,"column":5}},"190":{"start":{"line":456,"column":6},"end":{"line":456,"column":89}},"191":{"start":{"line":457,"column":6},"end":{"line":459,"column":7}},"192":{"start":{"line":458,"column":10},"end":{"line":458,"column":121}},"193":{"start":{"line":460,"column":6},"end":{"line":462,"column":7}},"194":{"start":{"line":461,"column":8},"end":{"line":461,"column":135}},"195":{"start":{"line":463,"column":6},"end":{"line":480,"column":7}},"196":{"start":{"line":464,"column":10},"end":{"line":464,"column":102}},"197":{"start":{"line":465,"column":10},"end":{"line":465,"column":96}},"198":{"start":{"line":466,"column":30},"end":{"line":466,"column":45}},"199":{"start":{"line":467,"column":10},"end":{"line":475,"column":11}},"200":{"start":{"line":468,"column":12},"end":{"line":468,"column":54}},"201":{"start":{"line":469,"column":12},"end":{"line":471,"column":13}},"202":{"start":{"line":470,"column":14},"end":{"line":470,"column":166}},"203":{"start":{"line":472,"column":13},"end":{"line":474,"column":13}},"204":{"start":{"line":473,"column":14},"end":{"line":473,"column":165}},"205":{"start":{"line":476,"column":10},"end":{"line":476,"column":83}},"206":{"start":{"line":477,"column":13},"end":{"line":480,"column":7}},"207":{"start":{"line":478,"column":8},"end":{"line":478,"column":100}},"208":{"start":{"line":479,"column":8},"end":{"line":479,"column":130}},"209":{"start":{"line":481,"column":11},"end":{"line":485,"column":5}},"210":{"start":{"line":482,"column":6},"end":{"line":482,"column":87}},"211":{"start":{"line":484,"column":6},"end":{"line":484,"column":71}},"212":{"start":{"line":486,"column":4},"end":{"line":486,"column":137}},"213":{"start":{"line":507,"column":4},"end":{"line":507,"column":54}},"214":{"start":{"line":508,"column":4},"end":{"line":508,"column":37}},"215":{"start":{"line":511,"column":27},"end":{"line":511,"column":68}},"216":{"start":{"line":512,"column":21},"end":{"line":512,"column":47}},"217":{"start":{"line":513,"column":4},"end":{"line":513,"column":80}},"218":{"start":{"line":516,"column":4},"end":{"line":520,"column":5}},"219":{"start":{"line":517,"column":6},"end":{"line":517,"column":65}},"220":{"start":{"line":518,"column":6},"end":{"line":518,"column":44}},"221":{"start":{"line":519,"column":6},"end":{"line":519,"column":51}},"222":{"start":{"line":524,"column":27},"end":{"line":530,"column":99}},"223":{"start":{"line":533,"column":21},"end":{"line":533,"column":23}},"224":{"start":{"line":534,"column":30},"end":{"line":534,"column":115}},"225":{"start":{"line":536,"column":4},"end":{"line":547,"column":5}},"226":{"start":{"line":537,"column":6},"end":{"line":537,"column":54}},"227":{"start":{"line":538,"column":6},"end":{"line":538,"column":68}},"228":{"start":{"line":539,"column":11},"end":{"line":547,"column":5}},"229":{"start":{"line":541,"column":8},"end":{"line":541,"column":39}},"230":{"start":{"line":542,"column":8},"end":{"line":542,"column":92}},"231":{"start":{"line":543,"column":11},"end":{"line":547,"column":5}},"232":{"start":{"line":545,"column":8},"end":{"line":545,"column":33}},"233":{"start":{"line":546,"column":8},"end":{"line":546,"column":85}},"234":{"start":{"line":549,"column":4},"end":{"line":549,"column":62}},"235":{"start":{"line":550,"column":26},"end":{"line":550,"column":58}},"236":{"start":{"line":551,"column":4},"end":{"line":551,"column":80}},"237":{"start":{"line":554,"column":47},"end":{"line":554,"column":49}},"238":{"start":{"line":557,"column":4},"end":{"line":744,"column":5}},"239":{"start":{"line":558,"column":6},"end":{"line":558,"column":97}},"240":{"start":{"line":561,"column":58},"end":{"line":712,"column":8}},"241":{"start":{"line":713,"column":6},"end":{"line":713,"column":47}},"242":{"start":{"line":714,"column":6},"end":{"line":714,"column":77}},"243":{"start":{"line":715,"column":11},"end":{"line":744,"column":5}},"244":{"start":{"line":716,"column":6},"end":{"line":716,"column":96}},"245":{"start":{"line":717,"column":52},"end":{"line":723,"column":8}},"246":{"start":{"line":724,"column":6},"end":{"line":724,"column":41}},"247":{"start":{"line":725,"column":6},"end":{"line":725,"column":71}},"248":{"start":{"line":726,"column":11},"end":{"line":744,"column":5}},"249":{"start":{"line":728,"column":6},"end":{"line":728,"column":87}},"250":{"start":{"line":729,"column":6},"end":{"line":742,"column":9}},"251":{"start":{"line":730,"column":25},"end":{"line":730,"column":59}},"252":{"start":{"line":731,"column":25},"end":{"line":731,"column":56}},"253":{"start":{"line":733,"column":8},"end":{"line":741,"column":9}},"254":{"start":{"line":735,"column":10},"end":{"line":740,"column":11}},"255":{"start":{"line":735,"column":39},"end":{"line":735,"column":151}},"256":{"start":{"line":736,"column":13},"end":{"line":739,"column":16}},"257":{"start":{"line":743,"column":6},"end":{"line":743,"column":101}},"258":{"start":{"line":747,"column":31},"end":{"line":747,"column":70}},"259":{"start":{"line":748,"column":4},"end":{"line":748,"column":110}},"260":{"start":{"line":748,"column":31},"end":{"line":748,"column":108}},"261":{"start":{"line":749,"column":4},"end":{"line":749,"column":109}},"262":{"start":{"line":749,"column":30},"end":{"line":749,"column":107}},"263":{"start":{"line":751,"column":28},"end":{"line":751,"column":67}},"264":{"start":{"line":753,"column":4},"end":{"line":753,"column":64}},"265":{"start":{"line":753,"column":35},"end":{"line":753,"column":62}},"266":{"start":{"line":755,"column":4},"end":{"line":755,"column":78}},"267":{"start":{"line":758,"column":22},"end":{"line":760,"column":154}},"268":{"start":{"line":762,"column":4},"end":{"line":775,"column":5}},"269":{"start":{"line":763,"column":6},"end":{"line":763,"column":46}},"270":{"start":{"line":765,"column":6},"end":{"line":772,"column":9}},"271":{"start":{"line":766,"column":8},"end":{"line":766,"column":206}},"272":{"start":{"line":767,"column":26},"end":{"line":767,"column":43}},"273":{"start":{"line":768,"column":8},"end":{"line":770,"column":9}},"274":{"start":{"line":769,"column":10},"end":{"line":769,"column":75}},"275":{"start":{"line":771,"column":8},"end":{"line":771,"column":42}},"276":{"start":{"line":774,"column":6},"end":{"line":774,"column":197}},"277":{"start":{"line":777,"column":4},"end":{"line":777,"column":70}},"278":{"start":{"line":782,"column":36},"end":{"line":786,"column":6}},"279":{"start":{"line":789,"column":4},"end":{"line":795,"column":5}},"280":{"start":{"line":790,"column":6},"end":{"line":790,"column":63}},"281":{"start":{"line":791,"column":6},"end":{"line":791,"column":56}},"282":{"start":{"line":793,"column":6},"end":{"line":793,"column":63}},"283":{"start":{"line":794,"column":6},"end":{"line":794,"column":56}},"284":{"start":{"line":797,"column":4},"end":{"line":797,"column":47}},"285":{"start":{"line":798,"column":4},"end":{"line":798,"column":49}},"286":{"start":{"line":801,"column":4},"end":{"line":801,"column":69}},"287":{"start":{"line":14,"column":0},"end":{"line":14,"column":13}}},"fnMap":{"0":{"name":"(anonymous_1)","decl":{"start":{"line":31,"column":2},"end":{"line":31,"column":14}},"loc":{"start":{"line":31,"column":76},"end":{"line":83,"column":3}}},"1":{"name":"(anonymous_2)","decl":{"start":{"line":72,"column":17},"end":{"line":72,"column":20}},"loc":{"start":{"line":72,"column":22},"end":{"line":81,"column":7}}},"2":{"name":"(anonymous_3)","decl":{"start":{"line":89,"column":9},"end":{"line":89,"column":29}},"loc":{"start":{"line":89,"column":29},"end":{"line":112,"column":3}}},"3":{"name":"(anonymous_4)","decl":{"start":{"line":119,"column":10},"end":{"line":119,"column":15}},"loc":{"start":{"line":119,"column":40},"end":{"line":180,"column":3}}},"4":{"name":"(anonymous_5)","decl":{"start":{"line":191,"column":10},"end":{"line":191,"column":15}},"loc":{"start":{"line":191,"column":52},"end":{"line":227,"column":3}}},"5":{"name":"(anonymous_6)","decl":{"start":{"line":219,"column":89},"end":{"line":219,"column":90}},"loc":{"start":{"line":219,"column":101},"end":{"line":219,"column":107}}},"6":{"name":"(anonymous_7)","decl":{"start":{"line":239,"column":2},"end":{"line":239,"column":7}},"loc":{"start":{"line":239,"column":36},"end":{"line":338,"column":3}}},"7":{"name":"(anonymous_8)","decl":{"start":{"line":248,"column":29},"end":{"line":248,"column":32}},"loc":{"start":{"line":248,"column":36},"end":{"line":248,"column":45}}},"8":{"name":"(anonymous_9)","decl":{"start":{"line":322,"column":39},"end":{"line":322,"column":40}},"loc":{"start":{"line":322,"column":49},"end":{"line":322,"column":76}}},"9":{"name":"(anonymous_10)","decl":{"start":{"line":326,"column":28},"end":{"line":326,"column":29}},"loc":{"start":{"line":326,"column":44},"end":{"line":328,"column":7}}},"10":{"name":"(anonymous_11)","decl":{"start":{"line":347,"column":10},"end":{"line":347,"column":35}},"loc":{"start":{"line":347,"column":66},"end":{"line":369,"column":3}}},"11":{"name":"(anonymous_12)","decl":{"start":{"line":377,"column":10},"end":{"line":377,"column":15}},"loc":{"start":{"line":377,"column":57},"end":{"line":399,"column":3}}},"12":{"name":"(anonymous_13)","decl":{"start":{"line":407,"column":10},"end":{"line":407,"column":15}},"loc":{"start":{"line":407,"column":39},"end":{"line":424,"column":3}}},"13":{"name":"(anonymous_14)","decl":{"start":{"line":426,"column":10},"end":{"line":426,"column":15}},"loc":{"start":{"line":426,"column":57},"end":{"line":488,"column":3}}},"14":{"name":"(anonymous_15)","decl":{"start":{"line":503,"column":2},"end":{"line":503,"column":7}},"loc":{"start":{"line":505,"column":17},"end":{"line":802,"column":3}}},"15":{"name":"(anonymous_16)","decl":{"start":{"line":729,"column":23},"end":{"line":729,"column":24}},"loc":{"start":{"line":729,"column":38},"end":{"line":742,"column":7}}},"16":{"name":"(anonymous_17)","decl":{"start":{"line":735,"column":33},"end":{"line":735,"column":35}},"loc":{"start":{"line":735,"column":39},"end":{"line":735,"column":151}}},"17":{"name":"(anonymous_18)","decl":{"start":{"line":748,"column":26},"end":{"line":748,"column":27}},"loc":{"start":{"line":748,"column":31},"end":{"line":748,"column":108}}},"18":{"name":"(anonymous_19)","decl":{"start":{"line":749,"column":25},"end":{"line":749,"column":26}},"loc":{"start":{"line":749,"column":30},"end":{"line":749,"column":107}}},"19":{"name":"(anonymous_20)","decl":{"start":{"line":753,"column":25},"end":{"line":753,"column":26}},"loc":{"start":{"line":753,"column":35},"end":{"line":753,"column":62}}},"20":{"name":"(anonymous_21)","decl":{"start":{"line":765,"column":43},"end":{"line":765,"column":44}},"loc":{"start":{"line":765,"column":61},"end":{"line":772,"column":7}}}},"branchMap":{"0":{"loc":{"start":{"line":19,"column":30},"end":{"line":19,"column":80}},"type":"binary-expr","locations":[{"start":{"line":19,"column":30},"end":{"line":19,"column":52}},{"start":{"line":19,"column":56},"end":{"line":19,"column":80}}]},"1":{"loc":{"start":{"line":20,"column":32},"end":{"line":20,"column":85}},"type":"binary-expr","locations":[{"start":{"line":20,"column":32},"end":{"line":20,"column":56}},{"start":{"line":20,"column":60},"end":{"line":20,"column":85}}]},"2":{"loc":{"start":{"line":21,"column":41},"end":{"line":21,"column":104}},"type":"binary-expr","locations":[{"start":{"line":21,"column":41},"end":{"line":21,"column":75}},{"start":{"line":21,"column":79},"end":{"line":21,"column":104}}]},"3":{"loc":{"start":{"line":36,"column":6},"end":{"line":38,"column":39}},"type":"cond-expr","locations":[{"start":{"line":37,"column":10},"end":{"line":37,"column":27}},{"start":{"line":38,"column":10},"end":{"line":38,"column":39}}]},"4":{"loc":{"start":{"line":38,"column":12},"end":{"line":38,"column":38}},"type":"binary-expr","locations":[{"start":{"line":38,"column":12},"end":{"line":38,"column":29}},{"start":{"line":38,"column":33},"end":{"line":38,"column":38}}]},"5":{"loc":{"start":{"line":51,"column":21},"end":{"line":51,"column":92}},"type":"binary-expr","locations":[{"start":{"line":51,"column":21},"end":{"line":51,"column":38}},{"start":{"line":51,"column":42},"end":{"line":51,"column":64}},{"start":{"line":51,"column":68},"end":{"line":51,"column":92}}]},"6":{"loc":{"start":{"line":52,"column":23},"end":{"line":52,"column":99}},"type":"binary-expr","locations":[{"start":{"line":52,"column":23},"end":{"line":52,"column":42}},{"start":{"line":52,"column":46},"end":{"line":52,"column":70}},{"start":{"line":52,"column":74},"end":{"line":52,"column":99}}]},"7":{"loc":{"start":{"line":53,"column":32},"end":{"line":53,"column":127}},"type":"binary-expr","locations":[{"start":{"line":53,"column":32},"end":{"line":53,"column":60}},{"start":{"line":53,"column":64},"end":{"line":53,"column":98}},{"start":{"line":53,"column":102},"end":{"line":53,"column":127}}]},"8":{"loc":{"start":{"line":54,"column":21},"end":{"line":54,"column":79}},"type":"binary-expr","locations":[{"start":{"line":54,"column":21},"end":{"line":54,"column":38}},{"start":{"line":54,"column":42},"end":{"line":54,"column":64}},{"start":{"line":54,"column":68},"end":{"line":54,"column":79}}]},"9":{"loc":{"start":{"line":58,"column":4},"end":{"line":66,"column":5}},"type":"if","locations":[{"start":{"line":58,"column":4},"end":{"line":66,"column":5}}]},"10":{"loc":{"start":{"line":59,"column":6},"end":{"line":61,"column":7}},"type":"if","locations":[{"start":{"line":59,"column":6},"end":{"line":61,"column":7}}]},"11":{"loc":{"start":{"line":65,"column":23},"end":{"line":65,"column":59}},"type":"binary-expr","locations":[{"start":{"line":65,"column":23},"end":{"line":65,"column":40}},{"start":{"line":65,"column":44},"end":{"line":65,"column":59}}]},"12":{"loc":{"start":{"line":70,"column":4},"end":{"line":82,"column":5}},"type":"if","locations":[{"start":{"line":70,"column":4},"end":{"line":82,"column":5}}]},"13":{"loc":{"start":{"line":75,"column":8},"end":{"line":80,"column":9}},"type":"if","locations":[{"start":{"line":75,"column":8},"end":{"line":80,"column":9}},{"start":{"line":78,"column":15},"end":{"line":80,"column":9}}]},"14":{"loc":{"start":{"line":75,"column":12},"end":{"line":75,"column":41}},"type":"binary-expr","locations":[{"start":{"line":75,"column":12},"end":{"line":75,"column":16}},{"start":{"line":75,"column":20},"end":{"line":75,"column":41}}]},"15":{"loc":{"start":{"line":93,"column":4},"end":{"line":96,"column":5}},"type":"if","locations":[{"start":{"line":93,"column":4},"end":{"line":96,"column":5}}]},"16":{"loc":{"start":{"line":102,"column":6},"end":{"line":107,"column":7}},"type":"if","locations":[{"start":{"line":102,"column":6},"end":{"line":107,"column":7}},{"start":{"line":104,"column":13},"end":{"line":107,"column":7}}]},"17":{"loc":{"start":{"line":102,"column":10},"end":{"line":102,"column":86}},"type":"binary-expr","locations":[{"start":{"line":102,"column":10},"end":{"line":102,"column":22}},{"start":{"line":102,"column":26},"end":{"line":102,"column":49}},{"start":{"line":102,"column":53},"end":{"line":102,"column":72}},{"start":{"line":102,"column":76},"end":{"line":102,"column":86}}]},"18":{"loc":{"start":{"line":130,"column":6},"end":{"line":132,"column":7}},"type":"if","locations":[{"start":{"line":130,"column":6},"end":{"line":132,"column":7}}]},"19":{"loc":{"start":{"line":130,"column":10},"end":{"line":130,"column":85}},"type":"binary-expr","locations":[{"start":{"line":130,"column":10},"end":{"line":130,"column":28}},{"start":{"line":130,"column":32},"end":{"line":130,"column":85}}]},"20":{"loc":{"start":{"line":134,"column":8},"end":{"line":137,"column":9}},"type":"if","locations":[{"start":{"line":134,"column":8},"end":{"line":137,"column":9}}]},"21":{"loc":{"start":{"line":146,"column":8},"end":{"line":158,"column":9}},"type":"if","locations":[{"start":{"line":146,"column":8},"end":{"line":158,"column":9}},{"start":{"line":156,"column":15},"end":{"line":158,"column":9}}]},"22":{"loc":{"start":{"line":146,"column":12},"end":{"line":146,"column":61}},"type":"binary-expr","locations":[{"start":{"line":146,"column":12},"end":{"line":146,"column":29}},{"start":{"line":146,"column":33},"end":{"line":146,"column":61}}]},"23":{"loc":{"start":{"line":153,"column":12},"end":{"line":153,"column":48}},"type":"binary-expr","locations":[{"start":{"line":153,"column":12},"end":{"line":153,"column":30}},{"start":{"line":153,"column":34},"end":{"line":153,"column":48}}]},"24":{"loc":{"start":{"line":175,"column":4},"end":{"line":179,"column":5}},"type":"if","locations":[{"start":{"line":175,"column":4},"end":{"line":179,"column":5}}]},"25":{"loc":{"start":{"line":175,"column":8},"end":{"line":175,"column":59}},"type":"binary-expr","locations":[{"start":{"line":175,"column":8},"end":{"line":175,"column":29}},{"start":{"line":175,"column":33},"end":{"line":175,"column":59}}]},"26":{"loc":{"start":{"line":203,"column":6},"end":{"line":212,"column":7}},"type":"if","locations":[{"start":{"line":203,"column":6},"end":{"line":212,"column":7}},{"start":{"line":206,"column":13},"end":{"line":212,"column":7}}]},"27":{"loc":{"start":{"line":203,"column":10},"end":{"line":203,"column":50}},"type":"binary-expr","locations":[{"start":{"line":203,"column":10},"end":{"line":203,"column":23}},{"start":{"line":203,"column":27},"end":{"line":203,"column":50}}]},"28":{"loc":{"start":{"line":214,"column":69},"end":{"line":214,"column":91}},"type":"binary-expr","locations":[{"start":{"line":214,"column":69},"end":{"line":214,"column":82}},{"start":{"line":214,"column":86},"end":{"line":214,"column":91}}]},"29":{"loc":{"start":{"line":248,"column":4},"end":{"line":251,"column":5}},"type":"if","locations":[{"start":{"line":248,"column":4},"end":{"line":251,"column":5}}]},"30":{"loc":{"start":{"line":260,"column":4},"end":{"line":263,"column":5}},"type":"if","locations":[{"start":{"line":260,"column":4},"end":{"line":263,"column":5}}]},"31":{"loc":{"start":{"line":266,"column":4},"end":{"line":275,"column":5}},"type":"if","locations":[{"start":{"line":266,"column":4},"end":{"line":275,"column":5}}]},"32":{"loc":{"start":{"line":270,"column":22},"end":{"line":270,"column":53}},"type":"binary-expr","locations":[{"start":{"line":270,"column":22},"end":{"line":270,"column":48}},{"start":{"line":270,"column":52},"end":{"line":270,"column":53}}]},"33":{"loc":{"start":{"line":285,"column":6},"end":{"line":288,"column":7}},"type":"if","locations":[{"start":{"line":285,"column":6},"end":{"line":288,"column":7}}]},"34":{"loc":{"start":{"line":285,"column":10},"end":{"line":285,"column":52}},"type":"binary-expr","locations":[{"start":{"line":285,"column":10},"end":{"line":285,"column":23}},{"start":{"line":285,"column":27},"end":{"line":285,"column":52}}]},"35":{"loc":{"start":{"line":291,"column":6},"end":{"line":294,"column":7}},"type":"if","locations":[{"start":{"line":291,"column":6},"end":{"line":294,"column":7}}]},"36":{"loc":{"start":{"line":302,"column":6},"end":{"line":304,"column":7}},"type":"if","locations":[{"start":{"line":302,"column":6},"end":{"line":304,"column":7}}]},"37":{"loc":{"start":{"line":307,"column":6},"end":{"line":316,"column":7}},"type":"if","locations":[{"start":{"line":307,"column":6},"end":{"line":316,"column":7}}]},"38":{"loc":{"start":{"line":324,"column":4},"end":{"line":334,"column":5}},"type":"if","locations":[{"start":{"line":324,"column":4},"end":{"line":334,"column":5}},{"start":{"line":329,"column":11},"end":{"line":334,"column":5}}]},"39":{"loc":{"start":{"line":327,"column":61},"end":{"line":327,"column":87}},"type":"binary-expr","locations":[{"start":{"line":327,"column":61},"end":{"line":327,"column":78}},{"start":{"line":327,"column":82},"end":{"line":327,"column":87}}]},"40":{"loc":{"start":{"line":348,"column":4},"end":{"line":351,"column":5}},"type":"if","locations":[{"start":{"line":348,"column":4},"end":{"line":351,"column":5}}]},"41":{"loc":{"start":{"line":363,"column":4},"end":{"line":365,"column":5}},"type":"if","locations":[{"start":{"line":363,"column":4},"end":{"line":365,"column":5}}]},"42":{"loc":{"start":{"line":363,"column":8},"end":{"line":363,"column":34}},"type":"binary-expr","locations":[{"start":{"line":363,"column":8},"end":{"line":363,"column":19}},{"start":{"line":363,"column":23},"end":{"line":363,"column":34}}]},"43":{"loc":{"start":{"line":378,"column":4},"end":{"line":380,"column":5}},"type":"if","locations":[{"start":{"line":378,"column":4},"end":{"line":380,"column":5}}]},"44":{"loc":{"start":{"line":390,"column":13},"end":{"line":390,"column":77}},"type":"binary-expr","locations":[{"start":{"line":390,"column":13},"end":{"line":390,"column":50}},{"start":{"line":390,"column":54},"end":{"line":390,"column":77}}]},"45":{"loc":{"start":{"line":393,"column":6},"end":{"line":396,"column":7}},"type":"if","locations":[{"start":{"line":393,"column":6},"end":{"line":396,"column":7}}]},"46":{"loc":{"start":{"line":393,"column":10},"end":{"line":393,"column":53}},"type":"binary-expr","locations":[{"start":{"line":393,"column":10},"end":{"line":393,"column":35}},{"start":{"line":393,"column":39},"end":{"line":393,"column":53}}]},"47":{"loc":{"start":{"line":395,"column":65},"end":{"line":395,"column":116}},"type":"binary-expr","locations":[{"start":{"line":395,"column":65},"end":{"line":395,"column":99}},{"start":{"line":395,"column":103},"end":{"line":395,"column":116}}]},"48":{"loc":{"start":{"line":416,"column":6},"end":{"line":420,"column":7}},"type":"if","locations":[{"start":{"line":416,"column":6},"end":{"line":420,"column":7}},{"start":{"line":418,"column":13},"end":{"line":420,"column":7}}]},"49":{"loc":{"start":{"line":417,"column":23},"end":{"line":417,"column":85}},"type":"cond-expr","locations":[{"start":{"line":417,"column":36},"end":{"line":417,"column":69}},{"start":{"line":417,"column":72},"end":{"line":417,"column":85}}]},"50":{"loc":{"start":{"line":418,"column":13},"end":{"line":420,"column":7}},"type":"if","locations":[{"start":{"line":418,"column":13},"end":{"line":420,"column":7}}]},"51":{"loc":{"start":{"line":430,"column":6},"end":{"line":432,"column":7}},"type":"if","locations":[{"start":{"line":430,"column":6},"end":{"line":432,"column":7}}]},"52":{"loc":{"start":{"line":437,"column":6},"end":{"line":439,"column":7}},"type":"if","locations":[{"start":{"line":437,"column":6},"end":{"line":439,"column":7}}]},"53":{"loc":{"start":{"line":447,"column":6},"end":{"line":452,"column":7}},"type":"if","locations":[{"start":{"line":447,"column":6},"end":{"line":452,"column":7}},{"start":{"line":449,"column":13},"end":{"line":452,"column":7}}]},"54":{"loc":{"start":{"line":447,"column":10},"end":{"line":447,"column":48}},"type":"binary-expr","locations":[{"start":{"line":447,"column":10},"end":{"line":447,"column":23}},{"start":{"line":447,"column":27},"end":{"line":447,"column":48}}]},"55":{"loc":{"start":{"line":455,"column":4},"end":{"line":485,"column":5}},"type":"if","locations":[{"start":{"line":455,"column":4},"end":{"line":485,"column":5}},{"start":{"line":481,"column":11},"end":{"line":485,"column":5}}]},"56":{"loc":{"start":{"line":456,"column":43},"end":{"line":456,"column":66}},"type":"binary-expr","locations":[{"start":{"line":456,"column":43},"end":{"line":456,"column":53}},{"start":{"line":456,"column":57},"end":{"line":456,"column":66}}]},"57":{"loc":{"start":{"line":457,"column":6},"end":{"line":459,"column":7}},"type":"if","locations":[{"start":{"line":457,"column":6},"end":{"line":459,"column":7}}]},"58":{"loc":{"start":{"line":457,"column":10},"end":{"line":457,"column":100}},"type":"binary-expr","locations":[{"start":{"line":457,"column":10},"end":{"line":457,"column":39}},{"start":{"line":457,"column":44},"end":{"line":457,"column":57}},{"start":{"line":457,"column":61},"end":{"line":457,"column":99}}]},"59":{"loc":{"start":{"line":460,"column":6},"end":{"line":462,"column":7}},"type":"if","locations":[{"start":{"line":460,"column":6},"end":{"line":462,"column":7}}]},"60":{"loc":{"start":{"line":460,"column":10},"end":{"line":460,"column":109}},"type":"binary-expr","locations":[{"start":{"line":460,"column":10},"end":{"line":460,"column":39}},{"start":{"line":460,"column":44},"end":{"line":460,"column":57}},{"start":{"line":460,"column":61},"end":{"line":460,"column":108}}]},"61":{"loc":{"start":{"line":463,"column":6},"end":{"line":480,"column":7}},"type":"if","locations":[{"start":{"line":463,"column":6},"end":{"line":480,"column":7}},{"start":{"line":477,"column":13},"end":{"line":480,"column":7}}]},"62":{"loc":{"start":{"line":467,"column":10},"end":{"line":475,"column":11}},"type":"if","locations":[{"start":{"line":467,"column":10},"end":{"line":475,"column":11}}]},"63":{"loc":{"start":{"line":467,"column":14},"end":{"line":467,"column":82}},"type":"binary-expr","locations":[{"start":{"line":467,"column":14},"end":{"line":467,"column":33}},{"start":{"line":467,"column":37},"end":{"line":467,"column":82}}]},"64":{"loc":{"start":{"line":469,"column":12},"end":{"line":471,"column":13}},"type":"if","locations":[{"start":{"line":469,"column":12},"end":{"line":471,"column":13}}]},"65":{"loc":{"start":{"line":472,"column":13},"end":{"line":474,"column":13}},"type":"if","locations":[{"start":{"line":472,"column":13},"end":{"line":474,"column":13}}]},"66":{"loc":{"start":{"line":477,"column":13},"end":{"line":480,"column":7}},"type":"if","locations":[{"start":{"line":477,"column":13},"end":{"line":480,"column":7}}]},"67":{"loc":{"start":{"line":477,"column":17},"end":{"line":477,"column":49}},"type":"binary-expr","locations":[{"start":{"line":477,"column":17},"end":{"line":477,"column":32}},{"start":{"line":477,"column":36},"end":{"line":477,"column":49}}]},"68":{"loc":{"start":{"line":481,"column":11},"end":{"line":485,"column":5}},"type":"if","locations":[{"start":{"line":481,"column":11},"end":{"line":485,"column":5}},{"start":{"line":483,"column":11},"end":{"line":485,"column":5}}]},"69":{"loc":{"start":{"line":516,"column":4},"end":{"line":520,"column":5}},"type":"if","locations":[{"start":{"line":516,"column":4},"end":{"line":520,"column":5}}]},"70":{"loc":{"start":{"line":524,"column":27},"end":{"line":530,"column":99}},"type":"binary-expr","locations":[{"start":{"line":524,"column":27},"end":{"line":524,"column":168}},{"start":{"line":525,"column":27},"end":{"line":525,"column":182}},{"start":{"line":526,"column":27},"end":{"line":526,"column":187}},{"start":{"line":527,"column":27},"end":{"line":527,"column":187}},{"start":{"line":528,"column":27},"end":{"line":528,"column":221}},{"start":{"line":529,"column":27},"end":{"line":529,"column":92}},{"start":{"line":530,"column":27},"end":{"line":530,"column":99}}]},"71":{"loc":{"start":{"line":536,"column":4},"end":{"line":547,"column":5}},"type":"if","locations":[{"start":{"line":536,"column":4},"end":{"line":547,"column":5}},{"start":{"line":539,"column":11},"end":{"line":547,"column":5}}]},"72":{"loc":{"start":{"line":536,"column":8},"end":{"line":536,"column":49}},"type":"binary-expr","locations":[{"start":{"line":536,"column":8},"end":{"line":536,"column":25}},{"start":{"line":536,"column":29},"end":{"line":536,"column":49}}]},"73":{"loc":{"start":{"line":539,"column":11},"end":{"line":547,"column":5}},"type":"if","locations":[{"start":{"line":539,"column":11},"end":{"line":547,"column":5}},{"start":{"line":543,"column":11},"end":{"line":547,"column":5}}]},"74":{"loc":{"start":{"line":539,"column":15},"end":{"line":539,"column":105}},"type":"binary-expr","locations":[{"start":{"line":539,"column":15},"end":{"line":539,"column":64}},{"start":{"line":539,"column":68},"end":{"line":539,"column":105}}]},"75":{"loc":{"start":{"line":543,"column":11},"end":{"line":547,"column":5}},"type":"if","locations":[{"start":{"line":543,"column":11},"end":{"line":547,"column":5}}]},"76":{"loc":{"start":{"line":543,"column":15},"end":{"line":543,"column":102}},"type":"binary-expr","locations":[{"start":{"line":543,"column":15},"end":{"line":543,"column":57}},{"start":{"line":543,"column":61},"end":{"line":543,"column":102}}]},"77":{"loc":{"start":{"line":557,"column":4},"end":{"line":744,"column":5}},"type":"if","locations":[{"start":{"line":557,"column":4},"end":{"line":744,"column":5}},{"start":{"line":715,"column":11},"end":{"line":744,"column":5}}]},"78":{"loc":{"start":{"line":557,"column":8},"end":{"line":557,"column":98}},"type":"binary-expr","locations":[{"start":{"line":557,"column":8},"end":{"line":557,"column":57}},{"start":{"line":557,"column":61},"end":{"line":557,"column":98}}]},"79":{"loc":{"start":{"line":715,"column":11},"end":{"line":744,"column":5}},"type":"if","locations":[{"start":{"line":715,"column":11},"end":{"line":744,"column":5}},{"start":{"line":726,"column":11},"end":{"line":744,"column":5}}]},"80":{"loc":{"start":{"line":715,"column":15},"end":{"line":715,"column":102}},"type":"binary-expr","locations":[{"start":{"line":715,"column":15},"end":{"line":715,"column":57}},{"start":{"line":715,"column":61},"end":{"line":715,"column":102}}]},"81":{"loc":{"start":{"line":726,"column":11},"end":{"line":744,"column":5}},"type":"if","locations":[{"start":{"line":726,"column":11},"end":{"line":744,"column":5}}]},"82":{"loc":{"start":{"line":73
[...]
","decl":{"start":{"line":23,"column":9},"end":{"line":23,"column":28}},"loc":{"start":{"line":25,"column":61},"end":{"line":32,"column":1}}},"3":{"name":"DropdownMenuContent","decl":{"start":{"line":34,"column":9},"end":{"line":34,"column":28}},"loc":{"start":{"line":38,"column":61},"end":{"line":52,"column":1}}},"4":{"name":"DropdownMenuGroup","decl":{"start":{"line":54,"column":9},"end":{"line":54,"column":26}},"loc":{"start":{"line":56,"column":59},"end":{"line":60,"column":1}}},"5":{"name":"DropdownMenuItem","decl":{"start":{"line":62,"column":9},"end":{"line":62,"column":25}},"loc":{"start":{"line":70,"column":1},"end":{"line":83,"column":1}}},"6":{"name":"DropdownMenuCheckboxItem","decl":{"start":{"line":85,"column":9},"end":{"line":85,"column":33}},"loc":{"start":{"line":90,"column":66},"end":{"line":109,"column":1}}},"7":{"name":"DropdownMenuRadioGroup","decl":{"start":{"line":111,"column":9},"end":{"line":111,"column":31}},"loc":{"start":{"line":113,"column":64},"end":{"line":120,"column":1}}},"8":{"name":"DropdownMenuRadioItem","decl":{"start":{"line":122,"column":9},"end":{"line":122,"column":30}},"loc":{"start":{"line":126,"column":63},"end":{"line":144,"column":1}}},"9":{"name":"DropdownMenuLabel","decl":{"start":{"line":146,"column":9},"end":{"line":146,"column":26}},"loc":{"start":{"line":152,"column":1},"end":{"line":164,"column":1}}},"10":{"name":"DropdownMenuSeparator","decl":{"start":{"line":166,"column":9},"end":{"line":166,"column":30}},"loc":{"start":{"line":169,"column":63},"end":{"line":177,"column":1}}},"11":{"name":"DropdownMenuShortcut","decl":{"start":{"line":179,"column":9},"end":{"line":179,"column":29}},"loc":{"start":{"line":182,"column":31},"end":{"line":193,"column":1}}},"12":{"name":"DropdownMenuSub","decl":{"start":{"line":195,"column":9},"end":{"line":195,"column":24}},"loc":{"start":{"line":197,"column":57},"end":{"line":199,"column":1}}},"13":{"name":"DropdownMenuSubTrigger","decl":{"start":{"line":201,"column":9},"end":{"line":201,"column":31}},"loc":{"start":{"line":208,"column":1},"end":{"line":223,"column":1}}},"14":{"name":"DropdownMenuSubContent","decl":{"start":{"line":225,"column":9},"end":{"line":225,"column":31}},"loc":{"start":{"line":228,"column":64},"end":{"line":239,"column":1}}}},"branchMap":{"0":{"loc":{"start":{"line":36,"column":2},"end":{"line":36,"column":16}},"type":"default-arg","locations":[{"start":{"line":36,"column":15},"end":{"line":36,"column":16}}]},"1":{"loc":{"start":{"line":65,"column":2},"end":{"line":65,"column":21}},"type":"default-arg","locations":[{"start":{"line":65,"column":12},"end":{"line":65,"column":21}}]}},"s":{"0":0,"1":0,"2":0,"3":0,"4":0,"5":0,"6":0,"7":0,"8":0,"9":0,"10":0,"11":0,"12":0,"13":0,"14":0,"15":0,"16":0,"17":0,"18":0,"19":0,"20":0,"21":0,"22":0,"23":0,"24":0,"25":0,"26":0,"27":0,"28":0,"29":0,"30":0,"31":0,"32":0,"33":0},"f":{"0":0,"1":0,"2":0,"3":0,"4":0,"5":0,"6":0,"7":0,"8":0,"9":0,"10":0,"11":0,"12":0,"13":0,"14":0},"b":{"0":[0],"1":[0]}}
,"/Users/zachrizzo/Desktop/programming/auto_code_docs_react_ai/src/ui/components/ui/input.tsx": {"path":"/Users/zachrizzo/Desktop/programming/auto_code_docs_react_ai/src/ui/components/ui/input.tsx","statementMap":{"0":{"start":{"line":1,"column":0},"end":{"line":1,"column":30}},"1":{"start":{"line":2,"column":0},"end":{"line":2,"column":36}},"2":{"start":{"line":7,"column":14},"end":{"line":20,"column":null}},"3":{"start":{"line":9,"column":4},"end":{"line":19,"column":null}},"4":{"start":{"line":24,"column":9},"end":{"line":24,"column":14}},"5":{"start":{"line":22,"column":0},"end":{"line":22,"column":null}}},"fnMap":{"0":{"name":"(anonymous_9)","decl":{"start":{"line":8,"column":2},"end":{"line":8,"column":3}},"loc":{"start":{"line":8,"column":41},"end":{"line":20,"column":3}}}},"branchMap":{},"s":{"0":0,"1":0,"2":0,"3":0,"4":0,"5":0},"f":{"0":0},"b":{}}
,"/Users/zachrizzo/Desktop/programming/auto_code_docs_react_ai/src/ui/components/ui/label.tsx": {"path":"/Users/zachrizzo/Desktop/programming/auto_code_docs_react_ai/src/ui/components/ui/label.tsx","statementMap":{"0":{"start":{"line":22,"column":9},"end":{"line":22,"column":14}},"1":{"start":{"line":1,"column":0},"end":{"line":1,"column":30}},"2":{"start":{"line":2,"column":0},"end":{"line":2,"column":55}},"3":{"start":{"line":4,"column":0},"end":{"line":4,"column":36}},"4":{"start":{"line":10,"column":2},"end":{"line":19,"column":null}}},"fnMap":{"0":{"name":"Label","decl":{"start":{"line":6,"column":9},"end":{"line":6,"column":14}},"loc":{"start":{"line":9,"column":51},"end":{"line":20,"column":1}}}},"branchMap":{},"s":{"0":0,"1":0,"2":0,"3":0,"4":0},"f":{"0":0},"b":{}}
,"/Users/zachrizzo/Desktop/programming/auto_code_docs_react_ai/src/ui/components/ui/scroll-area.tsx": {"path":"/Users/zachrizzo/Desktop/programming/auto_code_docs_react_ai/src/ui/components/ui/scroll-area.tsx","statementMap":{"0":{"start":{"line":56,"column":9},"end":{"line":56,"column":19}},"1":{"start":{"line":56,"column":21},"end":{"line":56,"column":30}},"2":{"start":{"line":1,"column":0},"end":{"line":1,"column":30}},"3":{"start":{"line":2,"column":0},"end":{"line":2,"column":66}},"4":{"start":{"line":4,"column":0},"end":{"line":4,"column":36}},"5":{"start":{"line":11,"column":2},"end":{"line":26,"column":null}},"6":{"start":{"line":34,"column":2},"end":{"line":53,"column":null}}},"fnMap":{"0":{"name":"ScrollArea","decl":{"start":{"line":6,"column":9},"end":{"line":6,"column":19}},"loc":{"start":{"line":10,"column":56},"end":{"line":27,"column":1}}},"1":{"name":"ScrollBar","decl":{"start":{"line":29,"column":9},"end":{"line":29,"column":18}},"loc":{"start":{"line":33,"column":71},"end":{"line":54,"column":1}}}},"branchMap":{"0":{"loc":{"start":{"line":31,"column":2},"end":{"line":31,"column":26}},"type":"default-arg","locations":[{"start":{"line":31,"column":16},"end":{"line":31,"column":26}}]},"1":{"loc":{"start":{"line":40,"column":8},"end":{"line":41,"column":54}},"type":"binary-expr","locations":[{"start":{"line":40,"column":8},"end":{"line":40,"column":34}},{"start":{"line":41,"column":10},"end":{"line":41,"column":54}}]},"2":{"loc":{"start":{"line":42,"column":8},"end":{"line":43,"column":56}},"type":"binary-expr","locations":[{"start":{"line":42,"column":8},"end":{"line":42,"column":36}},{"start":{"line":43,"column":10},"end":{"line":43,"column":56}}]}},"s":{"0":0,"1":0,"2":0,"3":0,"4":0,"5":0,"6":0},"f":{"0":0,"1":0},"b":{"0":[0],"1":[0,0],"2":[0,0]}}
,"/Users/zachrizzo/Desktop/programming/auto_code_docs_react_ai/src/ui/components/ui/select.tsx": {"path":"/Users/zachrizzo/Desktop/programming/auto_code_docs_react_ai/src/ui/components/ui/select.tsx","statementMap":{"0":{"start":{"line":175,"column":2},"end":{"line":175,"column":8}},"1":{"start":{"line":176,"column":2},"end":{"line":176,"column":15}},"2":{"start":{"line":177,"column":2},"end":{"line":177,"column":13}},"3":{"start":{"line":178,"column":2},"end":{"line":178,"column":12}},"4":{"start":{"line":179,"column":2},"end":{"line":179,"column":13}},"5":{"start":{"line":180,"column":2},"end":{"line":180,"column":24}},"6":{"start":{"line":181,"column":2},"end":{"line":181,"column":22}},"7":{"start":{"line":182,"column":2},"end":{"line":182,"column":17}},"8":{"start":{"line":183,"column":2},"end":{"line":183,"column":15}},"9":{"start":{"line":184,"column":2},"end":{"line":184,"column":13}},"10":{"start":{"line":3,"column":0},"end":{"line":3,"column":30}},"11":{"start":{"line":4,"column":0},"end":{"line":4,"column":57}},"12":{"start":{"line":5,"column":0},"end":{"line":5,"column":72}},"13":{"start":{"line":7,"column":0},"end":{"line":7,"column":36}},"14":{"start":{"line":12,"column":2},"end":{"line":12,"column":null}},"15":{"start":{"line":18,"column":2},"end":{"line":18,"column":null}},"16":{"start":{"line":24,"column":2},"end":{"line":24,"column":null}},"17":{"start":{"line":35,"column":2},"end":{"line":50,"column":null}},"18":{"start":{"line":59,"column":2},"end":{"line":85,"column":null}},"19":{"start":{"line":92,"column":2},"end":{"line":98,"column":null}},"20":{"start":{"line":106,"column":2},"end":{"line":122,"column":null}},"21":{"start":{"line":129,"column":2},"end":{"line":135,"column":null}},"22":{"start":{"line":142,"column":2},"end":{"line":153,"column":null}},"23":{"start":{"line":160,"column":2},"end":{"line":171,"column":null}}},"fnMap":{"0":{"name":"Select","decl":{"start":{"line":9,"column":9},"end":{"line":9,"column":15}},"loc":{"start":{"line":11,"column":52},"end":{"line":13,"column":1}}},"1":{"name":"SelectGroup","decl":{"start":{"line":15,"column":9},"end":{"line":15,"column":20}},"loc":{"start":{"line":17,"column":53},"end":{"line":19,"column":1}}},"2":{"name":"SelectValue","decl":{"start":{"line":21,"column":9},"end":{"line":21,"column":20}},"loc":{"start":{"line":23,"column":53},"end":{"line":25,"column":1}}},"3":{"name":"SelectTrigger","decl":{"start":{"line":27,"column":9},"end":{"line":27,"column":22}},"loc":{"start":{"line":34,"column":1},"end":{"line":51,"column":1}}},"4":{"name":"SelectContent","decl":{"start":{"line":53,"column":9},"end":{"line":53,"column":22}},"loc":{"start":{"line":58,"column":55},"end":{"line":86,"column":1}}},"5":{"name":"SelectLabel","decl":{"start":{"line":88,"column":9},"end":{"line":88,"column":20}},"loc":{"start":{"line":91,"column":53},"end":{"line":99,"column":1}}},"6":{"name":"SelectItem","decl":{"start":{"line":101,"column":9},"end":{"line":101,"column":19}},"loc":{"start":{"line":105,"column":52},"end":{"line":123,"column":1}}},"7":{"name":"SelectSeparator","decl":{"start":{"line":125,"column":9},"end":{"line":125,"column":24}},"loc":{"start":{"line":128,"column":57},"end":{"line":136,"column":1}}},"8":{"name":"SelectScrollUpButton","decl":{"start":{"line":138,"column":9},"end":{"line":138,"column":29}},"loc":{"start":{"line":141,"column":62},"end":{"line":154,"column":1}}},"9":{"name":"SelectScrollDownButton","decl":{"start":{"line":156,"column":9},"end":{"line":156,"column":31}},"loc":{"start":{"line":159,"column":64},"end":{"line":172,"column":1}}}},"branchMap":{"0":{"loc":{"start":{"line":29,"column":2},"end":{"line":29,"column":18}},"type":"default-arg","locations":[{"start":{"line":29,"column":9},"end":{"line":29,"column":18}}]},"1":{"loc":{"start":{"line":56,"column":2},"end":{"line":56,"column":21}},"type":"default-arg","locations":[{"start":{"line":56,"column":13},"end":{"line":56,"column":21}}]},"2":{"loc":{"start":{"line":65,"column":10},"end":{"line":66,"column":141}},"type":"binary-expr","locations":[{"start":{"line":65,"column":10},"end":{"line":65,"column":31}},{"start":{"line":66,"column":12},"end":{"line":66,"column":141}}]},"3":{"loc":{"start":{"line":76,"column":12},"end":{"line":77,"column":115}},"type":"binary-expr","locations":[{"start":{"line":76,"column":12},"end":{"line":76,"column":33}},{"start":{"line":77,"column":14},"end":{"line":77,"column":115}}]}},"s":{"0":0,"1":0,"2":0,"3":0,"4":0,"5":0,"6":0,"7":0,"8":0,"9":0,"10":0,"11":0,"12":0,"13":0,"14":0,"15":0,"16":0,"17":0,"18":0,"19":0,"20":0,"21":0,"22":0,"23":0},"f":{"0":0,"1":0,"2":0,"3":0,"4":0,"5":0,"6":0,"7":0,"8":0,"9":0},"b":{"0":[0],"1":[0],"2":[0,0],"3":[0,0]}}
,"/Users/zachrizzo/Desktop/programming/auto_code_docs_react_ai/src/ui/components/ui/slider.tsx": {"path":"/Users/zachrizzo/Desktop/programming/auto_code_docs_react_ai/src/ui/components/ui/slider.tsx","statementMap":{"0":{"start":{"line":61,"column":9},"end":{"line":61,"column":15}},"1":{"start":{"line":1,"column":0},"end":{"line":1,"column":30}},"2":{"start":{"line":2,"column":0},"end":{"line":2,"column":57}},"3":{"start":{"line":4,"column":0},"end":{"line":4,"column":36}},"4":{"start":{"line":14,"column":18},"end":{"line":21,"column":null}},"5":{"start":{"line":16,"column":6},"end":{"line":20,"column":22}},"6":{"start":{"line":24,"column":2},"end":{"line":58,"column":null}},"7":{"start":{"line":51,"column":8},"end":{"line":54,"column":null}}},"fnMap":{"0":{"name":"Slider","decl":{"start":{"line":6,"column":9},"end":{"line":6,"column":15}},"loc":{"start":{"line":13,"column":52},"end":{"line":59,"column":1}}},"1":{"name":"(anonymous_10)","decl":{"start":{"line":15,"column":4},"end":{"line":15,"column":7}},"loc":{"start":{"line":16,"column":6},"end":{"line":20,"column":22}}},"2":{"name":"(anonymous_11)","decl":{"start":{"line":50,"column":46},"end":{"line":50,"column":47}},"loc":{"start":{"line":51,"column":8},"end":{"line":54,"column":null}}}},"branchMap":{"0":{"loc":{"start":{"line":10,"column":2},"end":{"line":10,"column":9}},"type":"default-arg","locations":[{"start":{"line":10,"column":8},"end":{"line":10,"column":9}}]},"1":{"loc":{"start":{"line":11,"column":2},"end":{"line":11,"column":11}},"type":"default-arg","locations":[{"start":{"line":11,"column":8},"end":{"line":11,"column":11}}]},"2":{"loc":{"start":{"line":16,"column":6},"end":{"line":20,"column":22}},"type":"cond-expr","locations":[{"start":{"line":17,"column":10},"end":{"line":17,"column":15}},{"start":{"line":18,"column":10},"end":{"line":20,"column":22}}]},"3":{"loc":{"start":{"line":18,"column":10},"end":{"line":20,"column":22}},"type":"cond-expr","locations":[{"start":{"line":19,"column":12},"end":{"line":19,"column":24}},{"start":{"line":20,"column":12},"end":{"line":20,"column":22}}]}},"s":{"0":0,"1":0,"2":0,"3":0,"4":0,"5":0,"6":0,"7":0},"f":{"0":0,"1":0,"2":0},"b":{"0":[0],"1":[0],"2":[0,0],"3":[0,0]}}
,"/Users/zachrizzo/Desktop/programming/auto_code_docs_react_ai/src/ui/components/ui/switch.tsx": {"path":"/Users/zachrizzo/Desktop/programming/auto_code_docs_react_ai/src/ui/components/ui/switch.tsx","statementMap":{"0":{"start":{"line":29,"column":9},"end":{"line":29,"column":15}},"1":{"start":{"line":1,"column":0},"end":{"line":1,"column":30}},"2":{"start":{"line":2,"column":0},"end":{"line":2,"column":57}},"3":{"start":{"line":4,"column":0},"end":{"line":4,"column":36}},"4":{"start":{"line":10,"column":4},"end":{"line":26,"column":null}}},"fnMap":{"0":{"name":"Switch","decl":{"start":{"line":6,"column":9},"end":{"line":6,"column":15}},"loc":{"start":{"line":9,"column":52},"end":{"line":27,"column":1}}}},"branchMap":{},"s":{"0":0,"1":0,"2":0,"3":0,"4":0},"f":{"0":0},"b":{}}
,"/Users/zachrizzo/Desktop/programming/auto_code_docs_react_ai/src/ui/components/ui/tabs.tsx": {"path":"/Users/zachrizzo/Desktop/programming/auto_code_docs_react_ai/src/ui/components/ui/tabs.tsx","statementMap":{"0":{"start":{"line":64,"column":9},"end":{"line":64,"column":13}},"1":{"start":{"line":64,"column":15},"end":{"line":64,"column":23}},"2":{"start":{"line":64,"column":25},"end":{"line":64,"column":36}},"3":{"start":{"line":64,"column":38},"end":{"line":64,"column":49}},"4":{"start":{"line":1,"column":0},"end":{"line":1,"column":30}},"5":{"start":{"line":2,"column":0},"end":{"line":2,"column":53}},"6":{"start":{"line":4,"column":0},"end":{"line":4,"column":36}},"7":{"start":{"line":10,"column":2},"end":{"line":16,"column":null}},"8":{"start":{"line":23,"column":2},"end":{"line":32,"column":null}},"9":{"start":{"line":39,"column":2},"end":{"line":48,"column":null}},"10":{"start":{"line":55,"column":2},"end":{"line":61,"column":null}}},"fnMap":{"0":{"name":"Tabs","decl":{"start":{"line":6,"column":9},"end":{"line":6,"column":13}},"loc":{"start":{"line":9,"column":50},"end":{"line":17,"column":1}}},"1":{"name":"TabsList","decl":{"start":{"line":19,"column":9},"end":{"line":19,"column":17}},"loc":{"start":{"line":22,"column":50},"end":{"line":33,"column":1}}},"2":{"name":"TabsTrigger","decl":{"start":{"line":35,"column":9},"end":{"line":35,"column":20}},"loc":{"start":{"line":38,"column":53},"end":{"line":49,"column":1}}},"3":{"name":"TabsContent","decl":{"start":{"line":51,"column":9},"end":{"line":51,"column":20}},"loc":{"start":{"line":54,"column":53},"end":{"line":62,"column":1}}}},"branchMap":{},"s":{"0":0,"1":0,"2":0,"3":0,"4":0,"5":0,"6":0,"7":0,"8":0,"9":0,"10":0},"f":{"0":0,"1":0,"2":0,"3":0},"b":{}}
,"/Users/zachrizzo/Desktop/programming/auto_code_docs_react_ai/src/ui/components/ui/textarea.tsx": {"path":"/Users/zachrizzo/Desktop/programming/auto_code_docs_react_ai/src/ui/components/ui/textarea.tsx","statementMap":{"0":{"start":{"line":18,"column":9},"end":{"line":18,"column":17}},"1":{"start":{"line":1,"column":0},"end":{"line":1,"column":30}},"2":{"start":{"line":3,"column":0},"end":{"line":3,"column":36}},"3":{"start":{"line":6,"column":2},"end":{"line":15,"column":null}}},"fnMap":{"0":{"name":"Textarea","decl":{"start":{"line":5,"column":9},"end":{"line":5,"column":17}},"loc":{"start":{"line":5,"column":75},"end":{"line":16,"column":1}}}},"branchMap":{},"s":{"0":0,"1":0,"2":0,"3":0},"f":{"0":0},"b":{}}
,"/Users/zachrizzo/Desktop/programming/auto_code_docs_react_ai/src/ui/components/ui/tooltip.tsx": {"path":"/Users/zachrizzo/Desktop/programming/auto_code_docs_react_ai/src/ui/components/ui/tooltip.tsx","statementMap":{"0":{"start":{"line":59,"column":9},"end":{"line":59,"column":16}},"1":{"start":{"line":59,"column":18},"end":{"line":59,"column":32}},"2":{"start":{"line":59,"column":34},"end":{"line":59,"column":48}},"3":{"start":{"line":59,"column":50},"end":{"line":59,"column":65}},"4":{"start":{"line":1,"column":0},"end":{"line":1,"column":30}},"5":{"start":{"line":2,"column":0},"end":{"line":2,"column":59}},"6":{"start":{"line":4,"column":0},"end":{"line":4,"column":36}},"7":{"start":{"line":10,"column":2},"end":{"line":16,"column":null}},"8":{"start":{"line":22,"column":2},"end":{"line":26,"column":null}},"9":{"start":{"line":32,"column":2},"end":{"line":32,"column":null}},"10":{"start":{"line":41,"column":2},"end":{"line":56,"column":null}}},"fnMap":{"0":{"name":"TooltipProvider","decl":{"start":{"line":6,"column":9},"end":{"line":6,"column":24}},"loc":{"start":{"line":9,"column":57},"end":{"line":17,"column":1}}},"1":{"name":"Tooltip","decl":{"start":{"line":19,"column":9},"end":{"line":19,"column":16}},"loc":{"start":{"line":21,"column":53},"end":{"line":27,"column":1}}},"2":{"name":"TooltipTrigger","decl":{"start":{"line":29,"column":9},"end":{"line":29,"column":23}},"loc":{"start":{"line":31,"column":56},"end":{"line":33,"column":1}}},"3":{"name":"TooltipContent","decl":{"start":{"line":35,"column":9},"end":{"line":35,"column":23}},"loc":{"start":{"line":40,"column":56},"end":{"line":57,"column":1}}}},"branchMap":{"0":{"loc":{"start":{"line":7,"column":2},"end":{"line":7,"column":19}},"type":"default-arg","locations":[{"start":{"line":7,"column":18},"end":{"line":7,"column":19}}]},"1":{"loc":{"start":{"line":37,"column":2},"end":{"line":37,"column":16}},"type":"default-arg","locations":[{"start":{"line":37,"column":15},"end":{"line":37,"column":16}}]}},"s":{"0":0,"1":0,"2":0,"3":0,"4":0,"5":0,"6":0,"7":0,"8":0,"9":0,"10":0},"f":{"0":0,"1":0,"2":0,"3":0},"b":{"0":[0],"1":[0]}}
,"/Users/zachrizzo/Desktop/programming/auto_code_docs_react_ai/src/ui/lib/utils.ts": {"path":"/Users/zachrizzo/Desktop/programming/auto_code_docs_react_ai/src/ui/lib/utils.ts","statementMap":{"0":{"start":{"line":4,"column":0},"end":{"line":4,"column":16}},"1":{"start":{"line":1,"column":0},"end":{"line":1,"column":44}},"2":{"start":{"line":2,"column":0},"end":{"line":2,"column":40}},"3":{"start":{"line":5,"column":2},"end":{"line":5,"column":null}}},"fnMap":{"0":{"name":"cn","decl":{"start":{"line":4,"column":16},"end":{"line":4,"column":18}},"loc":{"start":{"line":4,"column":42},"end":{"line":6,"column":1}}}},"branchMap":{},"s":{"0":0,"1":0,"2":0,"3":0},"f":{"0":0},"b":{}}
,"/Users/zachrizzo/Desktop/programming/auto_code_docs_react_ai/src/ui/types/code-entities.ts": {"path":"/Users/zachrizzo/Desktop/programming/auto_code_docs_react_ai/src/ui/types/code-entities.ts","statementMap":{"0":{"start":{"line":30,"column":0},"end":{"line":30,"column":16}},"1":{"start":{"line":31,"column":2},"end":{"line":31,"column":38}}},"fnMap":{"0":{"name":"isCallRelationship","decl":{"start":{"line":30,"column":16},"end":{"line":30,"column":34}},"loc":{"start":{"line":30,"column":61},"end":{"line":32,"column":1}}}},"branchMap":{},"s":{"0":0,"1":0},"f":{"0":0},"b":{}}
}
