TN:
SF:src/index.ts
FN:6,(anonymous_1)
FN:6,(anonymous_2)
FN:6,(anonymous_3)
FN:6,(anonymous_4)
FN:9,generateDocUI
FN:32,(anonymous_6)
FNF:6
FNH:0
FNDA:0,(anonymous_1)
FNDA:0,(anonymous_2)
FNDA:0,(anonymous_3)
FNDA:0,(anonymous_4)
FNDA:0,generateDocUI
FNDA:0,(anonymous_6)
DA:1,0
DA:2,0
DA:3,0
DA:4,0
DA:6,0
DA:9,0
DA:18,0
DA:22,0
DA:25,0
DA:26,0
DA:29,0
DA:32,0
DA:40,0
DA:47,0
DA:48,0
DA:53,0
DA:61,0
DA:71,0
DA:76,0
DA:77,0
DA:79,0
DA:80,0
DA:83,0
LF:23
LH:0
BRDA:9,0,0,0
BRDA:11,1,0,0
BRDA:12,2,0,0
BRDA:13,3,0,0
BRDA:14,4,0,0
BRDA:15,5,0,0
BRDA:16,6,0,0
BRDA:17,7,0,0
BRDA:25,8,0,0
BRDA:34,9,0,0
BRDA:34,9,1,0
BRDA:35,10,0,0
BRDA:35,10,1,0
BRDA:36,11,0,0
BRDA:36,11,1,0
BRF:15
BRH:0
end_of_record
TN:
SF:src/ai/generator.ts
FN:45,(anonymous_10)
FN:76,(anonymous_11)
FN:88,(anonymous_12)
FN:101,(anonymous_13)
FN:107,(anonymous_14)
FN:123,(anonymous_15)
FN:153,(anonymous_16)
FN:310,(anonymous_17)
FN:322,(anonymous_18)
FN:324,(anonymous_19)
FN:402,(anonymous_20)
FN:500,generateDocumentation
FNF:12
FNH:0
FNDA:0,(anonymous_10)
FNDA:0,(anonymous_11)
FNDA:0,(anonymous_12)
FNDA:0,(anonymous_13)
FNDA:0,(anonymous_14)
FNDA:0,(anonymous_15)
FNDA:0,(anonymous_16)
FNDA:0,(anonymous_17)
FNDA:0,(anonymous_18)
FNDA:0,(anonymous_19)
FNDA:0,(anonymous_20)
FNDA:0,generateDocumentation
DA:1,0
DA:3,0
DA:4,0
DA:5,0
DA:6,0
DA:33,0
DA:34,0
DA:35,0
DA:36,0
DA:37,0
DA:38,0
DA:39,0
DA:40,0
DA:41,0
DA:43,0
DA:46,0
DA:48,0
DA:50,0
DA:51,0
DA:52,0
DA:53,0
DA:58,0
DA:59,0
DA:62,0
DA:65,0
DA:68,0
DA:69,0
DA:70,0
DA:73,0
DA:77,0
DA:78,0
DA:79,0
DA:80,0
DA:83,0
DA:84,0
DA:89,0
DA:91,0
DA:92,0
DA:95,0
DA:97,0
DA:102,0
DA:107,0
DA:117,0
DA:128,0
DA:129,0
DA:130,0
DA:136,0
DA:144,0
DA:156,0
DA:157,0
DA:158,0
DA:160,0
DA:162,0
DA:163,0
DA:164,0
DA:167,0
DA:168,0
DA:169,0
DA:172,0
DA:174,0
DA:175,0
DA:178,0
DA:179,0
DA:181,0
DA:185,0
DA:186,0
DA:187,0
DA:188,0
DA:189,0
DA:192,0
DA:196,0
DA:199,0
DA:200,0
DA:208,0
DA:215,0
DA:216,0
DA:220,0
DA:224,0
DA:225,0
DA:231,0
DA:232,0
DA:235,0
DA:245,0
DA:246,0
DA:249,0
DA:252,0
DA:261,0
DA:262,0
DA:263,0
DA:265,0
DA:266,0
DA:270,0
DA:273,0
DA:274,0
DA:277,0
DA:287,0
DA:288,0
DA:294,0
DA:298,0
DA:300,0
DA:304,0
DA:314,0
DA:315,0
DA:316,0
DA:320,0
DA:322,0
DA:325,0
DA:332,0
DA:343,0
DA:344,0
DA:345,0
DA:353,0
DA:354,0
DA:359,0
DA:363,0
DA:366,0
DA:370,0
DA:373,0
DA:374,0
DA:375,0
DA:378,0
DA:385,0
DA:390,0
DA:394,0
DA:407,0
DA:408,0
DA:409,0
DA:412,0
DA:413,0
DA:414,0
DA:417,0
DA:418,0
DA:422,0
DA:435,0
DA:436,0
DA:437,0
DA:445,0
DA:446,0
DA:451,0
DA:455,0
DA:458,0
DA:462,0
DA:465,0
DA:466,0
DA:467,0
DA:470,0
DA:477,0
DA:482,0
DA:486,0
DA:500,0
DA:504,0
DA:505,0
DA:508,0
LF:153
LH:0
BRDA:42,0,0,0
BRDA:42,0,1,0
BRDA:43,1,0,0
BRDA:43,1,1,0
BRDA:46,2,0,0
BRDA:46,2,1,0
BRDA:48,3,0,0
BRDA:48,3,1,0
BRDA:50,4,0,0
BRDA:50,4,1,0
BRDA:51,5,0,0
BRDA:51,5,1,0
BRDA:58,6,0,0
BRDA:58,7,0,0
BRDA:58,7,1,0
BRDA:63,8,0,0
BRDA:63,8,1,0
BRDA:65,9,0,0
BRDA:65,9,1,0
BRDA:68,10,0,0
BRDA:68,10,1,0
BRDA:69,11,0,0
BRDA:69,11,1,0
BRDA:70,12,0,0
BRDA:70,12,1,0
BRDA:78,13,0,0
BRDA:106,14,0,0
BRDA:106,14,1,0
BRDA:106,15,0,0
BRDA:106,15,1,0
BRDA:114,16,0,0
BRDA:114,16,1,0
BRDA:128,17,0,0
BRDA:138,18,0,0
BRDA:138,18,1,0
BRDA:139,19,0,0
BRDA:139,19,1,0
BRDA:140,20,0,0
BRDA:140,20,1,0
BRDA:141,21,0,0
BRDA:141,21,1,0
BRDA:162,22,0,0
BRDA:172,23,0,0
BRDA:172,23,1,0
BRDA:172,24,0,0
BRDA:172,24,1,0
BRDA:178,25,0,0
BRDA:178,26,0,0
BRDA:178,26,1,0
BRDA:181,27,0,0
BRDA:185,28,0,0
BRDA:185,28,1,0
BRDA:186,29,0,0
BRDA:186,29,1,0
BRDA:188,30,0,0
BRDA:188,30,1,0
BRDA:199,31,0,0
BRDA:215,32,0,0
BRDA:215,33,0,0
BRDA:215,33,1,0
BRDA:224,34,0,0
BRDA:224,34,1,0
BRDA:227,35,0,0
BRDA:227,35,1,0
BRDA:231,36,0,0
BRDA:245,37,0,0
BRDA:245,38,0,0
BRDA:245,38,1,0
BRDA:261,39,0,0
BRDA:261,40,0,0
BRDA:261,40,1,0
BRDA:263,41,0,0
BRDA:265,42,0,0
BRDA:265,43,0,0
BRDA:265,43,1,0
BRDA:273,44,0,0
BRDA:287,45,0,0
BRDA:287,46,0,0
BRDA:287,46,1,0
BRDA:314,47,0,0
BRDA:320,48,0,0
BRDA:320,48,1,0
BRDA:320,49,0,0
BRDA:320,49,1,0
BRDA:325,50,0,0
BRDA:325,50,1,0
BRDA:326,51,0,0
BRDA:326,51,1,0
BRDA:334,52,0,0
BRDA:334,52,1,0
BRDA:337,53,0,0
BRDA:337,53,1,0
BRDA:343,54,0,0
BRDA:343,54,1,0
BRDA:353,55,0,0
BRDA:353,55,1,0
BRDA:353,56,0,0
BRDA:353,56,1,0
BRDA:355,57,0,0
BRDA:355,57,1,0
BRDA:374,58,0,0
BRDA:386,59,0,0
BRDA:386,59,1,0
BRDA:407,60,0,0
BRDA:412,61,0,0
BRDA:417,62,0,0
BRDA:417,62,1,0
BRDA:418,63,0,0
BRDA:418,63,1,0
BRDA:424,64,0,0
BRDA:424,64,1,0
BRDA:425,65,0,0
BRDA:425,65,1,0
BRDA:426,66,0,0
BRDA:426,66,1,0
BRDA:429,67,0,0
BRDA:429,67,1,0
BRDA:435,68,0,0
BRDA:435,68,1,0
BRDA:445,69,0,0
BRDA:445,69,1,0
BRDA:445,70,0,0
BRDA:445,70,1,0
BRDA:447,71,0,0
BRDA:447,71,1,0
BRDA:466,72,0,0
BRDA:478,73,0,0
BRDA:478,73,1,0
BRDA:502,74,0,0
BRF:129
BRH:0
end_of_record
TN:
SF:src/ai/chat/chat-service.ts
FN:31,(anonymous_1)
FN:72,(anonymous_2)
FN:89,(anonymous_3)
FN:119,(anonymous_4)
FN:191,(anonymous_5)
FN:219,(anonymous_6)
FN:239,(anonymous_7)
FN:248,(anonymous_8)
FN:322,(anonymous_9)
FN:326,(anonymous_10)
FN:347,(anonymous_11)
FN:377,(anonymous_12)
FN:407,(anonymous_13)
FN:426,(anonymous_14)
FN:503,(anonymous_15)
FN:729,(anonymous_16)
FN:735,(anonymous_17)
FN:748,(anonymous_18)
FN:749,(anonymous_19)
FN:753,(anonymous_20)
FN:765,(anonymous_21)
FNF:21
FNH:0
FNDA:0,(anonymous_1)
FNDA:0,(anonymous_2)
FNDA:0,(anonymous_3)
FNDA:0,(anonymous_4)
FNDA:0,(anonymous_5)
FNDA:0,(anonymous_6)
FNDA:0,(anonymous_7)
FNDA:0,(anonymous_8)
FNDA:0,(anonymous_9)
FNDA:0,(anonymous_10)
FNDA:0,(anonymous_11)
FNDA:0,(anonymous_12)
FNDA:0,(anonymous_13)
FNDA:0,(anonymous_14)
FNDA:0,(anonymous_15)
FNDA:0,(anonymous_16)
FNDA:0,(anonymous_17)
FNDA:0,(anonymous_18)
FNDA:0,(anonymous_19)
FNDA:0,(anonymous_20)
FNDA:0,(anonymous_21)
DA:1,0
DA:2,0
DA:4,0
DA:14,0
DA:15,0
DA:17,0
DA:19,0
DA:20,0
DA:21,0
DA:32,0
DA:36,0
DA:40,0
DA:43,0
DA:51,0
DA:52,0
DA:53,0
DA:54,0
DA:55,0
DA:58,0
DA:59,0
DA:60,0
DA:62,0
DA:65,0
DA:70,0
DA:72,0
DA:73,0
DA:74,0
DA:75,0
DA:76,0
DA:77,0
DA:79,0
DA:90,0
DA:91,0
DA:93,0
DA:94,0
DA:95,0
DA:98,0
DA:99,0
DA:101,0
DA:102,0
DA:103,0
DA:105,0
DA:106,0
DA:110,0
DA:111,0
DA:120,0
DA:121,0
DA:122,0
DA:124,0
DA:125,0
DA:126,0
DA:129,0
DA:130,0
DA:131,0
DA:133,0
DA:134,0
DA:135,0
DA:136,0
DA:141,0
DA:142,0
DA:143,0
DA:146,0
DA:147,0
DA:148,0
DA:150,0
DA:155,0
DA:157,0
DA:161,0
DA:165,0
DA:166,0
DA:168,0
DA:169,0
DA:170,0
DA:171,0
DA:172,0
DA:175,0
DA:176,0
DA:177,0
DA:178,0
DA:193,0
DA:194,0
DA:196,0
DA:203,0
DA:204,0
DA:205,0
DA:207,0
DA:211,0
DA:214,0
DA:217,0
DA:218,0
DA:219,0
DA:220,0
DA:222,0
DA:225,0
DA:240,0
DA:241,0
DA:244,0
DA:245,0
DA:248,0
DA:249,0
DA:250,0
DA:253,0
DA:256,0
DA:257,0
DA:258,0
DA:260,0
DA:261,0
DA:262,0
DA:266,0
DA:267,0
DA:268,0
DA:278,0
DA:279,0
DA:280,0
DA:282,0
DA:283,0
DA:285,0
DA:286,0
DA:287,0
DA:291,0
DA:292,0
DA:293,0
DA:296,0
DA:302,0
DA:303,0
DA:307,0
DA:308,0
DA:309,0
DA:319,0
DA:322,0
DA:324,0
DA:325,0
DA:326,0
DA:327,0
DA:330,0
DA:331,0
DA:332,0
DA:333,0
DA:336,0
DA:337,0
DA:348,0
DA:350,0
DA:353,0
DA:354,0
DA:355,0
DA:357,0
DA:358,0
DA:359,0
DA:360,0
DA:363,0
DA:364,0
DA:367,0
DA:368,0
DA:378,0
DA:379,0
DA:382,0
DA:383,0
DA:390,0
DA:392,0
DA:393,0
DA:394,0
DA:395,0
DA:397,0
DA:408,0
DA:411,0
DA:412,0
DA:413,0
DA:415,0
DA:416,0
DA:417,0
DA:418,0
DA:419,0
DA:421,0
DA:422,0
DA:427,0
DA:429,0
DA:430,0
DA:431,0
DA:435,0
DA:437,0
DA:438,0
DA:441,0
DA:447,0
DA:448,0
DA:450,0
DA:451,0
DA:455,0
DA:456,0
DA:457,0
DA:458,0
DA:460,0
DA:461,0
DA:463,0
DA:464,0
DA:465,0
DA:466,0
DA:467,0
DA:468,0
DA:469,0
DA:470,0
DA:472,0
DA:473,0
DA:476,0
DA:477,0
DA:478,0
DA:479,0
DA:481,0
DA:482,0
DA:484,0
DA:486,0
DA:507,0
DA:508,0
DA:511,0
DA:512,0
DA:513,0
DA:516,0
DA:517,0
DA:518,0
DA:519,0
DA:524,0
DA:533,0
DA:534,0
DA:536,0
DA:537,0
DA:538,0
DA:539,0
DA:541,0
DA:542,0
DA:543,0
DA:545,0
DA:546,0
DA:549,0
DA:550,0
DA:551,0
DA:554,0
DA:557,0
DA:558,0
DA:561,0
DA:713,0
DA:714,0
DA:715,0
DA:716,0
DA:717,0
DA:724,0
DA:725,0
DA:726,0
DA:728,0
DA:729,0
DA:730,0
DA:731,0
DA:733,0
DA:735,0
DA:736,0
DA:743,0
DA:747,0
DA:748,0
DA:749,0
DA:751,0
DA:753,0
DA:755,0
DA:758,0
DA:762,0
DA:763,0
DA:765,0
DA:766,0
DA:767,0
DA:768,0
DA:769,0
DA:771,0
DA:774,0
DA:777,0
DA:782,0
DA:789,0
DA:790,0
DA:791,0
DA:793,0
DA:794,0
DA:797,0
DA:798,0
DA:801,0
LF:280
LH:0
BRDA:19,0,0,0
BRDA:19,0,1,0
BRDA:20,1,0,0
BRDA:20,1,1,0
BRDA:21,2,0,0
BRDA:21,2,1,0
BRDA:36,3,0,0
BRDA:36,3,1,0
BRDA:38,4,0,0
BRDA:38,4,1,0
BRDA:51,5,0,0
BRDA:51,5,1,0
BRDA:51,5,2,0
BRDA:52,6,0,0
BRDA:52,6,1,0
BRDA:52,6,2,0
BRDA:53,7,0,0
BRDA:53,7,1,0
BRDA:53,7,2,0
BRDA:54,8,0,0
BRDA:54,8,1,0
BRDA:54,8,2,0
BRDA:58,9,0,0
BRDA:59,10,0,0
BRDA:65,11,0,0
BRDA:65,11,1,0
BRDA:70,12,0,0
BRDA:75,13,0,0
BRDA:75,13,1,0
BRDA:75,14,0,0
BRDA:75,14,1,0
BRDA:93,15,0,0
BRDA:102,16,0,0
BRDA:102,16,1,0
BRDA:102,17,0,0
BRDA:102,17,1,0
BRDA:102,17,2,0
BRDA:102,17,3,0
BRDA:130,18,0,0
BRDA:130,19,0,0
BRDA:130,19,1,0
BRDA:134,20,0,0
BRDA:146,21,0,0
BRDA:146,21,1,0
BRDA:146,22,0,0
BRDA:146,22,1,0
BRDA:153,23,0,0
BRDA:153,23,1,0
BRDA:175,24,0,0
BRDA:175,25,0,0
BRDA:175,25,1,0
BRDA:203,26,0,0
BRDA:203,26,1,0
BRDA:203,27,0,0
BRDA:203,27,1,0
BRDA:214,28,0,0
BRDA:214,28,1,0
BRDA:248,29,0,0
BRDA:260,30,0,0
BRDA:266,31,0,0
BRDA:270,32,0,0
BRDA:270,32,1,0
BRDA:285,33,0,0
BRDA:285,34,0,0
BRDA:285,34,1,0
BRDA:291,35,0,0
BRDA:302,36,0,0
BRDA:307,37,0,0
BRDA:324,38,0,0
BRDA:324,38,1,0
BRDA:327,39,0,0
BRDA:327,39,1,0
BRDA:348,40,0,0
BRDA:363,41,0,0
BRDA:363,42,0,0
BRDA:363,42,1,0
BRDA:378,43,0,0
BRDA:390,44,0,0
BRDA:390,44,1,0
BRDA:393,45,0,0
BRDA:393,46,0,0
BRDA:393,46,1,0
BRDA:395,47,0,0
BRDA:395,47,1,0
BRDA:416,48,0,0
BRDA:416,48,1,0
BRDA:417,49,0,0
BRDA:417,49,1,0
BRDA:418,50,0,0
BRDA:430,51,0,0
BRDA:437,52,0,0
BRDA:447,53,0,0
BRDA:447,53,1,0
BRDA:447,54,0,0
BRDA:447,54,1,0
BRDA:455,55,0,0
BRDA:455,55,1,0
BRDA:456,56,0,0
BRDA:456,56,1,0
BRDA:457,57,0,0
BRDA:457,58,0,0
BRDA:457,58,1,0
BRDA:457,58,2,0
BRDA:460,59,0,0
BRDA:460,60,0,0
BRDA:460,60,1,0
BRDA:460,60,2,0
BRDA:463,61,0,0
BRDA:463,61,1,0
BRDA:467,62,0,0
BRDA:467,63,0,0
BRDA:467,63,1,0
BRDA:469,64,0,0
BRDA:472,65,0,0
BRDA:477,66,0,0
BRDA:477,67,0,0
BRDA:477,67,1,0
BRDA:481,68,0,0
BRDA:481,68,1,0
BRDA:516,69,0,0
BRDA:524,70,0,0
BRDA:524,70,1,0
BRDA:524,70,2,0
BRDA:524,70,3,0
BRDA:524,70,4,0
BRDA:524,70,5,0
BRDA:524,70,6,0
BRDA:536,71,0,0
BRDA:536,71,1,0
BRDA:536,72,0,0
BRDA:536,72,1,0
BRDA:539,73,0,0
BRDA:539,73,1,0
BRDA:539,74,0,0
BRDA:539,74,1,0
BRDA:543,75,0,0
BRDA:543,76,0,0
BRDA:543,76,1,0
BRDA:557,77,0,0
BRDA:557,77,1,0
BRDA:557,78,0,0
BRDA:557,78,1,0
BRDA:715,79,0,0
BRDA:715,79,1,0
BRDA:715,80,0,0
BRDA:715,80,1,0
BRDA:726,81,0,0
BRDA:733,82,0,0
BRDA:733,83,0,0
BRDA:733,83,1,0
BRDA:733,83,2,0
BRDA:733,83,3,0
BRDA:733,83,4,0
BRDA:735,84,0,0
BRDA:735,85,0,0
BRDA:735,85,1,0
BRDA:735,85,2,0
BRDA:762,86,0,0
BRDA:762,86,1,0
BRDA:766,87,0,0
BRDA:766,87,1,0
BRDA:767,88,0,0
BRDA:767,88,1,0
BRDA:768,89,0,0
BRDA:789,90,0,0
BRDA:789,90,1,0
BRF:166
BRH:0
end_of_record
TN:
SF:src/ai/chat/chat.types.ts
FN:24,(anonymous_0)
FNF:1
FNH:0
FNDA:0,(anonymous_0)
DA:24,0
DA:25,0
DA:26,0
DA:27,0
LF:4
LH:0
BRDA:24,0,0,0
BRDA:24,0,1,0
BRF:2
BRH:0
end_of_record
TN:
SF:src/ai/chat/index.ts
FNF:0
FNH:0
DA:1,0
DA:2,0
DA:3,0
LF:3
LH:0
BRF:0
BRH:0
end_of_record
TN:
SF:src/ai/chat/utils/chat-utils.ts
FN:12,formatChatMessage
FN:24,truncate
FNF:2
FNH:0
FNDA:0,formatChatMessage
FNDA:0,truncate
DA:12,0
DA:13,0
DA:24,0
DA:25,0
LF:4
LH:0
BRDA:25,0,0,0
BRDA:25,0,1,0
BRF:2
BRH:0
end_of_record
TN:
SF:src/ai/generator/generator-service.ts
FN:17,(anonymous_0)
FN:31,(anonymous_1)
FNF:2
FNH:0
FNDA:0,(anonymous_0)
FNDA:0,(anonymous_1)
DA:11,0
DA:18,0
DA:19,0
DA:20,0
DA:21,0
DA:33,0
LF:6
LH:0
BRDA:19,0,0,0
BRDA:19,0,1,0
BRDA:20,1,0,0
BRDA:20,1,1,0
BRDA:21,2,0,0
BRDA:21,2,1,0
BRDA:21,3,0,0
BRDA:21,3,1,0
BRF:8
BRH:0
end_of_record
TN:
SF:src/ai/generator/index.ts
FNF:0
FNH:0
DA:1,0
DA:2,0
DA:3,0
LF:3
LH:0
BRF:0
BRH:0
end_of_record
TN:
SF:src/ai/generator/utils/generator-utils.ts
FN:10,formatGeneratedCode
FNF:1
FNH:0
FNDA:0,formatGeneratedCode
DA:10,0
DA:11,0
LF:2
LH:0
BRF:0
BRH:0
end_of_record
TN:
SF:src/ai/vector-similarity/vector-similarity.ts
FN:18,(anonymous_1)
FN:38,(anonymous_2)
FN:85,(anonymous_3)
FN:88,(anonymous_4)
FN:100,(anonymous_5)
FN:118,(anonymous_6)
FN:157,(anonymous_7)
FN:203,(anonymous_8)
FN:238,(anonymous_9)
FN:266,(anonymous_10)
FN:317,(anonymous_11)
FN:324,(anonymous_12)
FN:341,(anonymous_13)
FNF:13
FNH:0
FNDA:0,(anonymous_1)
FNDA:0,(anonymous_2)
FNDA:0,(anonymous_3)
FNDA:0,(anonymous_4)
FNDA:0,(anonymous_5)
FNDA:0,(anonymous_6)
FNDA:0,(anonymous_7)
FNDA:0,(anonymous_8)
FNDA:0,(anonymous_9)
FNDA:0,(anonymous_10)
FNDA:0,(anonymous_11)
FNDA:0,(anonymous_12)
FNDA:0,(anonymous_13)
DA:3,0
DA:5,0
DA:7,0
DA:12,0
DA:13,0
DA:15,0
DA:16,0
DA:20,0
DA:21,0
DA:24,0
DA:30,0
DA:40,0
DA:41,0
DA:42,0
DA:46,0
DA:48,0
DA:49,0
DA:52,0
DA:58,0
DA:59,0
DA:60,0
DA:62,0
DA:63,0
DA:66,0
DA:67,0
DA:70,0
DA:71,0
DA:72,0
DA:74,0
DA:78,0
DA:87,0
DA:88,0
DA:91,0
DA:94,0
DA:102,0
DA:112,0
DA:120,0
DA:121,0
DA:122,0
DA:124,0
DA:125,0
DA:126,0
DA:129,0
DA:131,0
DA:133,0
DA:134,0
DA:136,0
DA:145,0
DA:147,0
DA:163,0
DA:165,0
DA:167,0
DA:170,0
DA:173,0
DA:176,0
DA:177,0
DA:178,0
DA:184,0
DA:193,0
DA:209,0
DA:210,0
DA:212,0
DA:214,0
DA:219,0
DA:221,0
DA:222,0
DA:223,0
DA:232,0
DA:239,0
DA:241,0
DA:242,0
DA:243,0
DA:246,0
DA:247,0
DA:248,0
DA:250,0
DA:251,0
DA:252,0
DA:255,0
DA:256,0
DA:257,0
DA:259,0
DA:271,0
DA:274,0
DA:275,0
DA:276,0
DA:280,0
DA:281,0
DA:283,0
DA:284,0
DA:286,0
DA:287,0
DA:288,0
DA:292,0
DA:293,0
DA:296,0
DA:297,0
DA:299,0
DA:300,0
DA:303,0
DA:304,0
DA:308,0
DA:309,0
DA:311,0
DA:318,0
DA:325,0
DA:326,0
DA:342,0
DA:343,0
DA:344,0
DA:345,0
DA:347,0
DA:350,0
LF:113
LH:0
BRDA:15,0,0,0
BRDA:15,0,1,0
BRDA:16,1,0,0
BRDA:16,1,1,0
BRDA:20,2,0,0
BRDA:20,2,1,0
BRDA:20,2,2,0
BRDA:21,3,0,0
BRDA:21,3,1,0
BRDA:21,3,2,0
BRDA:25,4,0,0
BRDA:25,4,1,0
BRDA:26,5,0,0
BRDA:26,5,1,0
BRDA:40,6,0,0
BRDA:40,7,0,0
BRDA:40,7,1,0
BRDA:46,8,0,0
BRDA:46,8,1,0
BRDA:58,9,0,0
BRDA:58,9,1,0
BRDA:58,10,0,0
BRDA:58,10,1,0
BRDA:58,10,2,0
BRDA:87,11,0,0
BRDA:87,11,1,0
BRDA:91,12,0,0
BRDA:91,12,1,0
BRDA:91,13,0,0
BRDA:91,13,1,0
BRDA:91,14,0,0
BRDA:91,14,1,0
BRDA:104,15,0,0
BRDA:104,15,1,0
BRDA:105,16,0,0
BRDA:105,16,1,0
BRDA:106,17,0,0
BRDA:106,17,1,0
BRDA:108,18,0,0
BRDA:108,18,1,0
BRDA:108,18,2,0
BRDA:120,19,0,0
BRDA:120,20,0,0
BRDA:120,20,1,0
BRDA:124,21,0,0
BRDA:142,22,0,0
BRDA:142,22,1,0
BRDA:142,22,2,0
BRDA:143,23,0,0
BRDA:143,23,1,0
BRDA:163,24,0,0
BRDA:163,25,0,0
BRDA:163,25,1,0
BRDA:176,26,0,0
BRDA:214,27,0,0
BRDA:215,28,0,0
BRDA:215,28,1,0
BRDA:215,28,2,0
BRDA:222,29,0,0
BRDA:241,30,0,0
BRDA:246,31,0,0
BRDA:246,32,0,0
BRDA:246,32,1,0
BRDA:250,33,0,0
BRDA:274,34,0,0
BRDA:274,35,0,0
BRDA:274,35,1,0
BRDA:286,36,0,0
BRDA:286,37,0,0
BRDA:286,37,1,0
BRDA:299,38,0,0
BRDA:344,39,0,0
BRDA:344,39,1,0
BRF:73
BRH:0
end_of_record
TN:
SF:src/ai/vector-similarity/utils/vector-similarity-utils.ts
FN:7,cosineSimilarity
FNF:1
FNH:0
FNDA:0,cosineSimilarity
DA:7,0
DA:8,0
DA:9,0
DA:11,0
DA:12,0
DA:13,0
DA:14,0
DA:15,0
DA:16,0
DA:17,0
DA:19,0
DA:20,0
DA:22,0
LF:13
LH:0
BRDA:8,0,0,0
BRDA:19,1,0,0
BRDA:19,2,0,0
BRDA:19,2,1,0
BRF:4
BRH:0
end_of_record
TN:
SF:src/cli/patch-embedding-model.ts
FN:11,createVectorSimilarityService
FNF:1
FNH:0
FNDA:0,createVectorSimilarityService
DA:5,0
DA:11,0
DA:17,0
DA:18,0
DA:21,0
LF:5
LH:0
BRDA:17,0,0,0
BRDA:17,0,1,0
BRDA:18,1,0,0
BRDA:18,1,1,0
BRDA:23,2,0,0
BRDA:23,2,1,0
BRDA:23,2,2,0
BRDA:24,3,0,0
BRDA:24,3,1,0
BRDA:24,3,2,0
BRDA:25,4,0,0
BRDA:25,4,1,0
BRF:12
BRH:0
end_of_record
TN:
SF:src/cli/save-vector-db.ts
FN:13,saveVectorDatabase
FN:42,updateComponentFilesWithSimilarityData
FN:87,(anonymous_11)
FNF:3
FNH:0
FNDA:0,saveVectorDatabase
FNDA:0,updateComponentFilesWithSimilarityData
FNDA:0,(anonymous_11)
DA:5,0
DA:6,0
DA:13,0
DA:17,0
DA:19,0
DA:20,0
DA:23,0
DA:24,0
DA:27,0
DA:28,0
DA:30,0
DA:33,0
DA:35,0
DA:43,0
DA:45,0
DA:48,0
DA:49,0
DA:51,0
DA:52,0
DA:55,0
DA:56,0
DA:60,0
DA:69,0
DA:70,0
DA:72,0
DA:74,0
DA:75,0
DA:77,0
DA:80,0
DA:81,0
DA:85,0
DA:87,0
DA:89,0
DA:91,0
DA:95,0
DA:96,0
DA:97,0
DA:102,0
DA:104,0
DA:106,0
DA:110,0
DA:112,0
DA:113,0
DA:126,0
DA:127,0
DA:129,0
DA:134,0
DA:136,0
LF:48
LH:0
BRDA:51,0,0,0
BRDA:55,1,0,0
BRDA:74,2,0,0
BRDA:80,3,0,0
BRDA:89,4,0,0
BRDA:89,4,1,0
BRDA:96,5,0,0
BRDA:104,6,0,0
BRDA:112,7,0,0
BRDA:117,8,0,0
BRDA:117,8,1,0
BRDA:118,9,0,0
BRDA:118,9,1,0
BRF:13
BRH:0
end_of_record
TN:
SF:src/cli/utils/cli-helpers.ts
FN:8,isPortInUse
FN:9,(anonymous_2)
FN:11,(anonymous_3)
FN:14,(anonymous_4)
FN:27,findFreePort
FNF:5
FNH:0
FNDA:0,isPortInUse
FNDA:0,(anonymous_2)
FNDA:0,(anonymous_3)
FNDA:0,(anonymous_4)
FNDA:0,findFreePort
DA:1,0
DA:8,0
DA:9,0
DA:10,0
DA:11,0
DA:12,0
DA:14,0
DA:15,0
DA:16,0
DA:18,0
DA:27,0
DA:28,0
DA:29,0
DA:30,0
DA:31,0
DA:33,0
LF:16
LH:0
BRF:0
BRH:0
end_of_record
TN:
SF:src/core/index.ts
FNF:0
FNH:0
DA:7,0
DA:10,0
LF:2
LH:0
BRF:0
BRH:0
end_of_record
TN:
SF:src/core/parser/ast-utils.ts
FN:17,extractComponentSourceCode
FN:32,visit
FN:126,extractAllTopLevelCodeItems
FN:168,collectInterfaces
FN:179,getJSDocComment
FN:188,(anonymous_14)
FN:213,visit
FN:298,findPropsTypeForComponent
FN:336,extractEntityDeclarations
FN:350,visit
FN:412,(anonymous_19)
FN:422,hasExportModifier
FN:425,(anonymous_21)
FN:444,extractAllEntities
FN:452,(anonymous_23)
FN:453,(anonymous_24)
FN:469,(anonymous_25)
FN:485,extractComponentMethods
FN:508,findComponentNode
FN:553,processNodeForMethods
FN:574,extractAllFunctions
FN:613,(anonymous_30)
FN:619,extractMethod
FN:642,(anonymous_32)
FNF:24
FNH:0
FNDA:0,extractComponentSourceCode
FNDA:0,visit
FNDA:0,extractAllTopLevelCodeItems
FNDA:0,collectInterfaces
FNDA:0,getJSDocComment
FNDA:0,(anonymous_14)
FNDA:0,visit
FNDA:0,findPropsTypeForComponent
FNDA:0,extractEntityDeclarations
FNDA:0,visit
FNDA:0,(anonymous_19)
FNDA:0,hasExportModifier
FNDA:0,(anonymous_21)
FNDA:0,extractAllEntities
FNDA:0,(anonymous_23)
FNDA:0,(anonymous_24)
FNDA:0,(anonymous_25)
FNDA:0,extractComponentMethods
FNDA:0,findComponentNode
FNDA:0,processNodeForMethods
FNDA:0,extractAllFunctions
FNDA:0,(anonymous_30)
FNDA:0,extractMethod
FNDA:0,(anonymous_32)
DA:6,0
DA:7,0
DA:17,0
DA:21,0
DA:22,0
DA:33,0
DA:36,0
DA:41,0
DA:42,0
DA:46,0
DA:51,0
DA:52,0
DA:56,0
DA:57,0
DA:58,0
DA:64,0
DA:70,0
DA:71,0
DA:77,0
DA:81,0
DA:84,0
DA:85,0
DA:86,0
DA:87,0
DA:90,0
DA:91,0
DA:93,0
DA:95,0
DA:97,0
DA:102,0
DA:107,0
DA:126,0
DA:149,0
DA:157,0
DA:159,0
DA:160,0
DA:169,0
DA:170,0
DA:176,0
DA:180,0
DA:181,0
DA:182,0
DA:184,0
DA:188,0
DA:189,0
DA:190,0
DA:191,0
DA:192,0
DA:193,0
DA:195,0
DA:204,0
DA:206,0
DA:210,0
DA:215,0
DA:216,0
DA:217,0
DA:228,0
DA:231,0
DA:232,0
DA:233,0
DA:236,0
DA:239,0
DA:240,0
DA:241,0
DA:252,0
DA:255,0
DA:256,0
DA:257,0
DA:260,0
DA:263,0
DA:264,0
DA:265,0
DA:271,0
DA:272,0
DA:283,0
DA:286,0
DA:287,0
DA:288,0
DA:291,0
DA:300,0
DA:301,0
DA:302,0
DA:303,0
DA:308,0
DA:309,0
DA:311,0
DA:312,0
DA:313,0
DA:317,0
DA:321,0
DA:322,0
DA:324,0
DA:325,0
DA:336,0
DA:340,0
DA:342,0
DA:343,0
DA:352,0
DA:353,0
DA:354,0
DA:356,0
DA:366,0
DA:367,0
DA:368,0
DA:370,0
DA:380,0
DA:381,0
DA:383,0
DA:384,0
DA:389,0
DA:390,0
DA:393,0
DA:395,0
DA:407,0
DA:409,0
DA:410,0
DA:412,0
DA:413,0
DA:414,0
DA:419,0
DA:423,0
DA:424,0
DA:425,0
DA:428,0
DA:429,0
DA:431,0
DA:432,0
DA:444,0
DA:449,0
DA:451,0
DA:452,0
DA:453,0
DA:456,0
DA:463,0
DA:464,0
DA:465,0
DA:466,0
DA:469,0
DA:470,0
DA:473,0
DA:477,0
DA:478,0
DA:480,0
DA:481,0
DA:485,0
DA:489,0
DA:490,0
DA:492,0
DA:494,0
DA:501,0
DA:505,0
DA:509,0
DA:512,0
DA:517,0
DA:518,0
DA:519,0
DA:523,0
DA:528,0
DA:529,0
DA:530,0
DA:534,0
DA:535,0
DA:536,0
DA:541,0
DA:542,0
DA:543,0
DA:549,0
DA:555,0
DA:556,0
DA:557,0
DA:560,0
DA:566,0
DA:567,0
DA:570,0
DA:581,0
DA:582,0
DA:584,0
DA:585,0
DA:589,0
DA:590,0
DA:591,0
DA:598,0
DA:600,0
DA:601,0
DA:613,0
DA:614,0
DA:627,0
DA:628,0
DA:631,0
DA:632,0
DA:635,0
DA:641,0
DA:642,0
DA:643,0
DA:644,0
DA:646,0
DA:647,0
DA:650,0
DA:660,0
DA:661,0
DA:666,0
DA:667,0
DA:668,0
DA:670,0
DA:671,0
DA:673,0
DA:683,0
DA:686,0
DA:687,0
DA:688,0
DA:691,0
DA:695,0
DA:698,0
DA:699,0
DA:702,0
DA:703,0
DA:707,0
DA:709,0
DA:711,0
DA:712,0
DA:713,0
DA:714,0
DA:715,0
DA:716,0
DA:723,0
DA:724,0
DA:728,0
DA:729,0
DA:741,0
DA:744,0
DA:747,0
DA:750,0
DA:752,0
DA:756,0
LF:234
LH:0
BRDA:33,0,0,0
BRDA:36,1,0,0
BRDA:37,2,0,0
BRDA:37,2,1,0
BRDA:37,2,2,0
BRDA:46,3,0,0
BRDA:47,4,0,0
BRDA:47,4,1,0
BRDA:47,4,2,0
BRDA:56,5,0,0
BRDA:58,6,0,0
BRDA:59,7,0,0
BRDA:59,7,1,0
BRDA:59,7,2,0
BRDA:64,8,0,0
BRDA:65,9,0,0
BRDA:65,9,1,0
BRDA:65,9,2,0
BRDA:84,10,0,0
BRDA:84,10,1,0
BRDA:90,11,0,0
BRDA:97,12,0,0
BRDA:97,12,1,0
BRDA:107,13,0,0
BRDA:107,13,1,0
BRDA:169,14,0,0
BRDA:169,15,0,0
BRDA:169,15,1,0
BRDA:181,16,0,0
BRDA:181,17,0,0
BRDA:181,17,1,0
BRDA:189,18,0,0
BRDA:189,19,0,0
BRDA:189,19,1,0
BRDA:191,20,0,0
BRDA:191,20,1,0
BRDA:215,21,0,0
BRDA:215,21,1,0
BRDA:215,22,0,0
BRDA:215,22,1,0
BRDA:232,23,0,0
BRDA:232,24,0,0
BRDA:232,24,1,0
BRDA:239,25,0,0
BRDA:239,25,1,0
BRDA:239,26,0,0
BRDA:239,26,1,0
BRDA:256,27,0,0
BRDA:256,28,0,0
BRDA:256,28,1,0
BRDA:263,29,0,0
BRDA:265,30,0,0
BRDA:266,31,0,0
BRDA:266,31,1,0
BRDA:266,31,2,0
BRDA:266,31,3,0
BRDA:266,31,4,0
BRDA:287,32,0,0
BRDA:287,33,0,0
BRDA:287,33,1,0
BRDA:300,34,0,0
BRDA:300,35,0,0
BRDA:300,35,1,0
BRDA:300,35,2,0
BRDA:302,36,0,0
BRDA:308,37,0,0
BRDA:308,38,0,0
BRDA:308,38,1,0
BRDA:311,39,0,0
BRDA:311,39,1,0
BRDA:312,40,0,0
BRDA:312,41,0,0
BRDA:312,41,1,0
BRDA:352,42,0,0
BRDA:352,42,1,0
BRDA:352,43,0,0
BRDA:352,43,1,0
BRDA:362,44,0,0
BRDA:362,44,1,0
BRDA:366,45,0,0
BRDA:366,45,1,0
BRDA:366,46,0,0
BRDA:366,46,1,0
BRDA:376,47,0,0
BRDA:376,47,1,0
BRDA:380,48,0,0
BRDA:380,48,1,0
BRDA:384,49,0,0
BRDA:384,50,0,0
BRDA:384,50,1,0
BRDA:384,50,2,0
BRDA:384,50,3,0
BRDA:384,50,4,0
BRDA:393,51,0,0
BRDA:393,51,1,0
BRDA:401,52,0,0
BRDA:401,52,1,0
BRDA:407,53,0,0
BRDA:407,54,0,0
BRDA:407,54,1,0
BRDA:409,55,0,0
BRDA:413,56,0,0
BRDA:423,57,0,0
BRDA:425,58,0,0
BRDA:425,58,1,0
BRDA:446,59,0,0
BRDA:447,60,0,0
BRDA:509,61,0,0
BRDA:512,62,0,0
BRDA:513,63,0,0
BRDA:513,63,1,0
BRDA:513,63,2,0
BRDA:523,64,0,0
BRDA:524,65,0,0
BRDA:524,65,1,0
BRDA:524,65,2,0
BRDA:534,66,0,0
BRDA:536,67,0,0
BRDA:537,68,0,0
BRDA:537,68,1,0
BRDA:537,68,2,0
BRDA:555,69,0,0
BRDA:555,69,1,0
BRDA:555,70,0,0
BRDA:555,70,1,0
BRDA:560,71,0,0
BRDA:561,72,0,0
BRDA:561,72,1,0
BRDA:561,72,2,0
BRDA:561,72,3,0
BRDA:581,73,0,0
BRDA:581,73,1,0
BRDA:581,74,0,0
BRDA:581,74,1,0
BRDA:584,75,0,0
BRDA:589,76,0,0
BRDA:591,77,0,0
BRDA:592,78,0,0
BRDA:592,78,1,0
BRDA:592,78,2,0
BRDA:592,78,3,0
BRDA:592,78,4,0
BRDA:600,79,0,0
BRDA:627,80,0,0
BRDA:635,81,0,0
BRDA:636,82,0,0
BRDA:636,82,1,0
BRDA:636,82,2,0
BRDA:636,82,3,0
BRDA:641,83,0,0
BRDA:646,84,0,0
BRDA:654,85,0,0
BRDA:654,85,1,0
BRDA:660,86,0,0
BRDA:660,87,0,0
BRDA:660,87,1,0
BRDA:686,88,0,0
BRDA:698,89,0,0
BRDA:698,89,1,0
BRDA:698,90,0,0
BRDA:698,90,1,0
BRDA:702,91,0,0
BRDA:702,91,1,0
BRDA:709,92,0,0
BRDA:712,93,0,0
BRDA:712,93,1,0
BRDA:714,94,0,0
BRDA:716,95,0,0
BRDA:717,96,0,0
BRDA:717,96,1,0
BRDA:717,96,2,0
BRDA:717,96,3,0
BRDA:717,96,4,0
BRDA:717,96,5,0
BRDA:728,97,0,0
BRF:175
BRH:0
end_of_record
TN:
SF:src/core/parser/component-parser.ts
FN:25,parseComponentFile
FN:55,(anonymous_10)
FN:81,(anonymous_11)
FN:109,findComponentNode
FN:186,collectComponentsRecursively
FN:275,(anonymous_14)
FN:285,(anonymous_15)
FN:291,(anonymous_16)
FN:339,parseSingleComponentFile
FNF:9
FNH:0
FNDA:0,parseComponentFile
FNDA:0,(anonymous_10)
FNDA:0,(anonymous_11)
FNDA:0,findComponentNode
FNDA:0,collectComponentsRecursively
FNDA:0,(anonymous_14)
FNDA:0,(anonymous_15)
FNDA:0,(anonymous_16)
FNDA:0,parseSingleComponentFile
DA:7,0
DA:8,0
DA:9,0
DA:11,0
DA:12,0
DA:13,0
DA:25,0
DA:31,0
DA:32,0
DA:33,0
DA:36,0
DA:38,0
DA:39,0
DA:40,0
DA:43,0
DA:46,0
DA:49,0
DA:50,0
DA:51,0
DA:54,0
DA:56,0
DA:57,0
DA:68,0
DA:74,0
DA:77,0
DA:80,0
DA:81,0
DA:84,0
DA:85,0
DA:86,0
DA:87,0
DA:90,0
DA:91,0
DA:92,0
DA:94,0
DA:104,0
DA:105,0
DA:107,0
DA:110,0
DA:112,0
DA:113,0
DA:114,0
DA:115,0
DA:116,0
DA:120,0
DA:121,0
DA:122,0
DA:123,0
DA:124,0
DA:125,0
DA:126,0
DA:131,0
DA:133,0
DA:136,0
DA:139,0
DA:162,0
DA:163,0
DA:166,0
DA:168,0
DA:169,0
DA:186,0
DA:198,0
DA:201,0
DA:202,0
DA:203,0
DA:207,0
DA:208,0
DA:209,0
DA:213,0
DA:215,0
DA:216,0
DA:219,0
DA:220,0
DA:221,0
DA:223,0
DA:224,0
DA:227,0
DA:228,0
DA:232,0
DA:247,0
DA:248,0
DA:251,0
DA:252,0
DA:255,0
DA:258,0
DA:259,0
DA:263,0
DA:266,0
DA:272,0
DA:275,0
DA:277,0
DA:278,0
DA:279,0
DA:283,0
DA:285,0
DA:286,0
DA:287,0
DA:288,0
DA:291,0
DA:292,0
DA:293,0
DA:294,0
DA:297,0
DA:300,0
DA:303,0
DA:304,0
DA:306,0
DA:320,0
DA:324,0
DA:339,0
DA:357,0
DA:360,0
DA:361,0
DA:363,0
DA:364,0
DA:366,0
DA:367,0
DA:380,0
DA:383,0
LF:119
LH:0
BRDA:38,0,0,0
BRDA:54,1,0,0
BRDA:54,1,1,0
BRDA:59,2,0,0
BRDA:59,2,1,0
BRDA:60,3,0,0
BRDA:60,3,1,0
BRDA:62,4,0,0
BRDA:62,4,1,0
BRDA:110,5,0,0
BRDA:112,6,0,0
BRDA:112,7,0,0
BRDA:112,7,1,0
BRDA:113,8,0,0
BRDA:113,9,0,0
BRDA:113,9,1,0
BRDA:120,10,0,0
BRDA:122,11,0,0
BRDA:122,12,0,0
BRDA:122,12,1,0
BRDA:123,13,0,0
BRDA:123,14,0,0
BRDA:123,14,1,0
BRDA:123,14,2,0
BRDA:143,15,0,0
BRDA:143,15,1,0
BRDA:201,16,0,0
BRDA:207,17,0,0
BRDA:219,18,0,0
BRDA:219,18,1,0
BRDA:227,19,0,0
BRDA:227,20,0,0
BRDA:227,20,1,0
BRDA:247,21,0,0
BRDA:251,22,0,0
BRDA:251,22,1,0
BRDA:277,23,0,0
BRDA:287,24,0,0
BRDA:287,24,1,0
BRDA:293,25,0,0
BRDA:293,25,1,0
BRDA:297,26,0,0
BRDA:297,26,1,0
BRDA:353,27,0,0
BRDA:354,28,0,0
BRDA:355,29,0,0
BRF:46
BRH:0
end_of_record
TN:
SF:src/core/parser/duplicate-detector.ts
FN:40,extractCodeBlocks
FN:92,detectDuplicates
FN:152,(anonymous_11)
FN:158,calculateSimilarity
FN:179,calculateJaccardSimilarity
FN:183,(anonymous_14)
FN:192,calculateLengthSimilarity
FN:202,tokenizeCode
FN:213,visit
FN:236,(anonymous_18)
FN:245,extractCodeStructure
FN:256,visit
FN:296,simpleHash
FN:317,groupDuplicatesBySeverity
FN:323,(anonymous_23)
FN:324,(anonymous_24)
FN:325,(anonymous_25)
FNF:17
FNH:0
FNDA:0,extractCodeBlocks
FNDA:0,detectDuplicates
FNDA:0,(anonymous_11)
FNDA:0,calculateSimilarity
FNDA:0,calculateJaccardSimilarity
FNDA:0,(anonymous_14)
FNDA:0,calculateLengthSimilarity
FNDA:0,tokenizeCode
FNDA:0,visit
FNDA:0,(anonymous_18)
FNDA:0,extractCodeStructure
FNDA:0,visit
FNDA:0,simpleHash
FNDA:0,groupDuplicatesBySeverity
FNDA:0,(anonymous_23)
FNDA:0,(anonymous_24)
FNDA:0,(anonymous_25)
DA:6,0
DA:40,0
DA:41,0
DA:43,0
DA:45,0
DA:46,0
DA:47,0
DA:49,0
DA:63,0
DA:64,0
DA:65,0
DA:66,0
DA:67,0
DA:69,0
DA:86,0
DA:92,0
DA:97,0
DA:98,0
DA:100,0
DA:101,0
DA:102,0
DA:103,0
DA:106,0
DA:107,0
DA:111,0
DA:112,0
DA:114,0
DA:115,0
DA:118,0
DA:120,0
DA:121,0
DA:123,0
DA:124,0
DA:125,0
DA:126,0
DA:127,0
DA:128,0
DA:129,0
DA:131,0
DA:134,0
DA:152,0
DA:160,0
DA:161,0
DA:165,0
DA:168,0
DA:171,0
DA:173,0
DA:180,0
DA:181,0
DA:183,0
DA:184,0
DA:186,0
DA:193,0
DA:194,0
DA:196,0
DA:203,0
DA:205,0
DA:206,0
DA:215,0
DA:216,0
DA:217,0
DA:218,0
DA:219,0
DA:220,0
DA:221,0
DA:222,0
DA:225,0
DA:228,0
DA:231,0
DA:236,0
DA:239,0
DA:246,0
DA:248,0
DA:249,0
DA:258,0
DA:259,0
DA:260,0
DA:261,0
DA:262,0
DA:263,0
DA:264,0
DA:265,0
DA:266,0
DA:267,0
DA:268,0
DA:269,0
DA:270,0
DA:271,0
DA:272,0
DA:273,0
DA:274,0
DA:275,0
DA:278,0
DA:281,0
DA:284,0
DA:285,0
DA:286,0
DA:287,0
DA:290,0
DA:298,0
DA:304,0
DA:305,0
DA:306,0
DA:307,0
DA:308,0
DA:311,0
DA:317,0
DA:322,0
DA:323,0
DA:324,0
DA:325,0
LF:111
LH:0
BRDA:45,0,0,0
BRDA:50,1,0,0
BRDA:50,1,1,0
BRDA:63,2,0,0
BRDA:65,3,0,0
BRDA:70,4,0,0
BRDA:70,4,1,0
BRDA:94,5,0,0
BRDA:95,6,0,0
BRDA:106,7,0,0
BRDA:106,8,0,0
BRDA:106,8,1,0
BRDA:111,9,0,0
BRDA:111,9,1,0
BRDA:111,10,0,0
BRDA:111,10,1,0
BRDA:112,11,0,0
BRDA:112,11,1,0
BRDA:112,12,0,0
BRDA:112,12,1,0
BRDA:114,13,0,0
BRDA:114,14,0,0
BRDA:114,14,1,0
BRDA:120,15,0,0
BRDA:124,16,0,0
BRDA:124,16,1,0
BRDA:126,17,0,0
BRDA:126,17,1,0
BRDA:128,18,0,0
BRDA:128,18,1,0
BRDA:160,19,0,0
BRDA:165,20,0,0
BRDA:165,20,1,0
BRDA:186,21,0,0
BRDA:186,21,1,0
BRDA:196,22,0,0
BRDA:196,22,1,0
BRDA:215,23,0,0
BRDA:215,23,1,0
BRDA:217,24,0,0
BRDA:217,24,1,0
BRDA:219,25,0,0
BRDA:219,25,1,0
BRDA:221,26,0,0
BRDA:231,27,0,0
BRDA:231,27,1,0
BRDA:258,28,0,0
BRDA:258,28,1,0
BRDA:260,29,0,0
BRDA:260,29,1,0
BRDA:260,30,0,0
BRDA:260,30,1,0
BRDA:260,30,2,0
BRDA:262,31,0,0
BRDA:262,31,1,0
BRDA:262,32,0,0
BRDA:262,32,1,0
BRDA:264,33,0,0
BRDA:264,33,1,0
BRDA:266,34,0,0
BRDA:266,34,1,0
BRDA:268,35,0,0
BRDA:268,35,1,0
BRDA:268,36,0,0
BRDA:268,36,1,0
BRDA:268,36,2,0
BRDA:270,37,0,0
BRDA:270,37,1,0
BRDA:272,38,0,0
BRDA:272,38,1,0
BRDA:274,39,0,0
BRDA:284,40,0,0
BRDA:284,41,0,0
BRDA:284,41,1,0
BRDA:285,42,0,0
BRDA:285,43,0,0
BRDA:285,43,1,0
BRDA:286,44,0,0
BRDA:286,45,0,0
BRDA:286,45,1,0
BRDA:287,46,0,0
BRDA:324,47,0,0
BRDA:324,47,1,0
BRDA:325,48,0,0
BRDA:325,48,1,0
BRF:85
BRH:0
end_of_record
TN:
SF:src/core/parser/enhanced-analyzer.ts
FN:41,analyzeCodebase
FN:49,(anonymous_1)
FN:74,calculateQualityMetrics
FN:80,(anonymous_3)
FN:84,(anonymous_4)
FN:92,(anonymous_5)
FN:95,(anonymous_6)
FN:131,generateRecommendations
FN:148,(anonymous_8)
FN:164,(anonymous_9)
FN:175,(anonymous_10)
FN:182,(anonymous_11)
FN:195,(anonymous_12)
FN:196,(anonymous_13)
FN:216,(anonymous_14)
FN:217,(anonymous_15)
FN:236,(anonymous_16)
FN:237,(anonymous_17)
FN:278,getHealthScoreColor
FN:288,getHealthBadgeVariant
FNF:20
FNH:0
FNDA:0,analyzeCodebase
FNDA:0,(anonymous_1)
FNDA:0,calculateQualityMetrics
FNDA:0,(anonymous_3)
FNDA:0,(anonymous_4)
FNDA:0,(anonymous_5)
FNDA:0,(anonymous_6)
FNDA:0,generateRecommendations
FNDA:0,(anonymous_8)
FNDA:0,(anonymous_9)
FNDA:0,(anonymous_10)
FNDA:0,(anonymous_11)
FNDA:0,(anonymous_12)
FNDA:0,(anonymous_13)
FNDA:0,(anonymous_14)
FNDA:0,(anonymous_15)
FNDA:0,(anonymous_16)
FNDA:0,(anonymous_17)
FNDA:0,getHealthScoreColor
FNDA:0,getHealthBadgeVariant
DA:7,0
DA:8,0
DA:41,0
DA:43,0
DA:46,0
DA:49,0
DA:54,0
DA:57,0
DA:60,0
DA:62,0
DA:79,0
DA:80,0
DA:83,0
DA:85,0
DA:86,0
DA:87,0
DA:91,0
DA:92,0
DA:95,0
DA:96,0
DA:99,0
DA:102,0
DA:103,0
DA:104,0
DA:105,0
DA:107,0
DA:111,0
DA:112,0
DA:113,0
DA:114,0
DA:116,0
DA:137,0
DA:140,0
DA:142,0
DA:143,0
DA:148,0
DA:158,0
DA:159,0
DA:164,0
DA:174,0
DA:175,0
DA:177,0
DA:182,0
DA:193,0
DA:194,0
DA:195,0
DA:196,0
DA:198,0
DA:214,0
DA:215,0
DA:216,0
DA:217,0
DA:219,0
DA:235,0
DA:236,0
DA:237,0
DA:239,0
DA:240,0
DA:256,0
DA:257,0
DA:272,0
DA:278,0
DA:279,0
DA:280,0
DA:281,0
DA:282,0
DA:288,0
DA:289,0
DA:292,0
DA:294,0
DA:296,0
DA:298,0
LF:72
LH:0
BRDA:50,0,0,0
BRDA:50,0,1,0
BRDA:51,1,0,0
BRDA:51,1,1,0
BRDA:80,2,0,0
BRDA:80,2,1,0
BRDA:83,3,0,0
BRDA:83,3,1,0
BRDA:85,4,0,0
BRDA:85,4,1,0
BRDA:86,5,0,0
BRDA:86,5,1,0
BRDA:91,6,0,0
BRDA:91,6,1,0
BRDA:96,7,0,0
BRDA:96,7,1,0
BRDA:111,8,0,0
BRDA:111,8,1,0
BRDA:112,9,0,0
BRDA:112,9,1,0
BRDA:113,10,0,0
BRDA:113,10,1,0
BRDA:142,11,0,0
BRDA:158,12,0,0
BRDA:174,13,0,0
BRDA:179,14,0,0
BRDA:179,14,1,0
BRDA:193,15,0,0
BRDA:195,16,0,0
BRDA:195,16,1,0
BRDA:200,17,0,0
BRDA:200,17,1,0
BRDA:214,18,0,0
BRDA:216,19,0,0
BRDA:216,19,1,0
BRDA:221,20,0,0
BRDA:221,20,1,0
BRDA:236,21,0,0
BRDA:236,21,1,0
BRDA:239,22,0,0
BRDA:256,23,0,0
BRDA:279,24,0,0
BRDA:280,25,0,0
BRDA:281,26,0,0
BRDA:289,27,0,0
BRDA:289,27,1,0
BRDA:289,27,2,0
BRDA:289,27,3,0
BRDA:289,27,4,0
BRF:49
BRH:0
end_of_record
TN:
SF:src/core/parser/file-utils.ts
FN:18,debug
FN:30,resolveImportPath
FN:83,shouldIncludeFile
FN:93,(anonymous_4)
FN:100,(anonymous_5)
FN:115,findTsConfig
FN:160,extractImportedComponentPaths
FNF:7
FNH:0
FNDA:0,debug
FNDA:0,resolveImportPath
FNDA:0,shouldIncludeFile
FNDA:0,(anonymous_4)
FNDA:0,(anonymous_5)
FNDA:0,findTsConfig
FNDA:0,extractImportedComponentPaths
DA:6,0
DA:7,0
DA:9,0
DA:12,0
DA:18,0
DA:19,0
DA:30,0
DA:35,0
DA:36,0
DA:38,0
DA:40,0
DA:43,0
DA:46,0
DA:47,0
DA:48,0
DA:49,0
DA:50,0
DA:55,0
DA:56,0
DA:57,0
DA:58,0
DA:59,0
DA:60,0
DA:61,0
DA:67,0
DA:69,0
DA:70,0
DA:83,0
DA:90,0
DA:93,0
DA:94,0
DA:95,0
DA:96,0
DA:100,0
DA:101,0
DA:102,0
DA:103,0
DA:106,0
DA:115,0
DA:117,0
DA:118,0
DA:121,0
DA:122,0
DA:123,0
DA:124,0
DA:126,0
DA:127,0
DA:128,0
DA:129,0
DA:130,0
DA:131,0
DA:132,0
DA:134,0
DA:137,0
DA:141,0
DA:142,0
DA:143,0
DA:145,0
DA:146,0
DA:149,0
DA:160,0
DA:165,0
DA:167,0
DA:169,0
DA:171,0
DA:174,0
DA:175,0
DA:176,0
DA:181,0
DA:183,0
DA:184,0
DA:185,0
DA:188,0
DA:191,0
DA:197,0
DA:198,0
DA:199,0
DA:201,0
DA:204,0
DA:208,0
DA:210,0
DA:214,0
LF:82
LH:0
BRDA:19,0,0,0
BRDA:38,1,0,0
BRDA:48,2,0,0
BRDA:56,3,0,0
BRDA:56,4,0,0
BRDA:56,4,1,0
BRDA:59,5,0,0
BRDA:95,6,0,0
BRDA:95,6,1,0
BRDA:102,7,0,0
BRDA:102,7,1,0
BRDA:106,8,0,0
BRDA:106,8,1,0
BRDA:121,9,0,0
BRDA:121,9,1,0
BRDA:129,10,0,0
BRDA:145,11,0,0
BRDA:181,12,0,0
BRDA:181,12,1,0
BRDA:183,13,0,0
BRDA:197,14,0,0
BRDA:197,14,1,0
BRF:22
BRH:0
end_of_record
TN:
SF:src/core/parser/index.ts
FN:33,parseComponents
FN:95,(anonymous_11)
FN:158,buildEntityDeclarationMap
FN:178,(anonymous_13)
FN:203,parseAllCodeItems
FN:215,(anonymous_15)
FN:228,(anonymous_16)
FN:229,(anonymous_17)
FN:229,(anonymous_18)
FN:230,(anonymous_19)
FNF:10
FNH:0
FNDA:0,parseComponents
FNDA:0,(anonymous_11)
FNDA:0,buildEntityDeclarationMap
FNDA:0,(anonymous_13)
FNDA:0,parseAllCodeItems
FNDA:0,(anonymous_15)
FNDA:0,(anonymous_16)
FNDA:0,(anonymous_17)
FNDA:0,(anonymous_18)
FNDA:0,(anonymous_19)
DA:6,0
DA:7,0
DA:8,0
DA:9,0
DA:11,0
DA:12,0
DA:13,0
DA:14,0
DA:15,0
DA:33,0
DA:47,0
DA:50,0
DA:52,0
DA:53,0
DA:59,0
DA:60,0
DA:61,0
DA:65,0
DA:68,0
DA:74,0
DA:80,0
DA:82,0
DA:83,0
DA:84,0
DA:87,0
DA:89,0
DA:90,0
DA:94,0
DA:96,0
DA:102,0
DA:107,0
DA:108,0
DA:113,0
DA:116,0
DA:117,0
DA:129,0
DA:132,0
DA:133,0
DA:136,0
DA:141,0
DA:143,0
DA:146,0
DA:158,0
DA:163,0
DA:165,0
DA:166,0
DA:172,0
DA:173,0
DA:174,0
DA:175,0
DA:178,0
DA:180,0
DA:181,0
DA:184,0
DA:188,0
DA:192,0
DA:193,0
DA:195,0
DA:196,0
DA:203,0
DA:204,0
DA:205,0
DA:206,0
DA:211,0
DA:212,0
DA:213,0
DA:214,0
DA:215,0
DA:219,0
DA:221,0
DA:224,0
DA:228,0
DA:229,0
DA:230,0
LF:74
LH:0
BRDA:39,0,0,0
BRDA:40,1,0,0
BRDA:41,2,0,0
BRDA:52,3,0,0
BRDA:52,3,1,0
BRDA:60,4,0,0
BRDA:60,4,1,0
BRDA:72,5,0,0
BRDA:72,5,1,0
BRDA:89,6,0,0
BRDA:96,7,0,0
BRDA:96,7,1,0
BRDA:102,8,0,0
BRDA:102,8,1,0
BRDA:132,9,0,0
BRDA:132,9,1,0
BRDA:160,10,0,0
BRDA:161,11,0,0
BRDA:181,12,0,0
BRDA:181,13,0,0
BRDA:181,13,1,0
BRDA:181,13,2,0
BRDA:181,13,3,0
BRDA:181,13,4,0
BRF:24
BRH:0
end_of_record
TN:
SF:src/core/parser/relationship-extractor.ts
FN:15,extractImports
FN:25,visit
FN:46,(anonymous_11)
FN:95,extractComponentReferences
FN:107,visit
FN:170,extractMethodCalls
FN:203,visit
FN:276,extractInheritance
FN:290,visit
FN:337,(anonymous_18)
FN:362,extractPropDrilling
FN:377,visit
FN:384,(anonymous_21)
FN:385,(anonymous_22)
FN:414,detectCircularDependencies
FN:421,(anonymous_24)
FN:422,(anonymous_25)
FN:431,hasCycle
FN:461,(anonymous_27)
FN:479,extractEntityUsages
FN:498,(anonymous_29)
FN:517,(anonymous_30)
FN:536,(anonymous_31)
FN:552,(anonymous_32)
FN:569,(anonymous_33)
FN:628,generateRelationships
FN:639,toSlug
FN:643,addRelationship
FN:680,(anonymous_37)
FN:702,(anonymous_38)
FN:707,(anonymous_39)
FNF:31
FNH:0
FNDA:0,extractImports
FNDA:0,visit
FNDA:0,(anonymous_11)
FNDA:0,extractComponentReferences
FNDA:0,visit
FNDA:0,extractMethodCalls
FNDA:0,visit
FNDA:0,extractInheritance
FNDA:0,visit
FNDA:0,(anonymous_18)
FNDA:0,extractPropDrilling
FNDA:0,visit
FNDA:0,(anonymous_21)
FNDA:0,(anonymous_22)
FNDA:0,detectCircularDependencies
FNDA:0,(anonymous_24)
FNDA:0,(anonymous_25)
FNDA:0,hasCycle
FNDA:0,(anonymous_27)
FNDA:0,extractEntityUsages
FNDA:0,(anonymous_29)
FNDA:0,(anonymous_30)
FNDA:0,(anonymous_31)
FNDA:0,(anonymous_32)
FNDA:0,(anonymous_33)
FNDA:0,generateRelationships
FNDA:0,toSlug
FNDA:0,addRelationship
FNDA:0,(anonymous_37)
FNDA:0,(anonymous_38)
FNDA:0,(anonymous_39)
DA:6,0
DA:7,0
DA:15,0
DA:16,0
DA:17,0
DA:18,0
DA:26,0
DA:28,0
DA:29,0
DA:30,0
DA:33,0
DA:43,0
DA:45,0
DA:46,0
DA:47,0
DA:48,0
DA:49,0
DA:54,0
DA:55,0
DA:56,0
DA:57,0
DA:63,0
DA:64,0
DA:67,0
DA:71,0
DA:78,0
DA:81,0
DA:82,0
DA:84,0
DA:85,0
DA:95,0
DA:96,0
DA:97,0
DA:99,0
DA:100,0
DA:109,0
DA:110,0
DA:113,0
DA:114,0
DA:115,0
DA:117,0
DA:121,0
DA:125,0
DA:126,0
DA:131,0
DA:132,0
DA:135,0
DA:141,0
DA:142,0
DA:144,0
DA:145,0
DA:150,0
DA:153,0
DA:154,0
DA:156,0
DA:157,0
DA:170,0
DA:176,0
DA:177,0
DA:179,0
DA:180,0
DA:188,0
DA:195,0
DA:205,0
DA:210,0
DA:211,0
DA:212,0
DA:215,0
DA:221,0
DA:225,0
DA:226,0
DA:229,0
DA:233,0
DA:234,0
DA:239,0
DA:243,0
DA:244,0
DA:245,0
DA:247,0
DA:254,0
DA:259,0
DA:262,0
DA:263,0
DA:265,0
DA:266,0
DA:276,0
DA:277,0
DA:282,0
DA:283,0
DA:292,0
DA:293,0
DA:294,0
DA:295,0
DA:296,0
DA:297,0
DA:299,0
DA:300,0
DA:301,0
DA:304,0
DA:305,0
DA:306,0
DA:307,0
DA:308,0
DA:309,0
DA:318,0
DA:319,0
DA:320,0
DA:321,0
DA:322,0
DA:323,0
DA:324,0
DA:325,0
DA:326,0
DA:335,0
DA:336,0
DA:337,0
DA:338,0
DA:339,0
DA:340,0
DA:341,0
DA:348,0
DA:351,0
DA:352,0
DA:354,0
DA:355,0
DA:362,0
DA:367,0
DA:369,0
DA:370,0
DA:379,0
DA:380,0
DA:382,0
DA:384,0
DA:385,0
DA:387,0
DA:388,0
DA:400,0
DA:403,0
DA:404,0
DA:406,0
DA:407,0
DA:414,0
DA:417,0
DA:418,0
DA:421,0
DA:422,0
DA:423,0
DA:428,0
DA:429,0
DA:432,0
DA:433,0
DA:435,0
DA:437,0
DA:438,0
DA:439,0
DA:440,0
DA:442,0
DA:444,0
DA:445,0
DA:447,0
DA:453,0
DA:457,0
DA:458,0
DA:461,0
DA:462,0
DA:463,0
DA:467,0
DA:479,0
DA:485,0
DA:486,0
DA:488,0
DA:489,0
DA:497,0
DA:498,0
DA:499,0
DA:500,0
DA:501,0
DA:502,0
DA:503,0
DA:504,0
DA:516,0
DA:517,0
DA:518,0
DA:519,0
DA:520,0
DA:521,0
DA:522,0
DA:523,0
DA:535,0
DA:536,0
DA:537,0
DA:538,0
DA:539,0
DA:540,0
DA:551,0
DA:552,0
DA:553,0
DA:554,0
DA:555,0
DA:556,0
DA:557,0
DA:558,0
DA:569,0
DA:570,0
DA:571,0
DA:572,0
DA:573,0
DA:574,0
DA:575,0
DA:586,0
DA:588,0
DA:589,0
DA:628,0
DA:636,0
DA:637,0
DA:640,0
DA:644,0
DA:646,0
DA:647,0
DA:650,0
DA:651,0
DA:652,0
DA:654,0
DA:655,0
DA:665,0
DA:667,0
DA:679,0
DA:680,0
DA:681,0
DA:682,0
DA:684,0
DA:685,0
DA:687,0
DA:688,0
DA:689,0
DA:690,0
DA:691,0
DA:692,0
DA:693,0
DA:694,0
DA:695,0
DA:698,0
DA:702,0
DA:703,0
DA:707,0
DA:708,0
DA:709,0
DA:724,0
LF:248
LH:0
BRDA:26,0,0,0
BRDA:29,1,0,0
BRDA:33,2,0,0
BRDA:33,3,0,0
BRDA:33,3,1,0
BRDA:33,3,2,0
BRDA:33,3,3,0
BRDA:33,3,4,0
BRDA:33,3,5,0
BRDA:33,3,6,0
BRDA:33,3,7,0
BRDA:43,4,0,0
BRDA:45,5,0,0
BRDA:45,5,1,0
BRDA:45,6,0,0
BRDA:45,6,1,0
BRDA:48,7,0,0
BRDA:48,8,0,0
BRDA:48,8,1,0
BRDA:54,9,0,0
BRDA:56,10,0,0
BRDA:56,11,0,0
BRDA:56,11,1,0
BRDA:63,12,0,0
BRDA:67,13,0,0
BRDA:67,14,0,0
BRDA:67,14,1,0
BRDA:67,14,2,0
BRDA:67,14,3,0
BRDA:109,15,0,0
BRDA:109,16,0,0
BRDA:109,16,1,0
BRDA:113,17,0,0
BRDA:113,17,1,0
BRDA:115,18,0,0
BRDA:121,19,0,0
BRDA:121,20,0,0
BRDA:121,20,1,0
BRDA:121,20,2,0
BRDA:121,20,3,0
BRDA:131,21,0,0
BRDA:131,22,0,0
BRDA:131,22,1,0
BRDA:135,23,0,0
BRDA:135,24,0,0
BRDA:135,24,1,0
BRDA:135,24,2,0
BRDA:135,24,3,0
BRDA:135,24,4,0
BRDA:142,25,0,0
BRDA:142,26,0,0
BRDA:142,26,1,0
BRDA:205,27,0,0
BRDA:210,28,0,0
BRDA:210,28,1,0
BRDA:215,29,0,0
BRDA:215,30,0,0
BRDA:215,30,1,0
BRDA:215,30,2,0
BRDA:215,30,3,0
BRDA:225,31,0,0
BRDA:229,32,0,0
BRDA:229,33,0,0
BRDA:229,33,1,0
BRDA:229,33,2,0
BRDA:239,34,0,0
BRDA:239,35,0,0
BRDA:239,35,1,0
BRDA:239,35,2,0
BRDA:239,35,3,0
BRDA:244,36,0,0
BRDA:292,37,0,0
BRDA:293,38,0,0
BRDA:295,39,0,0
BRDA:295,39,1,0
BRDA:299,40,0,0
BRDA:299,40,1,0
BRDA:300,41,0,0
BRDA:304,42,0,0
BRDA:307,43,0,0
BRDA:307,43,1,0
BRDA:308,44,0,0
BRDA:318,45,0,0
BRDA:319,46,0,0
BRDA:321,47,0,0
BRDA:324,48,0,0
BRDA:324,48,1,0
BRDA:325,49,0,0
BRDA:335,50,0,0
BRDA:335,51,0,0
BRDA:335,51,1,0
BRDA:336,52,0,0
BRDA:338,53,0,0
BRDA:338,54,0,0
BRDA:338,54,1,0
BRDA:340,55,0,0
BRDA:340,56,0,0
BRDA:340,56,1,0
BRDA:379,57,0,0
BRDA:379,58,0,0
BRDA:379,58,1,0
BRDA:380,59,0,0
BRDA:387,60,0,0
BRDA:394,61,0,0
BRDA:394,61,1,0
BRDA:435,62,0,0
BRDA:435,62,1,0
BRDA:438,63,0,0
BRDA:438,63,1,0
BRDA:439,64,0,0
BRDA:442,65,0,0
BRDA:449,66,0,0
BRDA:449,66,1,0
BRDA:462,67,0,0
BRDA:500,68,0,0
BRDA:500,69,0,0
BRDA:500,69,1,0
BRDA:502,70,0,0
BRDA:519,71,0,0
BRDA:519,72,0,0
BRDA:519,72,1,0
BRDA:521,73,0,0
BRDA:538,74,0,0
BRDA:554,75,0,0
BRDA:554,76,0,0
BRDA:554,76,1,0
BRDA:556,77,0,0
BRDA:571,78,0,0
BRDA:571,79,0,0
BRDA:571,79,1,0
BRDA:573,80,0,0
BRDA:643,81,0,0
BRDA:646,82,0,0
BRDA:646,83,0,0
BRDA:646,83,1,0
BRDA:646,83,2,0
BRDA:651,84,0,0
BRDA:654,85,0,0
BRDA:654,85,1,0
BRDA:654,86,0,0
BRDA:654,86,1,0
BRDA:687,87,0,0
BRDA:687,87,1,0
BRDA:687,88,0,0
BRDA:687,88,1,0
BRDA:690,89,0,0
BRDA:690,89,1,0
BRDA:693,90,0,0
BRDA:708,91,0,0
BRDA:708,92,0,0
BRDA:708,92,1,0
BRDA:714,93,0,0
BRDA:714,93,1,0
BRF:153
BRH:0
end_of_record
TN:
SF:src/core/parser/similarity.ts
FN:32,(anonymous_0)
FN:39,(anonymous_1)
FN:67,(anonymous_2)
FN:88,(anonymous_3)
FN:108,processComponentListSimilarities
FN:176,(anonymous_5)
FN:206,calculateCosineSimilarity
FNF:7
FNH:0
FNDA:0,(anonymous_0)
FNDA:0,(anonymous_1)
FNDA:0,(anonymous_2)
FNDA:0,(anonymous_3)
FNDA:0,processComponentListSimilarities
FNDA:0,(anonymous_5)
FNDA:0,calculateCosineSimilarity
DA:8,0
DA:33,0
DA:49,0
DA:57,0
DA:73,0
DA:81,0
DA:88,0
DA:108,0
DA:112,0
DA:115,0
DA:118,0
DA:119,0
DA:120,0
DA:121,0
DA:122,0
DA:124,0
DA:125,0
DA:128,0
DA:129,0
DA:134,0
DA:136,0
DA:139,0
DA:149,0
DA:150,0
DA:152,0
DA:159,0
DA:162,0
DA:163,0
DA:164,0
DA:165,0
DA:166,0
DA:167,0
DA:169,0
DA:176,0
DA:184,0
DA:186,0
DA:187,0
DA:188,0
DA:196,0
DA:206,0
DA:207,0
DA:208,0
DA:211,0
DA:212,0
DA:213,0
DA:215,0
DA:216,0
DA:217,0
DA:218,0
DA:221,0
DA:222,0
DA:225,0
LF:52
LH:0
BRDA:91,0,0,0
BRDA:91,0,1,0
BRDA:97,1,0,0
BRDA:97,1,1,0
BRDA:121,2,0,0
BRDA:124,3,0,0
BRDA:134,4,0,0
BRDA:134,4,1,0
BRDA:134,5,0,0
BRDA:134,5,1,0
BRDA:165,6,0,0
BRDA:167,7,0,0
BRDA:167,8,0,0
BRDA:167,8,1,0
BRDA:178,9,0,0
BRDA:178,9,1,0
BRDA:179,10,0,0
BRDA:179,10,1,0
BRDA:180,11,0,0
BRDA:180,11,1,0
BRDA:184,12,0,0
BRDA:207,13,0,0
BRDA:221,14,0,0
BRDA:221,15,0,0
BRDA:221,15,1,0
BRF:25
BRH:0
end_of_record
TN:
SF:src/ui/.next/types/app/layout.ts
FN:78,checkFields
FNF:1
FNH:0
FNDA:0,checkFields
DA:2,0
DA:12,0
DA:34,0
DA:37,0
DA:38,0
DA:39,0
DA:43,0
DA:44,0
DA:45,0
DA:49,0
DA:50,0
DA:51,0
LF:12
LH:0
BRDA:37,0,0,0
BRDA:43,1,0,0
BRDA:49,2,0,0
BRF:3
BRH:0
end_of_record
TN:
SF:src/ui/.next/types/app/relationships/page.ts
FN:78,checkFields
FNF:1
FNH:0
FNDA:0,checkFields
DA:2,0
DA:12,0
DA:34,0
DA:37,0
DA:38,0
DA:39,0
DA:43,0
DA:44,0
DA:45,0
DA:49,0
DA:50,0
DA:51,0
LF:12
LH:0
BRDA:37,0,0,0
BRDA:43,1,0,0
BRDA:49,2,0,0
BRF:3
BRH:0
end_of_record
TN:
SF:src/ui/app/layout.tsx
FN:21,RootLayout
FNF:1
FNH:0
FNDA:0,RootLayout
DA:1,0
DA:3,0
DA:4,0
DA:5,0
DA:6,0
DA:7,0
DA:8,0
DA:9,0
DA:11,0
DA:16,0
DA:21,0
DA:26,0
LF:12
LH:0
BRF:0
BRH:0
end_of_record
TN:
SF:src/ui/app/loading.tsx
FN:2,Loading
FNF:1
FNH:0
FNDA:0,Loading
DA:2,0
DA:3,0
LF:2
LH:0
BRF:0
BRH:0
end_of_record
TN:
SF:src/ui/app/page.tsx
FN:21,Home
FN:35,(anonymous_11)
FN:36,fetchComponentCounts
FN:44,(anonymous_13)
FN:56,(anonymous_14)
FN:74,(anonymous_15)
FNF:6
FNH:0
FNDA:0,Home
FNDA:0,(anonymous_11)
FNDA:0,fetchComponentCounts
FNDA:0,(anonymous_13)
FNDA:0,(anonymous_14)
FNDA:0,(anonymous_15)
DA:2,0
DA:3,0
DA:4,0
DA:5,0
DA:6,0
DA:7,0
DA:8,0
DA:9,0
DA:10,0
DA:11,0
DA:21,0
DA:22,0
DA:23,0
DA:24,0
DA:26,0
DA:33,0
DA:35,0
DA:37,0
DA:39,0
DA:40,0
DA:43,0
DA:45,0
DA:46,0
DA:47,0
DA:49,0
DA:50,0
DA:56,0
DA:57,0
DA:59,0
DA:60,0
DA:61,0
DA:62,0
DA:63,0
DA:64,0
DA:65,0
DA:66,0
DA:69,0
DA:73,0
DA:74,0
DA:75,0
DA:78,0
DA:82,0
DA:86,0
DA:88,0
DA:89,0
DA:93,0
DA:96,0
LF:47
LH:0
BRDA:24,0,0,0
BRDA:24,0,1,0
BRDA:24,1,0,0
BRDA:24,1,1,0
BRDA:57,2,0,0
BRDA:57,2,1,0
BRDA:59,3,0,0
BRDA:59,3,1,0
BRDA:61,4,0,0
BRDA:61,4,1,0
BRDA:63,5,0,0
BRDA:63,5,1,0
BRDA:65,6,0,0
BRDA:75,7,0,0
BRDA:75,7,1,0
BRDA:78,8,0,0
BRDA:78,8,1,0
BRDA:124,9,0,0
BRDA:124,9,1,0
BRDA:134,10,0,0
BRDA:134,10,1,0
BRDA:144,11,0,0
BRDA:144,11,1,0
BRF:23
BRH:0
end_of_record
TN:
SF:src/ui/app/api/chat/route.ts
FN:9,getComponentDefinitions
FN:84,(anonymous_2)
FN:139,loadVectorDatabase
FN:174,getChatService
FN:190,(anonymous_5)
FN:234,(anonymous_6)
FN:237,(anonymous_7)
FN:251,POST
FN:288,(anonymous_9)
FNF:9
FNH:0
FNDA:0,getComponentDefinitions
FNDA:0,(anonymous_2)
FNDA:0,loadVectorDatabase
FNDA:0,getChatService
FNDA:0,(anonymous_5)
FNDA:0,(anonymous_6)
FNDA:0,(anonymous_7)
FNDA:0,POST
FNDA:0,(anonymous_9)
DA:1,0
DA:2,0
DA:4,0
DA:5,0
DA:6,0
DA:10,0
DA:11,0
DA:14,0
DA:23,0
DA:24,0
DA:27,0
DA:28,0
DA:29,0
DA:30,0
DA:31,0
DA:32,0
DA:33,0
DA:37,0
DA:39,0
DA:40,0
DA:41,0
DA:42,0
DA:43,0
DA:44,0
DA:45,0
DA:50,0
DA:51,0
DA:52,0
DA:53,0
DA:57,0
DA:58,0
DA:59,0
DA:61,0
DA:63,0
DA:66,0
DA:67,0
DA:69,0
DA:70,0
DA:72,0
DA:73,0
DA:76,0
DA:83,0
DA:84,0
DA:93,0
DA:94,0
DA:95,0
DA:97,0
DA:103,0
DA:104,0
DA:107,0
DA:108,0
DA:109,0
DA:110,0
DA:111,0
DA:114,0
DA:115,0
DA:117,0
DA:120,0
DA:122,0
DA:125,0
DA:130,0
DA:131,0
DA:133,0
DA:134,0
DA:140,0
DA:141,0
DA:144,0
DA:154,0
DA:155,0
DA:156,0
DA:157,0
DA:158,0
DA:159,0
DA:163,0
DA:164,0
DA:166,0
DA:167,0
DA:172,0
DA:175,0
DA:176,0
DA:179,0
DA:180,0
DA:181,0
DA:182,0
DA:185,0
DA:186,0
DA:189,0
DA:190,0
DA:191,0
DA:192,0
DA:195,0
DA:197,0
DA:206,0
DA:214,0
DA:217,0
DA:218,0
DA:221,0
DA:222,0
DA:223,0
DA:226,0
DA:227,0
DA:228,0
DA:232,0
DA:233,0
DA:234,0
DA:237,0
DA:238,0
DA:239,0
DA:242,0
DA:245,0
DA:248,0
DA:251,0
DA:252,0
DA:253,0
DA:254,0
DA:255,0
DA:258,0
DA:259,0
DA:260,0
DA:262,0
DA:265,0
DA:266,0
DA:267,0
DA:269,0
DA:270,0
DA:271,0
DA:279,0
DA:280,0
DA:282,0
DA:283,0
DA:286,0
DA:287,0
DA:288,0
DA:289,0
DA:292,0
DA:295,0
DA:297,0
DA:299,0
DA:300,0
DA:302,0
LF:140
LH:0
BRDA:29,0,0,0
BRDA:37,1,0,0
BRDA:41,2,0,0
BRDA:50,3,0,0
BRDA:61,4,0,0
BRDA:61,4,1,0
BRDA:67,5,0,0
BRDA:67,6,0,0
BRDA:67,6,1,0
BRDA:70,7,0,0
BRDA:73,8,0,0
BRDA:83,9,0,0
BRDA:85,10,0,0
BRDA:85,10,1,0
BRDA:86,11,0,0
BRDA:86,11,1,0
BRDA:87,12,0,0
BRDA:87,12,1,0
BRDA:88,13,0,0
BRDA:88,13,1,0
BRDA:89,14,0,0
BRDA:89,14,1,0
BRDA:93,15,0,0
BRDA:93,15,1,0
BRDA:110,16,0,0
BRDA:110,16,1,0
BRDA:114,17,0,0
BRDA:114,17,1,0
BRDA:114,18,0,0
BRDA:114,18,1,0
BRDA:155,19,0,0
BRDA:175,20,0,0
BRDA:180,21,0,0
BRDA:180,22,0,0
BRDA:180,22,1,0
BRDA:191,23,0,0
BRDA:191,24,0,0
BRDA:191,24,1,0
BRDA:199,25,0,0
BRDA:199,25,1,0
BRDA:200,26,0,0
BRDA:200,26,1,0
BRDA:201,27,0,0
BRDA:201,27,1,0
BRDA:202,28,0,0
BRDA:202,28,1,0
BRDA:203,29,0,0
BRDA:203,29,1,0
BRDA:227,30,0,0
BRDA:238,31,0,0
BRDA:254,32,0,0
BRDA:260,33,0,0
BRDA:260,33,1,0
BRDA:269,34,0,0
BRDA:280,35,0,0
BRDA:280,35,1,0
BRDA:286,36,0,0
BRDA:286,36,1,0
BRDA:289,37,0,0
BRDA:289,37,1,0
BRDA:289,38,0,0
BRDA:289,38,1,0
BRDA:299,39,0,0
BRDA:299,39,1,0
BRDA:304,40,0,0
BRDA:304,40,1,0
BRF:66
BRH:0
end_of_record
TN:
SF:src/ui/app/api/describe/route.ts
FN:3,POST
FNF:1
FNH:0
FNDA:0,POST
DA:1,0
DA:3,0
DA:4,0
DA:5,0
DA:8,0
DA:9,0
DA:11,0
DA:12,0
DA:13,0
DA:15,0
DA:16,0
DA:17,0
DA:24,0
DA:25,0
DA:27,0
DA:28,0
DA:31,0
DA:46,0
DA:47,0
DA:50,0
DA:72,0
DA:73,0
DA:75,0
DA:81,0
DA:82,0
DA:86,0
DA:87,0
DA:88,0
DA:90,0
DA:91,0
DA:94,0
DA:100,0
DA:102,0
DA:108,0
DA:109,0
LF:35
LH:0
BRDA:12,0,0,0
BRDA:12,0,1,0
BRDA:13,1,0,0
BRDA:13,1,1,0
BRDA:15,2,0,0
BRDA:15,3,0,0
BRDA:15,3,1,0
BRDA:24,4,0,0
BRDA:24,4,1,0
BRDA:25,5,0,0
BRDA:25,5,1,0
BRDA:43,6,0,0
BRDA:43,6,1,0
BRDA:72,7,0,0
BRDA:86,8,0,0
BRDA:86,8,1,0
BRDA:104,9,0,0
BRDA:104,9,1,0
BRF:18
BRH:0
end_of_record
TN:
SF:src/ui/app/components/[slug]/page.tsx
FN:9,Page
FNF:1
FNH:0
FNDA:0,Page
DA:1,0
DA:2,0
DA:3,0
DA:9,0
DA:10,0
DA:11,0
LF:6
LH:0
BRF:0
BRH:0
end_of_record
TN:
SF:src/ui/app/relationships/page.tsx
FN:5,RelationshipsPage
FNF:1
FNH:0
FNDA:0,RelationshipsPage
DA:1,0
DA:2,0
DA:3,0
DA:5,0
DA:6,0
LF:5
LH:0
BRF:0
BRH:0
end_of_record
TN:
SF:src/ui/app/similarity/page.tsx
FN:38,SimilarityPage
FN:45,(anonymous_10)
FN:46,loadAllData
FN:59,(anonymous_12)
FN:79,(anonymous_13)
FN:86,(anonymous_14)
FN:97,(anonymous_15)
FN:99,(anonymous_16)
FN:110,(anonymous_17)
FNF:9
FNH:0
FNDA:0,SimilarityPage
FNDA:0,(anonymous_10)
FNDA:0,loadAllData
FNDA:0,(anonymous_12)
FNDA:0,(anonymous_13)
FNDA:0,(anonymous_14)
FNDA:0,(anonymous_15)
FNDA:0,(anonymous_16)
FNDA:0,(anonymous_17)
DA:2,0
DA:3,0
DA:4,0
DA:5,0
DA:6,0
DA:38,0
DA:39,0
DA:40,0
DA:41,0
DA:42,0
DA:45,0
DA:47,0
DA:49,0
DA:50,0
DA:51,0
DA:54,0
DA:55,0
DA:58,0
DA:60,0
DA:61,0
DA:62,0
DA:63,0
DA:64,0
DA:66,0
DA:68,0
DA:69,0
DA:75,0
DA:76,0
DA:79,0
DA:80,0
DA:82,0
DA:83,0
DA:86,0
DA:87,0
DA:88,0
DA:92,0
DA:96,0
DA:97,0
DA:98,0
DA:99,0
DA:100,0
DA:102,0
DA:106,0
DA:110,0
DA:116,0
DA:117,0
DA:119,0
DA:120,0
DA:121,0
DA:125,0
DA:128,0
DA:129,0
DA:136,0
DA:137,0
DA:144,0
LF:55
LH:0
BRDA:50,0,0,0
BRDA:62,1,0,0
BRDA:80,2,0,0
BRDA:80,3,0,0
BRDA:80,3,1,0
BRDA:82,4,0,0
BRDA:87,5,0,0
BRDA:87,6,0,0
BRDA:87,6,1,0
BRDA:98,7,0,0
BRDA:100,8,0,0
BRDA:100,8,1,0
BRDA:113,9,0,0
BRDA:113,9,1,0
BRDA:120,10,0,0
BRDA:120,10,1,0
BRDA:128,11,0,0
BRDA:136,12,0,0
BRF:18
BRH:0
end_of_record
TN:
SF:src/ui/components/chat-bubble.tsx
FN:28,ChatBubble
FN:38,(anonymous_11)
FN:40,(anonymous_12)
FN:41,(anonymous_13)
FN:47,(anonymous_14)
FN:76,(anonymous_15)
FN:84,(anonymous_16)
FN:97,(anonymous_17)
FN:101,(anonymous_18)
FN:108,(anonymous_19)
FN:113,(anonymous_20)
FN:117,(anonymous_21)
FN:138,(anonymous_22)
FN:149,(anonymous_23)
FN:152,(anonymous_24)
FN:156,(anonymous_25)
FN:160,(anonymous_26)
FN:163,(anonymous_27)
FN:166,(anonymous_28)
FN:170,(anonymous_29)
FN:174,(anonymous_30)
FN:178,(anonymous_31)
FN:187,(anonymous_32)
FN:190,(anonymous_33)
FN:193,(anonymous_34)
FN:196,(anonymous_35)
FN:199,(anonymous_36)
FN:212,(anonymous_37)
FN:251,(anonymous_38)
FN:260,(anonymous_39)
FN:311,(anonymous_40)
FN:312,(anonymous_41)
FNF:32
FNH:0
FNDA:0,ChatBubble
FNDA:0,(anonymous_11)
FNDA:0,(anonymous_12)
FNDA:0,(anonymous_13)
FNDA:0,(anonymous_14)
FNDA:0,(anonymous_15)
FNDA:0,(anonymous_16)
FNDA:0,(anonymous_17)
FNDA:0,(anonymous_18)
FNDA:0,(anonymous_19)
FNDA:0,(anonymous_20)
FNDA:0,(anonymous_21)
FNDA:0,(anonymous_22)
FNDA:0,(anonymous_23)
FNDA:0,(anonymous_24)
FNDA:0,(anonymous_25)
FNDA:0,(anonymous_26)
FNDA:0,(anonymous_27)
FNDA:0,(anonymous_28)
FNDA:0,(anonymous_29)
FNDA:0,(anonymous_30)
FNDA:0,(anonymous_31)
FNDA:0,(anonymous_32)
FNDA:0,(anonymous_33)
FNDA:0,(anonymous_34)
FNDA:0,(anonymous_35)
FNDA:0,(anonymous_36)
FNDA:0,(anonymous_37)
FNDA:0,(anonymous_38)
FNDA:0,(anonymous_39)
FNDA:0,(anonymous_40)
FNDA:0,(anonymous_41)
DA:2,0
DA:3,0
DA:4,0
DA:5,0
DA:6,0
DA:7,0
DA:8,0
DA:9,0
DA:10,0
DA:11,0
DA:12,0
DA:13,0
DA:28,0
DA:29,0
DA:30,0
DA:31,0
DA:34,0
DA:35,0
DA:38,0
DA:39,0
DA:40,0
DA:41,0
DA:47,0
DA:48,0
DA:51,0
DA:52,0
DA:53,0
DA:54,0
DA:56,0
DA:58,0
DA:69,0
DA:70,0
DA:73,0
DA:76,0
DA:81,0
DA:84,0
DA:93,0
DA:97,0
DA:98,0
DA:101,0
DA:102,0
DA:108,0
DA:109,0
DA:114,0
DA:118,0
DA:119,0
DA:120,0
DA:139,0
DA:150,0
DA:153,0
DA:157,0
DA:161,0
DA:164,0
DA:167,0
DA:171,0
DA:175,0
DA:179,0
DA:188,0
DA:191,0
DA:194,0
DA:197,0
DA:200,0
DA:208,0
DA:212,0
DA:251,0
DA:261,0
DA:311,0
DA:313,0
DA:314,0
DA:315,0
LF:70
LH:0
BRDA:42,0,0,0
BRDA:42,0,1,0
BRDA:42,1,0,0
BRDA:42,1,1,0
BRDA:48,2,0,0
BRDA:48,3,0,0
BRDA:48,3,1,0
BRDA:69,4,0,0
BRDA:118,5,0,0
BRDA:118,5,1,0
BRDA:120,6,0,0
BRDA:120,6,1,0
BRDA:123,7,0,0
BRDA:123,7,1,0
BRDA:218,8,0,0
BRDA:218,8,1,0
BRDA:224,9,0,0
BRDA:224,9,1,0
BRDA:246,10,0,0
BRDA:246,10,1,0
BRDA:261,11,0,0
BRDA:261,11,1,0
BRDA:262,12,0,0
BRDA:262,12,1,0
BRDA:269,13,0,0
BRDA:269,13,1,0
BRDA:274,14,0,0
BRDA:274,14,1,0
BRDA:280,15,0,0
BRDA:280,15,1,0
BRDA:288,16,0,0
BRDA:288,16,1,0
BRDA:313,17,0,0
BRDA:313,18,0,0
BRDA:313,18,1,0
BRF:35
BRH:0
end_of_record
TN:
SF:src/ui/components/code-block.tsx
FN:16,CodeBlock
FN:22,(anonymous_10)
FN:26,(anonymous_11)
FN:29,(anonymous_12)
FNF:4
FNH:0
FNDA:0,CodeBlock
FNDA:0,(anonymous_10)
FNDA:0,(anonymous_11)
FNDA:0,(anonymous_12)
DA:2,0
DA:3,0
DA:4,0
DA:5,0
DA:6,0
DA:7,0
DA:8,0
DA:9,0
DA:16,0
DA:17,0
DA:18,0
DA:19,0
DA:22,0
DA:23,0
DA:26,0
DA:27,0
DA:28,0
DA:29,0
DA:33,0
DA:38,0
DA:54,0
LF:21
LH:0
BRDA:33,0,0,0
BRDA:33,0,1,0
BRDA:33,1,0,0
BRDA:33,1,1,0
BRDA:33,1,2,0
BRDA:33,1,3,0
BRDA:33,1,4,0
BRDA:60,2,0,0
BRDA:60,2,1,0
BRDA:64,3,0,0
BRDA:64,3,1,0
BRDA:68,4,0,0
BRDA:68,4,1,0
BRDA:78,5,0,0
BRDA:78,5,1,0
BRDA:102,6,0,0
BRDA:102,6,1,0
BRF:17
BRH:0
end_of_record
TN:
SF:src/ui/components/code-entity-details.tsx
FN:28,CodeEntityDetails
FN:33,(anonymous_10)
FN:39,(anonymous_11)
FN:58,(anonymous_12)
FN:71,(anonymous_13)
FN:72,(anonymous_14)
FN:85,(anonymous_15)
FN:100,(anonymous_16)
FN:136,(anonymous_17)
FN:169,(anonymous_18)
FN:173,(anonymous_19)
FN:180,(anonymous_20)
FNF:12
FNH:0
FNDA:0,CodeEntityDetails
FNDA:0,(anonymous_10)
FNDA:0,(anonymous_11)
FNDA:0,(anonymous_12)
FNDA:0,(anonymous_13)
FNDA:0,(anonymous_14)
FNDA:0,(anonymous_15)
FNDA:0,(anonymous_16)
FNDA:0,(anonymous_17)
FNDA:0,(anonymous_18)
FNDA:0,(anonymous_19)
FNDA:0,(anonymous_20)
DA:2,0
DA:3,0
DA:4,0
DA:5,0
DA:6,0
DA:7,0
DA:8,0
DA:28,0
DA:29,0
DA:30,0
DA:31,0
DA:33,0
DA:34,0
DA:35,0
DA:39,0
DA:40,0
DA:43,0
DA:45,0
DA:46,0
DA:47,0
DA:48,0
DA:49,0
DA:50,0
DA:51,0
DA:54,0
DA:55,0
DA:57,0
DA:58,0
DA:60,0
DA:62,0
DA:65,0
DA:67,0
DA:71,0
DA:72,0
DA:73,0
DA:74,0
DA:75,0
DA:77,0
DA:79,0
DA:83,0
DA:85,0
DA:86,0
DA:88,0
DA:90,0
DA:92,0
DA:94,0
DA:96,0
DA:100,0
DA:101,0
DA:103,0
DA:109,0
DA:115,0
DA:121,0
DA:127,0
DA:135,0
DA:136,0
DA:170,0
DA:173,0
DA:180,0
LF:59
LH:0
BRDA:34,0,0,0
BRDA:34,1,0,0
BRDA:34,1,1,0
BRDA:40,2,0,0
BRDA:43,3,0,0
BRDA:43,3,1,0
BRDA:48,4,0,0
BRDA:55,5,0,0
BRDA:55,5,1,0
BRDA:55,6,0,0
BRDA:55,6,1,0
BRDA:74,7,0,0
BRDA:74,7,1,0
BRDA:83,8,0,0
BRDA:86,9,0,0
BRDA:86,9,1,0
BRDA:86,9,2,0
BRDA:86,9,3,0
BRDA:86,9,4,0
BRDA:101,10,0,0
BRDA:101,10,1,0
BRDA:101,10,2,0
BRDA:101,10,3,0
BRDA:101,10,4,0
BRDA:136,11,0,0
BRDA:136,11,1,0
BRDA:150,12,0,0
BRDA:150,12,1,0
BRDA:158,13,0,0
BRDA:158,13,1,0
BRDA:161,14,0,0
BRDA:161,14,1,0
BRDA:163,15,0,0
BRDA:163,15,1,0
BRDA:178,16,0,0
BRDA:178,16,1,0
BRDA:181,17,0,0
BRDA:181,17,1,0
BRDA:185,18,0,0
BRDA:185,18,1,0
BRDA:191,19,0,0
BRDA:191,19,1,0
BRDA:193,20,0,0
BRDA:193,20,1,0
BRF:44
BRH:0
end_of_record
TN:
SF:src/ui/components/code-graph.tsx
FN:40,CodeGraph
FN:71,(anonymous_10)
FN:72,fetchData
FN:80,(anonymous_12)
FN:98,(anonymous_13)
FN:110,(anonymous_14)
FN:124,(anonymous_15)
FN:126,(anonymous_16)
FN:145,(anonymous_17)
FN:146,(anonymous_18)
FN:159,(anonymous_19)
FN:161,(anonymous_20)
FN:163,(anonymous_21)
FN:178,(anonymous_22)
FN:182,(anonymous_23)
FN:194,(anonymous_24)
FN:210,(anonymous_25)
FN:212,(anonymous_26)
FN:242,(anonymous_27)
FN:243,(anonymous_28)
FN:249,(anonymous_29)
FN:250,(anonymous_30)
FN:279,(anonymous_31)
FN:280,(anonymous_32)
FN:284,(anonymous_33)
FN:285,(anonymous_34)
FN:286,(anonymous_35)
FN:290,(anonymous_36)
FN:295,(anonymous_37)
FN:308,(anonymous_38)
FN:313,(anonymous_39)
FN:324,(anonymous_40)
FN:343,(anonymous_41)
FN:362,(anonymous_42)
FN:363,(anonymous_43)
FN:366,(anonymous_44)
FN:367,(anonymous_45)
FN:408,(anonymous_46)
FN:519,(anonymous_47)
FN:520,(anonymous_48)
FN:521,(anonymous_49)
FN:552,(anonymous_50)
FN:553,(anonymous_51)
FN:572,(anonymous_52)
FN:573,(anonymous_53)
FN:582,(anonymous_54)
FN:674,(anonymous_55)
FN:681,ArrowLeft
FNF:48
FNH:0
FNDA:0,CodeGraph
FNDA:0,(anonymous_10)
FNDA:0,fetchData
FNDA:0,(anonymous_12)
FNDA:0,(anonymous_13)
FNDA:0,(anonymous_14)
FNDA:0,(anonymous_15)
FNDA:0,(anonymous_16)
FNDA:0,(anonymous_17)
FNDA:0,(anonymous_18)
FNDA:0,(anonymous_19)
FNDA:0,(anonymous_20)
FNDA:0,(anonymous_21)
FNDA:0,(anonymous_22)
FNDA:0,(anonymous_23)
FNDA:0,(anonymous_24)
FNDA:0,(anonymous_25)
FNDA:0,(anonymous_26)
FNDA:0,(anonymous_27)
FNDA:0,(anonymous_28)
FNDA:0,(anonymous_29)
FNDA:0,(anonymous_30)
FNDA:0,(anonymous_31)
FNDA:0,(anonymous_32)
FNDA:0,(anonymous_33)
FNDA:0,(anonymous_34)
FNDA:0,(anonymous_35)
FNDA:0,(anonymous_36)
FNDA:0,(anonymous_37)
FNDA:0,(anonymous_38)
FNDA:0,(anonymous_39)
FNDA:0,(anonymous_40)
FNDA:0,(anonymous_41)
FNDA:0,(anonymous_42)
FNDA:0,(anonymous_43)
FNDA:0,(anonymous_44)
FNDA:0,(anonymous_45)
FNDA:0,(anonymous_46)
FNDA:0,(anonymous_47)
FNDA:0,(anonymous_48)
FNDA:0,(anonymous_49)
FNDA:0,(anonymous_50)
FNDA:0,(anonymous_51)
FNDA:0,(anonymous_52)
FNDA:0,(anonymous_53)
FNDA:0,(anonymous_54)
FNDA:0,(anonymous_55)
FNDA:0,ArrowLeft
DA:2,0
DA:4,0
DA:5,0
DA:6,0
DA:7,0
DA:8,0
DA:9,0
DA:10,0
DA:40,0
DA:41,0
DA:42,0
DA:43,0
DA:44,0
DA:45,0
DA:46,0
DA:48,0
DA:49,0
DA:50,0
DA:53,0
DA:61,0
DA:71,0
DA:73,0
DA:75,0
DA:76,0
DA:79,0
DA:81,0
DA:82,0
DA:83,0
DA:94,0
DA:95,0
DA:98,0
DA:99,0
DA:100,0
DA:105,0
DA:106,0
DA:109,0
DA:111,0
DA:112,0
DA:115,0
DA:116,0
DA:123,0
DA:124,0
DA:126,0
DA:127,0
DA:134,0
DA:144,0
DA:145,0
DA:146,0
DA:147,0
DA:148,0
DA:158,0
DA:159,0
DA:160,0
DA:161,0
DA:162,0
DA:163,0
DA:164,0
DA:165,0
DA:177,0
DA:178,0
DA:180,0
DA:182,0
DA:183,0
DA:184,0
DA:190,0
DA:193,0
DA:194,0
DA:195,0
DA:196,0
DA:199,0
DA:209,0
DA:210,0
DA:211,0
DA:212,0
DA:214,0
DA:216,0
DA:219,0
DA:220,0
DA:221,0
DA:222,0
DA:223,0
DA:224,0
DA:225,0
DA:226,0
DA:227,0
DA:230,0
DA:242,0
DA:243,0
DA:244,0
DA:249,0
DA:250,0
DA:254,0
DA:257,0
DA:258,0
DA:259,0
DA:262,0
DA:263,0
DA:265,0
DA:267,0
DA:269,0
DA:270,0
DA:271,0
DA:275,0
DA:279,0
DA:280,0
DA:284,0
DA:285,0
DA:286,0
DA:290,0
DA:291,0
DA:292,0
DA:293,0
DA:295,0
DA:296,0
DA:297,0
DA:298,0
DA:300,0
DA:308,0
DA:309,0
DA:310,0
DA:313,0
DA:314,0
DA:315,0
DA:317,0
DA:324,0
DA:325,0
DA:327,0
DA:329,0
DA:331,0
DA:333,0
DA:335,0
DA:337,0
DA:339,0
DA:343,0
DA:344,0
DA:346,0
DA:348,0
DA:350,0
DA:352,0
DA:354,0
DA:356,0
DA:358,0
DA:362,0
DA:363,0
DA:366,0
DA:367,0
DA:371,0
DA:372,0
DA:388,0
DA:408,0
DA:520,0
DA:521,0
DA:523,0
DA:526,0
DA:527,0
DA:528,0
DA:531,0
DA:532,0
DA:533,0
DA:536,0
DA:537,0
DA:539,0
DA:541,0
DA:552,0
DA:553,0
DA:573,0
DA:574,0
DA:576,0
DA:578,0
DA:582,0
DA:674,0
DA:682,0
LF:172
LH:0
BRDA:86,0,0,0
BRDA:86,0,1,0
BRDA:87,1,0,0
BRDA:87,1,1,0
BRDA:88,2,0,0
BRDA:88,2,1,0
BRDA:88,2,2,0
BRDA:99,3,0,0
BRDA:115,4,0,0
BRDA:123,5,0,0
BRDA:123,6,0,0
BRDA:123,6,1,0
BRDA:126,7,0,0
BRDA:126,8,0,0
BRDA:126,8,1,0
BRDA:144,9,0,0
BRDA:144,10,0,0
BRDA:144,10,1,0
BRDA:144,10,2,0
BRDA:146,11,0,0
BRDA:146,11,1,0
BRDA:147,12,0,0
BRDA:158,13,0,0
BRDA:158,14,0,0
BRDA:158,14,1,0
BRDA:160,15,0,0
BRDA:160,16,0,0
BRDA:160,16,1,0
BRDA:164,17,0,0
BRDA:177,18,0,0
BRDA:177,19,0,0
BRDA:177,19,1,0
BRDA:180,20,0,0
BRDA:180,20,1,0
BRDA:180,21,0,0
BRDA:180,21,1,0
BRDA:180,21,2,0
BRDA:182,22,0,0
BRDA:182,22,1,0
BRDA:182,22,2,0
BRDA:183,23,0,0
BRDA:190,24,0,0
BRDA:190,25,0,0
BRDA:190,25,1,0
BRDA:190,25,2,0
BRDA:194,26,0,0
BRDA:194,26,1,0
BRDA:194,26,2,0
BRDA:195,27,0,0
BRDA:209,28,0,0
BRDA:209,29,0,0
BRDA:209,29,1,0
BRDA:214,30,0,0
BRDA:214,31,0,0
BRDA:214,31,1,0
BRDA:220,32,0,0
BRDA:220,32,1,0
BRDA:220,33,0,0
BRDA:220,33,1,0
BRDA:222,34,0,0
BRDA:222,34,1,0
BRDA:224,35,0,0
BRDA:224,35,1,0
BRDA:224,36,0,0
BRDA:224,36,1,0
BRDA:226,37,0,0
BRDA:226,38,0,0
BRDA:226,38,1,0
BRDA:244,39,0,0
BRDA:244,39,1,0
BRDA:244,39,2,0
BRDA:257,40,0,0
BRDA:257,40,1,0
BRDA:280,41,0,0
BRDA:280,41,1,0
BRDA:286,42,0,0
BRDA:286,42,1,0
BRDA:315,43,0,0
BRDA:325,44,0,0
BRDA:325,44,1,0
BRDA:325,44,2,0
BRDA:325,44,3,0
BRDA:325,44,4,0
BRDA:325,44,5,0
BRDA:325,44,6,0
BRDA:344,45,0,0
BRDA:344,45,1,0
BRDA:344,45,2,0
BRDA:344,45,3,0
BRDA:344,45,4,0
BRDA:344,45,5,0
BRDA:344,45,6,0
BRDA:371,46,0,0
BRDA:523,47,0,0
BRDA:523,48,0,0
BRDA:523,48,1,0
BRDA:574,49,0,0
BRDA:606,50,0,0
BRDA:606,50,1,0
BRDA:663,51,0,0
BRDA:663,51,1,0
BRDA:663,51,2,0
BRDA:670,52,0,0
BRDA:670,52,1,0
BRF:104
BRH:0
end_of_record
TN:
SF:src/ui/components/code-relationships.tsx
FN:32,CodeRelationships
FN:58,(anonymous_10)
FN:59,fetchData
FN:67,(anonymous_12)
FN:84,(anonymous_13)
FN:90,(anonymous_14)
FN:114,(anonymous_15)
FN:117,(anonymous_16)
FN:134,(anonymous_17)
FN:137,(anonymous_18)
FN:155,(anonymous_19)
FN:156,(anonymous_20)
FN:191,(anonymous_21)
FN:196,(anonymous_22)
FN:205,(anonymous_23)
FN:207,(anonymous_24)
FN:211,(anonymous_25)
FN:218,(anonymous_26)
FN:225,(anonymous_27)
FN:226,(anonymous_28)
FN:228,(anonymous_29)
FN:244,(anonymous_30)
FN:255,(anonymous_31)
FN:270,(anonymous_32)
FN:283,(anonymous_33)
FN:297,(anonymous_34)
FN:304,(anonymous_35)
FN:309,(anonymous_36)
FN:315,(anonymous_37)
FN:317,(anonymous_38)
FN:353,(anonymous_39)
FN:396,(anonymous_40)
FN:403,(anonymous_41)
FN:426,(anonymous_42)
FN:434,(anonymous_43)
FN:435,(anonymous_44)
FN:436,(anonymous_45)
FNF:37
FNH:0
FNDA:0,CodeRelationships
FNDA:0,(anonymous_10)
FNDA:0,fetchData
FNDA:0,(anonymous_12)
FNDA:0,(anonymous_13)
FNDA:0,(anonymous_14)
FNDA:0,(anonymous_15)
FNDA:0,(anonymous_16)
FNDA:0,(anonymous_17)
FNDA:0,(anonymous_18)
FNDA:0,(anonymous_19)
FNDA:0,(anonymous_20)
FNDA:0,(anonymous_21)
FNDA:0,(anonymous_22)
FNDA:0,(anonymous_23)
FNDA:0,(anonymous_24)
FNDA:0,(anonymous_25)
FNDA:0,(anonymous_26)
FNDA:0,(anonymous_27)
FNDA:0,(anonymous_28)
FNDA:0,(anonymous_29)
FNDA:0,(anonymous_30)
FNDA:0,(anonymous_31)
FNDA:0,(anonymous_32)
FNDA:0,(anonymous_33)
FNDA:0,(anonymous_34)
FNDA:0,(anonymous_35)
FNDA:0,(anonymous_36)
FNDA:0,(anonymous_37)
FNDA:0,(anonymous_38)
FNDA:0,(anonymous_39)
FNDA:0,(anonymous_40)
FNDA:0,(anonymous_41)
FNDA:0,(anonymous_42)
FNDA:0,(anonymous_43)
FNDA:0,(anonymous_44)
FNDA:0,(anonymous_45)
DA:2,0
DA:4,0
DA:5,0
DA:6,0
DA:7,0
DA:8,0
DA:9,0
DA:10,0
DA:32,0
DA:33,0
DA:34,0
DA:35,0
DA:36,0
DA:37,0
DA:40,0
DA:48,0
DA:58,0
DA:60,0
DA:62,0
DA:63,0
DA:66,0
DA:68,0
DA:69,0
DA:70,0
DA:80,0
DA:83,0
DA:85,0
DA:86,0
DA:89,0
DA:90,0
DA:92,0
DA:94,0
DA:99,0
DA:101,0
DA:113,0
DA:114,0
DA:115,0
DA:117,0
DA:118,0
DA:120,0
DA:121,0
DA:133,0
DA:134,0
DA:135,0
DA:137,0
DA:138,0
DA:140,0
DA:141,0
DA:155,0
DA:156,0
DA:157,0
DA:162,0
DA:163,0
DA:164,0
DA:167,0
DA:168,0
DA:169,0
DA:170,0
DA:173,0
DA:174,0
DA:175,0
DA:177,0
DA:179,0
DA:181,0
DA:182,0
DA:183,0
DA:187,0
DA:191,0
DA:192,0
DA:193,0
DA:196,0
DA:197,0
DA:198,0
DA:199,0
DA:205,0
DA:206,0
DA:207,0
DA:211,0
DA:212,0
DA:213,0
DA:217,0
DA:218,0
DA:219,0
DA:220,0
DA:224,0
DA:225,0
DA:227,0
DA:228,0
DA:231,0
DA:244,0
DA:252,0
DA:255,0
DA:256,0
DA:258,0
DA:260,0
DA:262,0
DA:264,0
DA:266,0
DA:270,0
DA:271,0
DA:273,0
DA:275,0
DA:277,0
DA:279,0
DA:283,0
DA:284,0
DA:286,0
DA:288,0
DA:290,0
DA:292,0
DA:297,0
DA:298,0
DA:304,0
DA:305,0
DA:308,0
DA:309,0
DA:310,0
DA:311,0
DA:314,0
DA:315,0
DA:316,0
DA:317,0
DA:318,0
DA:321,0
DA:323,0
DA:326,0
DA:327,0
DA:341,0
DA:354,0
DA:396,0
DA:403,0
DA:428,0
DA:435,0
DA:436,0
DA:438,0
DA:440,0
LF:136
LH:0
BRDA:73,0,0,0
BRDA:73,0,1,0
BRDA:74,1,0,0
BRDA:74,1,1,0
BRDA:89,2,0,0
BRDA:89,3,0,0
BRDA:89,3,1,0
BRDA:92,4,0,0
BRDA:92,4,1,0
BRDA:92,5,0,0
BRDA:92,5,1,0
BRDA:92,5,2,0
BRDA:99,6,0,0
BRDA:99,7,0,0
BRDA:99,7,1,0
BRDA:99,7,2,0
BRDA:105,8,0,0
BRDA:105,8,1,0
BRDA:113,9,0,0
BRDA:113,10,0,0
BRDA:113,10,1,0
BRDA:118,11,0,0
BRDA:118,11,1,0
BRDA:118,11,2,0
BRDA:120,12,0,0
BRDA:133,13,0,0
BRDA:133,14,0,0
BRDA:133,14,1,0
BRDA:138,15,0,0
BRDA:138,15,1,0
BRDA:138,15,2,0
BRDA:140,16,0,0
BRDA:157,17,0,0
BRDA:157,17,1,0
BRDA:157,17,2,0
BRDA:167,18,0,0
BRDA:167,18,1,0
BRDA:167,19,0,0
BRDA:167,19,1,0
BRDA:192,20,0,0
BRDA:192,21,0,0
BRDA:192,21,1,0
BRDA:197,22,0,0
BRDA:198,23,0,0
BRDA:199,24,0,0
BRDA:199,24,1,0
BRDA:206,25,0,0
BRDA:206,26,0,0
BRDA:206,26,1,0
BRDA:212,27,0,0
BRDA:212,28,0,0
BRDA:212,28,1,0
BRDA:228,29,0,0
BRDA:228,29,1,0
BRDA:256,30,0,0
BRDA:256,30,1,0
BRDA:256,30,2,0
BRDA:256,30,3,0
BRDA:256,30,4,0
BRDA:271,31,0,0
BRDA:271,31,1,0
BRDA:271,31,2,0
BRDA:271,31,3,0
BRDA:284,32,0,0
BRDA:284,32,1,0
BRDA:284,32,2,0
BRDA:284,32,3,0
BRDA:305,33,0,0
BRDA:305,33,1,0
BRDA:310,34,0,0
BRDA:310,34,1,0
BRDA:311,35,0,0
BRDA:311,35,1,0
BRDA:316,36,0,0
BRDA:318,37,0,0
BRDA:318,37,1,0
BRDA:326,38,0,0
BRDA:344,39,0,0
BRDA:344,39,1,0
BRDA:362,40,0,0
BRDA:362,40,1,0
BRDA:376,41,0,0
BRDA:376,41,1,0
BRDA:376,41,2,0
BRDA:394,42,0,0
BRDA:394,42,1,0
BRDA:402,43,0,0
BRDA:402,43,1,0
BRDA:415,44,0,0
BRDA:415,44,1,0
BRDA:420,45,0,0
BRDA:420,45,1,0
BRDA:438,46,0,0
BRDA:438,47,0,0
BRDA:438,47,1,0
BRDA:456,48,0,0
BRDA:456,48,1,0
BRDA:456,48,2,0
BRDA:460,49,0,0
BRDA:460,49,1,0
BRF:100
BRH:0
end_of_record
TN:
SF:src/ui/components/code-structure.tsx
FN:18,CodeStructure
FN:26,toggleFolder
FN:27,(anonymous_12)
FN:39,updateBreadcrumb
FN:45,(anonymous_14)
FN:46,fetchComponents
FN:56,(anonymous_16)
FN:71,(anonymous_17)
FN:82,(anonymous_18)
FN:108,(anonymous_19)
FN:120,(anonymous_20)
FN:121,(anonymous_21)
FN:128,(anonymous_22)
FN:149,renderTree
FN:152,(anonymous_24)
FN:160,(anonymous_25)
FN:166,(anonymous_26)
FN:169,(anonymous_27)
FN:190,(anonymous_28)
FN:252,(anonymous_29)
FN:258,(anonymous_30)
FN:263,(anonymous_31)
FN:267,(anonymous_32)
FNF:23
FNH:0
FNDA:0,CodeStructure
FNDA:0,toggleFolder
FNDA:0,(anonymous_12)
FNDA:0,updateBreadcrumb
FNDA:0,(anonymous_14)
FNDA:0,fetchComponents
FNDA:0,(anonymous_16)
FNDA:0,(anonymous_17)
FNDA:0,(anonymous_18)
FNDA:0,(anonymous_19)
FNDA:0,(anonymous_20)
FNDA:0,(anonymous_21)
FNDA:0,(anonymous_22)
FNDA:0,renderTree
FNDA:0,(anonymous_24)
FNDA:0,(anonymous_25)
FNDA:0,(anonymous_26)
FNDA:0,(anonymous_27)
FNDA:0,(anonymous_28)
FNDA:0,(anonymous_29)
FNDA:0,(anonymous_30)
FNDA:0,(anonymous_31)
FNDA:0,(anonymous_32)
DA:2,0
DA:3,0
DA:4,0
DA:5,0
DA:6,0
DA:7,0
DA:18,0
DA:19,0
DA:20,0
DA:21,0
DA:22,0
DA:23,0
DA:27,0
DA:28,0
DA:29,0
DA:30,0
DA:32,0
DA:34,0
DA:40,0
DA:41,0
DA:45,0
DA:47,0
DA:49,0
DA:50,0
DA:53,0
DA:56,0
DA:57,0
DA:60,0
DA:61,0
DA:62,0
DA:64,0
DA:68,0
DA:71,0
DA:73,0
DA:74,0
DA:77,0
DA:78,0
DA:79,0
DA:82,0
DA:83,0
DA:87,0
DA:88,0
DA:94,0
DA:98,0
DA:102,0
DA:103,0
DA:104,0
DA:108,0
DA:120,0
DA:121,0
DA:123,0
DA:124,0
DA:127,0
DA:129,0
DA:130,0
DA:132,0
DA:136,0
DA:137,0
DA:139,0
DA:141,0
DA:142,0
DA:146,0
DA:150,0
DA:153,0
DA:154,0
DA:155,0
DA:156,0
DA:161,0
DA:162,0
DA:163,0
DA:164,0
DA:167,0
DA:170,0
DA:191,0
DA:192,0
DA:193,0
DA:220,0
DA:221,0
DA:232,0
DA:233,0
DA:244,0
DA:253,0
DA:254,0
DA:255,0
DA:259,0
DA:264,0
DA:265,0
DA:266,0
DA:267,0
DA:268,0
DA:269,0
DA:270,0
LF:92
LH:0
BRDA:29,0,0,0
BRDA:29,0,1,0
BRDA:40,1,0,0
BRDA:57,2,0,0
BRDA:61,3,0,0
BRDA:79,4,0,0
BRDA:83,5,0,0
BRDA:83,5,1,0
BRDA:87,6,0,0
BRDA:103,7,0,0
BRDA:123,8,0,0
BRDA:124,9,0,0
BRDA:124,9,1,0
BRDA:129,10,0,0
BRDA:149,11,0,0
BRDA:149,12,0,0
BRDA:154,13,0,0
BRDA:154,13,1,0
BRDA:158,14,0,0
BRDA:158,14,1,0
BRDA:159,15,0,0
BRDA:159,15,1,0
BRDA:164,16,0,0
BRDA:170,17,0,0
BRDA:172,18,0,0
BRDA:172,18,1,0
BRDA:175,19,0,0
BRDA:175,19,1,0
BRDA:177,20,0,0
BRDA:177,20,1,0
BRDA:178,21,0,0
BRDA:178,21,1,0
BRDA:180,22,0,0
BRDA:180,22,1,0
BRDA:186,23,0,0
BRDA:186,23,1,0
BRDA:202,24,0,0
BRDA:202,24,1,0
BRDA:210,25,0,0
BRDA:210,25,1,0
BRDA:210,25,2,0
BRDA:210,25,3,0
BRDA:210,25,4,0
BRDA:220,26,0,0
BRDA:232,27,0,0
BRDA:248,28,0,0
BRDA:248,28,1,0
BRF:47
BRH:0
end_of_record
TN:
SF:src/ui/components/comparison-modal.tsx
FN:31,ComparisonModal
FN:46,(anonymous_10)
FN:132,(anonymous_11)
FN:133,(anonymous_12)
FN:140,(anonymous_13)
FN:142,(anonymous_14)
FN:154,(anonymous_15)
FN:167,(anonymous_16)
FN:176,(anonymous_17)
FN:191,(anonymous_18)
FN:196,(anonymous_19)
FN:197,(anonymous_20)
FN:217,(anonymous_21)
FN:226,(anonymous_22)
FN:290,(anonymous_23)
FN:308,(anonymous_24)
FN:324,(anonymous_25)
FN:342,(anonymous_26)
FN:346,(anonymous_27)
FN:352,(anonymous_28)
FNF:20
FNH:0
FNDA:0,ComparisonModal
FNDA:0,(anonymous_10)
FNDA:0,(anonymous_11)
FNDA:0,(anonymous_12)
FNDA:0,(anonymous_13)
FNDA:0,(anonymous_14)
FNDA:0,(anonymous_15)
FNDA:0,(anonymous_16)
FNDA:0,(anonymous_17)
FNDA:0,(anonymous_18)
FNDA:0,(anonymous_19)
FNDA:0,(anonymous_20)
FNDA:0,(anonymous_21)
FNDA:0,(anonymous_22)
FNDA:0,(anonymous_23)
FNDA:0,(anonymous_24)
FNDA:0,(anonymous_25)
FNDA:0,(anonymous_26)
FNDA:0,(anonymous_27)
FNDA:0,(anonymous_28)
DA:2,0
DA:3,0
DA:4,0
DA:5,0
DA:6,0
DA:7,0
DA:8,0
DA:9,0
DA:10,0
DA:11,0
DA:31,0
DA:40,0
DA:41,0
DA:42,0
DA:43,0
DA:46,0
DA:47,0
DA:50,0
DA:54,0
DA:57,0
DA:59,0
DA:77,0
DA:78,0
DA:82,0
DA:83,0
DA:88,0
DA:96,0
DA:98,0
DA:99,0
DA:102,0
DA:103,0
DA:104,0
DA:105,0
DA:106,0
DA:107,0
DA:108,0
DA:113,0
DA:114,0
DA:118,0
DA:121,0
DA:125,0
DA:126,0
DA:129,0
DA:132,0
DA:133,0
DA:136,0
DA:137,0
DA:140,0
DA:142,0
DA:145,0
DA:148,0
DA:154,0
DA:157,0
DA:160,0
DA:167,0
DA:168,0
DA:170,0
DA:172,0
DA:176,0
DA:178,0
DA:181,0
DA:182,0
DA:183,0
DA:184,0
DA:191,0
DA:192,0
DA:196,0
DA:197,0
DA:203,0
DA:204,0
DA:206,0
DA:207,0
DA:208,0
DA:212,0
DA:216,0
DA:217,0
DA:226,0
DA:290,0
DA:309,0
DA:325,0
DA:344,0
DA:346,0
DA:347,0
DA:348,0
DA:349,0
DA:350,0
DA:352,0
DA:353,0
LF:88
LH:0
BRDA:38,0,0,0
BRDA:47,1,0,0
BRDA:47,2,0,0
BRDA:47,2,1,0
BRDA:50,3,0,0
BRDA:50,4,0,0
BRDA:50,4,1,0
BRDA:50,4,2,0
BRDA:50,4,3,0
BRDA:82,5,0,0
BRDA:88,6,0,0
BRDA:88,6,1,0
BRDA:90,7,0,0
BRDA:90,7,1,0
BRDA:92,8,0,0
BRDA:92,8,1,0
BRDA:96,9,0,0
BRDA:103,10,0,0
BRDA:103,10,1,0
BRDA:104,11,0,0
BRDA:106,12,0,0
BRDA:113,13,0,0
BRDA:125,14,0,0
BRDA:125,14,1,0
BRDA:126,15,0,0
BRDA:126,15,1,0
BRDA:145,16,0,0
BRDA:145,16,1,0
BRDA:157,17,0,0
BRDA:157,17,1,0
BRDA:168,18,0,0
BRDA:168,19,0,0
BRDA:168,19,1,0
BRDA:170,20,0,0
BRDA:170,20,1,0
BRDA:170,21,0,0
BRDA:170,21,1,0
BRDA:178,22,0,0
BRDA:178,23,0,0
BRDA:178,23,1,0
BRDA:181,24,0,0
BRDA:206,25,0,0
BRDA:212,26,0,0
BRDA:212,26,1,0
BRDA:217,27,0,0
BRDA:217,27,1,0
BRDA:222,28,0,0
BRDA:222,28,1,0
BRDA:228,29,0,0
BRDA:228,29,1,0
BRDA:233,30,0,0
BRDA:233,30,1,0
BRDA:233,31,0,0
BRDA:233,31,1,0
BRDA:235,32,0,0
BRDA:235,32,1,0
BRDA:240,33,0,0
BRDA:240,33,1,0
BRDA:240,34,0,0
BRDA:240,34,1,0
BRDA:242,35,0,0
BRDA:242,35,1,0
BRDA:244,36,0,0
BRDA:244,36,1,0
BRDA:244,37,0,0
BRDA:244,37,1,0
BRDA:258,38,0,0
BRDA:258,38,1,0
BRDA:258,39,0,0
BRDA:258,39,1,0
BRDA:272,40,0,0
BRDA:272,40,1,0
BRDA:272,41,0,0
BRDA:272,41,1,0
BRDA:304,42,0,0
BRDA:304,42,1,0
BRDA:311,43,0,0
BRDA:311,43,1,0
BRDA:311,44,0,0
BRDA:311,44,1,0
BRDA:327,45,0,0
BRDA:327,45,1,0
BRDA:327,46,0,0
BRDA:327,46,1,0
BRDA:344,47,0,0
BRDA:344,47,1,0
BRDA:346,48,0,0
BRDA:346,48,1,0
BRDA:347,49,0,0
BRDA:347,49,1,0
BRDA:347,50,0,0
BRDA:347,50,1,0
BRDA:348,51,0,0
BRDA:348,51,1,0
BRDA:348,52,0,0
BRDA:348,52,1,0
BRDA:349,53,0,0
BRDA:349,53,1,0
BRDA:349,54,0,0
BRDA:349,54,1,0
BRDA:350,55,0,0
BRDA:350,55,1,0
BRDA:350,56,0,0
BRDA:350,56,1,0
BRDA:355,57,0,0
BRDA:355,57,1,0
BRDA:355,58,0,0
BRDA:355,58,1,0
BRDA:357,59,0,0
BRDA:357,59,1,0
BRDA:357,60,0,0
BRDA:357,60,1,0
BRDA:357,60,2,0
BRF:113
BRH:0
end_of_record
TN:
SF:src/ui/components/component-client.tsx
FN:46,ComponentClient
FN:55,(anonymous_10)
FN:67,(anonymous_11)
FN:68,fetchComponent
FN:113,(anonymous_13)
FN:260,(anonymous_14)
FN:314,(anonymous_15)
FN:348,(anonymous_16)
FNF:8
FNH:0
FNDA:0,ComponentClient
FNDA:0,(anonymous_10)
FNDA:0,(anonymous_11)
FNDA:0,fetchComponent
FNDA:0,(anonymous_13)
FNDA:0,(anonymous_14)
FNDA:0,(anonymous_15)
FNDA:0,(anonymous_16)
DA:2,0
DA:3,0
DA:4,0
DA:5,0
DA:6,0
DA:7,0
DA:8,0
DA:9,0
DA:10,0
DA:46,0
DA:47,0
DA:48,0
DA:49,0
DA:50,0
DA:51,0
DA:52,0
DA:55,0
DA:57,0
DA:58,0
DA:59,0
DA:60,0
DA:61,0
DA:67,0
DA:69,0
DA:71,0
DA:72,0
DA:73,0
DA:74,0
DA:75,0
DA:76,0
DA:80,0
DA:101,0
DA:103,0
DA:104,0
DA:107,0
DA:110,0
DA:111,0
DA:113,0
DA:114,0
DA:115,0
DA:116,0
DA:117,0
DA:119,0
DA:120,0
DA:122,0
DA:134,0
DA:136,0
DA:137,0
DA:138,0
DA:139,0
DA:142,0
DA:143,0
DA:144,0
DA:147,0
DA:149,0
DA:150,0
DA:152,0
DA:156,0
DA:157,0
DA:164,0
DA:165,0
DA:172,0
DA:261,0
DA:315,0
DA:316,0
DA:349,0
LF:66
LH:0
BRDA:57,0,0,0
BRDA:59,1,0,0
BRDA:72,2,0,0
BRDA:72,2,1,0
BRDA:75,3,0,0
BRDA:89,4,0,0
BRDA:89,4,1,0
BRDA:114,5,0,0
BRDA:129,6,0,0
BRDA:129,6,1,0
BRDA:136,7,0,0
BRDA:136,8,0,0
BRDA:136,8,1,0
BRDA:137,9,0,0
BRDA:137,9,1,0
BRDA:138,10,0,0
BRDA:138,10,1,0
BRDA:143,11,0,0
BRDA:150,12,0,0
BRDA:150,12,1,0
BRDA:156,13,0,0
BRDA:164,14,0,0
BRDA:186,15,0,0
BRDA:186,15,1,0
BRDA:197,16,0,0
BRDA:197,16,1,0
BRDA:201,17,0,0
BRDA:201,17,1,0
BRDA:211,18,0,0
BRDA:211,18,1,0
BRDA:211,18,2,0
BRDA:239,19,0,0
BRDA:239,19,1,0
BRDA:259,20,0,0
BRDA:259,20,1,0
BRDA:259,21,0,0
BRDA:259,21,1,0
BRDA:263,22,0,0
BRDA:263,22,1,0
BRDA:264,23,0,0
BRDA:264,23,1,0
BRDA:265,24,0,0
BRDA:265,24,1,0
BRDA:309,25,0,0
BRDA:309,25,1,0
BRDA:309,26,0,0
BRDA:309,26,1,0
BRDA:320,27,0,0
BRDA:320,27,1,0
BRDA:329,28,0,0
BRDA:329,28,1,0
BRDA:336,29,0,0
BRDA:336,29,1,0
BRDA:336,29,2,0
BRDA:351,30,0,0
BRDA:351,30,1,0
BRDA:360,31,0,0
BRDA:360,31,1,0
BRDA:367,32,0,0
BRDA:367,32,1,0
BRF:60
BRH:0
end_of_record
TN:
SF:src/ui/components/component-details.tsx
FN:13,ComponentDetails
FN:54,(anonymous_10)
FN:80,(anonymous_11)
FN:89,(anonymous_12)
FN:131,(anonymous_13)
FNF:5
FNH:0
FNDA:0,ComponentDetails
FNDA:0,(anonymous_10)
FNDA:0,(anonymous_11)
FNDA:0,(anonymous_12)
FNDA:0,(anonymous_13)
DA:2,0
DA:3,0
DA:4,0
DA:5,0
DA:6,0
DA:7,0
DA:13,0
DA:14,0
DA:16,0
DA:17,0
DA:25,0
DA:55,0
DA:81,0
DA:90,0
DA:132,0
LF:15
LH:0
BRDA:16,0,0,0
BRDA:33,1,0,0
BRDA:33,1,1,0
BRDA:34,2,0,0
BRDA:34,2,1,0
BRDA:34,2,2,0
BRDA:37,3,0,0
BRDA:37,3,1,0
BRDA:37,3,2,0
BRDA:42,4,0,0
BRDA:42,4,1,0
BRDA:50,5,0,0
BRDA:50,5,1,0
BRDA:50,5,2,0
BRDA:60,6,0,0
BRDA:60,6,1,0
BRDA:62,7,0,0
BRDA:62,7,1,0
BRDA:63,8,0,0
BRDA:63,8,1,0
BRDA:76,9,0,0
BRDA:76,9,1,0
BRDA:76,9,2,0
BRDA:83,10,0,0
BRDA:83,10,1,0
BRDA:85,11,0,0
BRDA:85,11,1,0
BRDA:85,11,2,0
BRDA:92,12,0,0
BRDA:92,12,1,0
BRDA:99,13,0,0
BRDA:99,13,1,0
BRDA:99,13,2,0
BRDA:106,14,0,0
BRDA:106,14,1,0
BRDA:117,15,0,0
BRDA:117,15,1,0
BRDA:124,16,0,0
BRDA:124,16,1,0
BRDA:124,16,2,0
BRDA:143,17,0,0
BRDA:143,17,1,0
BRDA:146,18,0,0
BRDA:146,18,1,0
BRF:44
BRH:0
end_of_record
TN:
SF:src/ui/components/component-stats.tsx
FN:25,ComponentStats
FN:29,(anonymous_11)
FN:30,fetchComponents
FN:42,(anonymous_13)
FN:49,(anonymous_14)
FN:79,(anonymous_15)
FN:98,(anonymous_16)
FN:133,(anonymous_17)
FNF:8
FNH:0
FNDA:0,ComponentStats
FNDA:0,(anonymous_11)
FNDA:0,fetchComponents
FNDA:0,(anonymous_13)
FNDA:0,(anonymous_14)
FNDA:0,(anonymous_15)
FNDA:0,(anonymous_16)
FNDA:0,(anonymous_17)
DA:2,0
DA:3,0
DA:4,0
DA:5,0
DA:6,0
DA:7,0
DA:25,0
DA:26,0
DA:27,0
DA:29,0
DA:31,0
DA:33,0
DA:34,0
DA:37,0
DA:38,0
DA:41,0
DA:43,0
DA:44,0
DA:45,0
DA:48,0
DA:49,0
DA:51,0
DA:52,0
DA:66,0
DA:71,0
DA:72,0
DA:73,0
DA:78,0
DA:80,0
DA:81,0
DA:82,0
DA:83,0
DA:88,0
DA:89,0
DA:98,0
DA:99,0
DA:104,0
DA:105,0
DA:107,0
DA:108,0
DA:112,0
DA:115,0
DA:116,0
DA:123,0
DA:124,0
DA:131,0
DA:135,0
DA:136,0
DA:137,0
DA:140,0
DA:141,0
DA:142,0
DA:146,0
DA:147,0
DA:150,0
DA:152,0
LF:56
LH:0
BRDA:25,0,0,0
BRDA:37,1,0,0
BRDA:48,2,0,0
BRDA:48,3,0,0
BRDA:48,3,1,0
BRDA:51,4,0,0
BRDA:55,5,0,0
BRDA:55,5,1,0
BRDA:56,6,0,0
BRDA:56,6,1,0
BRDA:60,7,0,0
BRDA:60,7,1,0
BRDA:85,8,0,0
BRDA:85,8,1,0
BRDA:99,9,0,0
BRDA:99,9,1,0
BRDA:100,10,0,0
BRDA:100,10,1,0
BRDA:115,11,0,0
BRDA:123,12,0,0
BRDA:136,13,0,0
BRDA:137,14,0,0
BRDA:140,15,0,0
BRDA:140,16,0,0
BRDA:140,16,1,0
BRDA:141,17,0,0
BRDA:142,18,0,0
BRDA:147,19,0,0
BRDA:147,19,1,0
BRDA:150,20,0,0
BRDA:150,20,1,0
BRDA:158,21,0,0
BRDA:158,21,1,0
BRDA:160,22,0,0
BRDA:160,22,1,0
BRDA:168,23,0,0
BRDA:168,23,1,0
BRDA:172,24,0,0
BRDA:172,24,1,0
BRDA:176,25,0,0
BRDA:176,25,1,0
BRF:41
BRH:0
end_of_record
TN:
SF:src/ui/components/header.tsx
FN:7,Header
FNF:1
FNH:0
FNDA:0,Header
DA:1,0
DA:2,0
DA:3,0
DA:4,0
DA:5,0
DA:7,0
DA:8,0
LF:7
LH:0
BRF:0
BRH:0
end_of_record
TN:
SF:src/ui/components/mode-toggle.tsx
FN:8,ModeToggle
FN:13,(anonymous_10)
FN:18,(anonymous_11)
FNF:3
FNH:0
FNDA:0,ModeToggle
FNDA:0,(anonymous_10)
FNDA:0,(anonymous_11)
DA:2,0
DA:3,0
DA:5,0
DA:6,0
DA:8,0
DA:9,0
DA:10,0
DA:13,0
DA:14,0
DA:18,0
DA:19,0
DA:22,0
DA:23,0
DA:26,0
LF:14
LH:0
BRDA:19,0,0,0
BRDA:19,0,1,0
BRDA:22,1,0,0
BRF:3
BRH:0
end_of_record
TN:
SF:src/ui/components/search.tsx
FN:36,Search
FN:44,(anonymous_10)
FN:45,fetchSearchData
FN:61,(anonymous_12)
FN:79,(anonymous_13)
FN:111,(anonymous_14)
FN:118,(anonymous_15)
FN:119,(anonymous_16)
FN:120,(anonymous_17)
FN:121,(anonymous_18)
FN:122,(anonymous_19)
FN:129,(anonymous_20)
FN:154,(anonymous_21)
FN:157,(anonymous_22)
FN:178,(anonymous_23)
FN:181,(anonymous_24)
FN:202,(anonymous_25)
FN:205,(anonymous_26)
FN:226,(anonymous_27)
FN:229,(anonymous_28)
FN:250,(anonymous_29)
FN:253,(anonymous_30)
FNF:22
FNH:0
FNDA:0,Search
FNDA:0,(anonymous_10)
FNDA:0,fetchSearchData
FNDA:0,(anonymous_12)
FNDA:0,(anonymous_13)
FNDA:0,(anonymous_14)
FNDA:0,(anonymous_15)
FNDA:0,(anonymous_16)
FNDA:0,(anonymous_17)
FNDA:0,(anonymous_18)
FNDA:0,(anonymous_19)
FNDA:0,(anonymous_20)
FNDA:0,(anonymous_21)
FNDA:0,(anonymous_22)
FNDA:0,(anonymous_23)
FNDA:0,(anonymous_24)
FNDA:0,(anonymous_25)
FNDA:0,(anonymous_26)
FNDA:0,(anonymous_27)
FNDA:0,(anonymous_28)
FNDA:0,(anonymous_29)
FNDA:0,(anonymous_30)
DA:3,0
DA:4,0
DA:5,0
DA:6,0
DA:7,0
DA:8,0
DA:36,0
DA:37,0
DA:38,0
DA:39,0
DA:40,0
DA:41,0
DA:44,0
DA:46,0
DA:47,0
DA:49,0
DA:50,0
DA:51,0
DA:52,0
DA:53,0
DA:55,0
DA:58,0
DA:60,0
DA:62,0
DA:64,0
DA:72,0
DA:73,0
DA:75,0
DA:78,0
DA:79,0
DA:80,0
DA:81,0
DA:93,0
DA:98,0
DA:99,0
DA:101,0
DA:102,0
DA:106,0
DA:110,0
DA:112,0
DA:118,0
DA:119,0
DA:120,0
DA:121,0
DA:122,0
DA:124,0
DA:129,0
DA:155,0
DA:158,0
DA:159,0
DA:160,0
DA:161,0
DA:162,0
DA:164,0
DA:166,0
DA:167,0
DA:179,0
DA:182,0
DA:183,0
DA:184,0
DA:185,0
DA:186,0
DA:188,0
DA:190,0
DA:191,0
DA:203,0
DA:206,0
DA:207,0
DA:208,0
DA:209,0
DA:210,0
DA:212,0
DA:214,0
DA:215,0
DA:227,0
DA:230,0
DA:231,0
DA:232,0
DA:233,0
DA:234,0
DA:236,0
DA:238,0
DA:239,0
DA:251,0
DA:254,0
DA:255,0
DA:256,0
DA:257,0
DA:258,0
DA:260,0
DA:262,0
DA:263,0
LF:92
LH:0
BRDA:50,0,0,0
BRDA:73,1,0,0
BRDA:78,2,0,0
BRDA:78,3,0,0
BRDA:78,3,1,0
BRDA:80,4,0,0
BRDA:110,5,0,0
BRDA:110,5,1,0
BRDA:112,6,0,0
BRDA:112,6,1,0
BRDA:112,6,2,0
BRDA:144,7,0,0
BRDA:144,7,1,0
BRDA:152,8,0,0
BRDA:152,8,1,0
BRDA:160,9,0,0
BRDA:161,10,0,0
BRDA:162,11,0,0
BRDA:162,12,0,0
BRDA:162,12,1,0
BRDA:166,13,0,0
BRDA:166,13,1,0
BRDA:176,14,0,0
BRDA:176,14,1,0
BRDA:184,15,0,0
BRDA:185,16,0,0
BRDA:186,17,0,0
BRDA:186,18,0,0
BRDA:186,18,1,0
BRDA:190,19,0,0
BRDA:190,19,1,0
BRDA:200,20,0,0
BRDA:200,20,1,0
BRDA:208,21,0,0
BRDA:209,22,0,0
BRDA:210,23,0,0
BRDA:210,24,0,0
BRDA:210,24,1,0
BRDA:214,25,0,0
BRDA:214,25,1,0
BRDA:224,26,0,0
BRDA:224,26,1,0
BRDA:232,27,0,0
BRDA:233,28,0,0
BRDA:234,29,0,0
BRDA:234,30,0,0
BRDA:234,30,1,0
BRDA:238,31,0,0
BRDA:238,31,1,0
BRDA:248,32,0,0
BRDA:248,32,1,0
BRDA:256,33,0,0
BRDA:257,34,0,0
BRDA:258,35,0,0
BRDA:258,36,0,0
BRDA:258,36,1,0
BRDA:262,37,0,0
BRDA:262,37,1,0
BRDA:266,38,0,0
BRDA:266,38,1,0
BRF:60
BRH:0
end_of_record
TN:
SF:src/ui/components/sidebar-wrapper.tsx
FN:10,SidebarWrapper
FNF:1
FNH:0
FNDA:0,SidebarWrapper
DA:2,0
DA:3,0
DA:4,0
DA:5,0
DA:6,0
DA:7,0
DA:8,0
DA:10,0
DA:11,0
DA:13,0
DA:14,0
DA:15,0
DA:16,0
DA:18,0
LF:14
LH:0
BRDA:11,0,0,0
BRDA:11,0,1,0
BRDA:13,1,0,0
BRDA:13,1,1,0
BRDA:13,2,0,0
BRDA:13,2,1,0
BRDA:14,3,0,0
BRDA:14,3,1,0
BRDA:14,4,0,0
BRDA:14,4,1,0
BRDA:15,5,0,0
BRDA:15,5,1,0
BRDA:15,6,0,0
BRDA:15,6,1,0
BRDA:16,7,0,0
BRDA:16,7,1,0
BRDA:16,8,0,0
BRDA:16,8,1,0
BRDA:36,9,0,0
BRDA:36,9,1,0
BRDA:49,10,0,0
BRDA:49,10,1,0
BRDA:62,11,0,0
BRDA:62,11,1,0
BRDA:80,12,0,0
BRDA:80,12,1,0
BRDA:93,13,0,0
BRDA:93,13,1,0
BRDA:106,14,0,0
BRDA:106,14,1,0
BRDA:123,15,0,0
BRDA:123,15,1,0
BRF:32
BRH:0
end_of_record
TN:
SF:src/ui/components/sidebar.tsx
FN:7,Sidebar
FNF:1
FNH:0
FNDA:0,Sidebar
DA:4,0
DA:5,0
DA:7,0
DA:9,0
LF:4
LH:0
BRF:0
BRH:0
end_of_record
TN:
SF:src/ui/components/similar-components-section.tsx
FN:27,SimilarComponentsSection
FN:32,(anonymous_11)
FN:45,(anonymous_12)
FN:63,(anonymous_13)
FN:81,(anonymous_14)
FN:97,(anonymous_15)
FNF:6
FNH:0
FNDA:0,SimilarComponentsSection
FNDA:0,(anonymous_11)
FNDA:0,(anonymous_12)
FNDA:0,(anonymous_13)
FNDA:0,(anonymous_14)
FNDA:0,(anonymous_15)
DA:2,0
DA:3,0
DA:4,0
DA:5,0
DA:6,0
DA:7,0
DA:8,0
DA:27,0
DA:28,0
DA:29,0
DA:32,0
DA:33,0
DA:45,0
DA:46,0
DA:47,0
DA:50,0
DA:51,0
DA:54,0
DA:64,0
DA:81,0
DA:97,0
LF:21
LH:0
BRDA:50,0,0,0
BRDA:50,1,0,0
BRDA:50,1,1,0
BRDA:69,2,0,0
BRDA:69,2,1,0
BRDA:93,3,0,0
BRDA:93,3,1,0
BRF:7
BRH:0
end_of_record
TN:
SF:src/ui/components/similarity-list.tsx
FN:43,SimilarityList
FN:72,generateSyntheticSimilarityData
FN:99,(anonymous_12)
FN:150,(anonymous_13)
FN:157,fetchComponents
FN:172,(anonymous_15)
FN:179,(anonymous_16)
FN:220,(anonymous_17)
FN:224,(anonymous_18)
FN:241,(anonymous_19)
FN:251,(anonymous_20)
FN:279,(anonymous_21)
FN:285,(anonymous_22)
FN:287,(anonymous_23)
FN:323,(anonymous_24)
FN:336,(anonymous_25)
FN:346,processSimilarityWarnings
FN:352,(anonymous_27)
FN:370,(anonymous_28)
FN:421,(anonymous_29)
FN:439,(anonymous_30)
FN:440,(anonymous_31)
FN:462,(anonymous_32)
FN:474,(anonymous_33)
FN:484,(anonymous_34)
FN:486,(anonymous_35)
FN:506,(anonymous_36)
FN:515,(anonymous_37)
FN:524,(anonymous_38)
FN:550,(anonymous_39)
FN:613,(anonymous_40)
FN:663,(anonymous_41)
FN:677,(anonymous_42)
FN:689,(anonymous_43)
FN:694,(anonymous_44)
FNF:35
FNH:0
FNDA:0,SimilarityList
FNDA:0,generateSyntheticSimilarityData
FNDA:0,(anonymous_12)
FNDA:0,(anonymous_13)
FNDA:0,fetchComponents
FNDA:0,(anonymous_15)
FNDA:0,(anonymous_16)
FNDA:0,(anonymous_17)
FNDA:0,(anonymous_18)
FNDA:0,(anonymous_19)
FNDA:0,(anonymous_20)
FNDA:0,(anonymous_21)
FNDA:0,(anonymous_22)
FNDA:0,(anonymous_23)
FNDA:0,(anonymous_24)
FNDA:0,(anonymous_25)
FNDA:0,processSimilarityWarnings
FNDA:0,(anonymous_27)
FNDA:0,(anonymous_28)
FNDA:0,(anonymous_29)
FNDA:0,(anonymous_30)
FNDA:0,(anonymous_31)
FNDA:0,(anonymous_32)
FNDA:0,(anonymous_33)
FNDA:0,(anonymous_34)
FNDA:0,(anonymous_35)
FNDA:0,(anonymous_36)
FNDA:0,(anonymous_37)
FNDA:0,(anonymous_38)
FNDA:0,(anonymous_39)
FNDA:0,(anonymous_40)
FNDA:0,(anonymous_41)
FNDA:0,(anonymous_42)
FNDA:0,(anonymous_43)
FNDA:0,(anonymous_44)
DA:2,0
DA:3,0
DA:4,0
DA:5,0
DA:6,0
DA:7,0
DA:8,0
DA:43,0
DA:44,0
DA:45,0
DA:50,0
DA:51,0
DA:61,0
DA:62,0
DA:73,0
DA:76,0
DA:79,0
DA:82,0
DA:83,0
DA:86,0
DA:87,0
DA:91,0
DA:92,0
DA:99,0
DA:101,0
DA:102,0
DA:106,0
DA:107,0
DA:109,0
DA:112,0
DA:115,0
DA:117,0
DA:126,0
DA:127,0
DA:128,0
DA:138,0
DA:145,0
DA:146,0
DA:150,0
DA:151,0
DA:152,0
DA:153,0
DA:154,0
DA:158,0
DA:159,0
DA:161,0
DA:162,0
DA:163,0
DA:164,0
DA:166,0
DA:168,0
DA:171,0
DA:172,0
DA:175,0
DA:178,0
DA:180,0
DA:181,0
DA:182,0
DA:183,0
DA:184,0
DA:185,0
DA:186,0
DA:188,0
DA:191,0
DA:192,0
DA:196,0
DA:204,0
DA:205,0
DA:206,0
DA:220,0
DA:221,0
DA:222,0
DA:224,0
DA:225,0
DA:226,0
DA:227,0
DA:233,0
DA:234,0
DA:237,0
DA:238,0
DA:241,0
DA:242,0
DA:243,0
DA:247,0
DA:251,0
DA:252,0
DA:254,0
DA:256,0
DA:257,0
DA:263,0
DA:264,0
DA:266,0
DA:267,0
DA:269,0
DA:270,0
DA:271,0
DA:275,0
DA:279,0
DA:280,0
DA:282,0
DA:285,0
DA:286,0
DA:287,0
DA:291,0
DA:292,0
DA:304,0
DA:307,0
DA:318,0
DA:319,0
DA:320,0
DA:323,0
DA:325,0
DA:328,0
DA:329,0
DA:330,0
DA:331,0
DA:335,0
DA:336,0
DA:337,0
DA:338,0
DA:339,0
DA:340,0
DA:352,0
DA:354,0
DA:359,0
DA:360,0
DA:361,0
DA:365,0
DA:366,0
DA:367,0
DA:370,0
DA:374,0
DA:375,0
DA:376,0
DA:382,0
DA:390,0
DA:391,0
DA:393,0
DA:394,0
DA:406,0
DA:421,0
DA:424,0
DA:425,0
DA:426,0
DA:427,0
DA:429,0
DA:433,0
DA:434,0
DA:435,0
DA:439,0
DA:440,0
DA:443,0
DA:444,0
DA:457,0
DA:462,0
DA:463,0
DA:472,0
DA:473,0
DA:474,0
DA:475,0
DA:478,0
DA:481,0
DA:484,0
DA:486,0
DA:487,0
DA:489,0
DA:490,0
DA:491,0
DA:492,0
DA:494,0
DA:499,0
DA:506,0
DA:515,0
DA:516,0
DA:518,0
DA:519,0
DA:520,0
DA:523,0
DA:524,0
DA:525,0
DA:526,0
DA:531,0
DA:535,0
DA:537,0
DA:538,0
DA:539,0
DA:541,0
DA:542,0
DA:547,0
DA:553,0
DA:555,0
DA:557,0
DA:558,0
DA:561,0
DA:562,0
DA:563,0
DA:567,0
DA:580,0
DA:584,0
DA:585,0
DA:592,0
DA:593,0
DA:601,0
DA:602,0
DA:610,0
DA:614,0
DA:663,0
DA:677,0
DA:690,0
DA:695,0
LF:210
LH:0
BRDA:50,0,0,0
BRDA:50,0,1,0
BRDA:76,1,0,0
BRDA:86,2,0,0
BRDA:91,3,0,0
BRDA:101,4,0,0
BRDA:107,5,0,0
BRDA:115,6,0,0
BRDA:121,7,0,0
BRDA:121,7,1,0
BRDA:126,8,0,0
BRDA:126,9,0,0
BRDA:126,9,1,0
BRDA:132,10,0,0
BRDA:132,10,1,0
BRDA:151,11,0,0
BRDA:162,12,0,0
BRDA:184,13,0,0
BRDA:191,14,0,0
BRDA:191,15,0,0
BRDA:191,15,1,0
BRDA:198,16,0,0
BRDA:198,16,1,0
BRDA:200,17,0,0
BRDA:200,17,1,0
BRDA:204,18,0,0
BRDA:204,19,0,0
BRDA:204,19,1,0
BRDA:221,20,0,0
BRDA:221,21,0,0
BRDA:221,21,1,0
BRDA:225,22,0,0
BRDA:225,23,0,0
BRDA:225,23,1,0
BRDA:233,24,0,0
BRDA:233,25,0,0
BRDA:233,25,1,0
BRDA:237,26,0,0
BRDA:242,27,0,0
BRDA:242,28,0,0
BRDA:242,28,1,0
BRDA:251,29,0,0
BRDA:251,30,0,0
BRDA:251,30,1,0
BRDA:251,31,0,0
BRDA:251,31,1,0
BRDA:270,32,0,0
BRDA:270,32,1,0
BRDA:280,33,0,0
BRDA:286,34,0,0
BRDA:286,34,1,0
BRDA:286,34,2,0
BRDA:286,34,3,0
BRDA:287,35,0,0
BRDA:287,35,1,0
BRDA:291,36,0,0
BRDA:325,37,0,0
BRDA:325,37,1,0
BRDA:325,38,0,0
BRDA:325,38,1,0
BRDA:328,39,0,0
BRDA:328,40,0,0
BRDA:328,40,1,0
BRDA:335,41,0,0
BRDA:335,42,0,0
BRDA:335,42,1,0
BRDA:337,43,0,0
BRDA:337,44,0,0
BRDA:337,44,1,0
BRDA:349,45,0,0
BRDA:354,46,0,0
BRDA:354,46,1,0
BRDA:359,47,0,0
BRDA:367,48,0,0
BRDA:367,48,1,0
BRDA:374,49,0,0
BRDA:374,50,0,0
BRDA:374,50,1,0
BRDA:374,50,2,0
BRDA:374,50,3,0
BRDA:374,50,4,0
BRDA:375,51,0,0
BRDA:382,52,0,0
BRDA:382,52,1,0
BRDA:391,53,0,0
BRDA:391,53,1,0
BRDA:393,54,0,0
BRDA:424,55,0,0
BRDA:424,55,1,0
BRDA:433,56,0,0
BRDA:433,57,0,0
BRDA:433,57,1,0
BRDA:443,58,0,0
BRDA:443,58,1,0
BRDA:443,59,0,0
BRDA:443,59,1,0
BRDA:447,60,0,0
BRDA:447,60,1,0
BRDA:472,61,0,0
BRDA:472,61,1,0
BRDA:475,62,0,0
BRDA:475,62,1,0
BRDA:475,63,0,0
BRDA:475,63,1,0
BRDA:487,64,0,0
BRDA:492,65,0,0
BRDA:492,65,1,0
BRDA:492,65,2,0
BRDA:518,66,0,0
BRDA:523,67,0,0
BRDA:525,68,0,0
BRDA:525,69,0,0
BRDA:525,69,1,0
BRDA:535,70,0,0
BRDA:539,71,0,0
BRDA:539,71,1,0
BRDA:539,71,2,0
BRDA:541,72,0,0
BRDA:541,72,1,0
BRDA:542,73,0,0
BRDA:542,73,1,0
BRDA:548,74,0,0
BRDA:548,74,1,0
BRDA:549,75,0,0
BRDA:549,75,1,0
BRDA:555,76,0,0
BRDA:555,77,0,0
BRDA:555,77,1,0
BRDA:561,78,0,0
BRDA:563,79,0,0
BRDA:563,79,1,0
BRDA:563,80,0,0
BRDA:563,80,1,0
BRDA:571,81,0,0
BRDA:571,81,1,0
BRDA:576,82,0,0
BRDA:576,82,1,0
BRDA:584,83,0,0
BRDA:592,84,0,0
BRDA:601,85,0,0
BRDA:619,86,0,0
BRDA:619,86,1,0
BRDA:626,87,0,0
BRDA:626,87,1,0
BRDA:631,88,0,0
BRDA:631,88,1,0
BRDA:631,89,0,0
BRDA:631,89,1,0
BRDA:631,89,2,0
BRDA:634,90,0,0
BRDA:634,90,1,0
BRDA:639,91,0,0
BRDA:639,91,1,0
BRDA:639,92,0,0
BRDA:639,92,1,0
BRDA:639,92,2,0
BRDA:644,93,0,0
BRDA:644,93,1,0
BRDA:655,94,0,0
BRDA:655,94,1,0
BRDA:658,95,0,0
BRDA:658,95,1,0
BRDA:673,96,0,0
BRDA:673,96,1,0
BRDA:690,97,0,0
BRDA:690,97,1,0
BRDA:690,97,2,0
BRDA:695,98,0,0
BRDA:695,98,1,0
BRDA:695,98,2,0
BRF:170
BRH:0
end_of_record
TN:
SF:src/ui/components/table-of-contents.tsx
FN:75,TableOfContents
FN:87,(anonymous_11)
FN:105,(anonymous_12)
FN:123,(anonymous_13)
FN:127,(anonymous_14)
FN:144,(anonymous_15)
FN:148,(anonymous_16)
FN:149,(anonymous_17)
FN:159,(anonymous_18)
FN:161,(anonymous_19)
FN:162,(anonymous_20)
FN:167,(anonymous_21)
FN:170,(anonymous_22)
FN:180,(anonymous_23)
FNF:14
FNH:0
FNDA:0,TableOfContents
FNDA:0,(anonymous_11)
FNDA:0,(anonymous_12)
FNDA:0,(anonymous_13)
FNDA:0,(anonymous_14)
FNDA:0,(anonymous_15)
FNDA:0,(anonymous_16)
FNDA:0,(anonymous_17)
FNDA:0,(anonymous_18)
FNDA:0,(anonymous_19)
FNDA:0,(anonymous_20)
FNDA:0,(anonymous_21)
FNDA:0,(anonymous_22)
FNDA:0,(anonymous_23)
DA:2,0
DA:3,0
DA:4,0
DA:5,0
DA:6,0
DA:75,0
DA:83,0
DA:84,0
DA:87,0
DA:88,0
DA:89,0
DA:90,0
DA:93,0
DA:96,0
DA:103,0
DA:105,0
DA:106,0
DA:109,0
DA:110,0
DA:113,0
DA:115,0
DA:123,0
DA:124,0
DA:125,0
DA:127,0
DA:128,0
DA:129,0
DA:130,0
DA:131,0
DA:132,0
DA:133,0
DA:137,0
DA:140,0
DA:144,0
DA:145,0
DA:147,0
DA:149,0
DA:150,0
DA:151,0
DA:158,0
DA:159,0
DA:161,0
DA:162,0
DA:167,0
DA:168,0
DA:171,0
DA:181,0
DA:182,0
DA:197,0
DA:198,0
DA:201,0
LF:51
LH:0
BRDA:78,0,0,0
BRDA:79,1,0,0
BRDA:80,2,0,0
BRDA:84,3,0,0
BRDA:84,3,1,0
BRDA:88,4,0,0
BRDA:93,5,0,0
BRDA:93,5,1,0
BRDA:106,6,0,0
BRDA:106,6,1,0
BRDA:106,6,2,0
BRDA:109,7,0,0
BRDA:117,8,0,0
BRDA:117,8,1,0
BRDA:128,9,0,0
BRDA:128,9,1,0
BRDA:131,10,0,0
BRDA:131,11,0,0
BRDA:131,11,1,0
BRDA:132,12,0,0
BRDA:132,12,1,0
BRDA:145,13,0,0
BRDA:145,14,0,0
BRDA:145,14,1,0
BRDA:150,15,0,0
BRDA:167,16,0,0
BRDA:169,17,0,0
BRDA:169,17,1,0
BRDA:176,18,0,0
BRDA:176,18,1,0
BRDA:189,19,0,0
BRDA:189,19,1,0
BRDA:197,20,0,0
BRDA:203,21,0,0
BRDA:203,21,1,0
BRF:35
BRH:0
end_of_record
TN:
SF:src/ui/components/theme-provider.tsx
FN:14,ThemeProvider
FNF:1
FNH:0
FNDA:0,ThemeProvider
DA:2,0
DA:3,0
DA:14,0
DA:15,0
LF:4
LH:0
BRF:0
BRH:0
end_of_record
TN:
SF:src/ui/components/ui/accordion.tsx
FN:7,Accordion
FN:13,AccordionItem
FN:26,AccordionTrigger
FN:48,AccordionContent
FNF:4
FNH:0
FNDA:0,Accordion
FNDA:0,AccordionItem
FNDA:0,AccordionTrigger
FNDA:0,AccordionContent
DA:1,0
DA:2,0
DA:3,0
DA:5,0
DA:10,0
DA:17,0
DA:31,0
DA:53,0
DA:64,0
LF:9
LH:0
BRF:0
BRH:0
end_of_record
TN:
SF:src/ui/components/ui/avatar.tsx
FN:8,Avatar
FN:24,AvatarImage
FN:37,AvatarFallback
FNF:3
FNH:0
FNDA:0,Avatar
FNDA:0,AvatarImage
FNDA:0,AvatarFallback
DA:3,0
DA:4,0
DA:6,0
DA:12,0
DA:28,0
DA:41,0
DA:53,0
LF:7
LH:0
BRF:0
BRH:0
end_of_record
TN:
SF:src/ui/components/ui/badge.tsx
FN:28,Badge
FNF:1
FNH:0
FNDA:0,Badge
DA:1,0
DA:2,0
DA:3,0
DA:5,0
DA:7,0
DA:35,0
DA:37,0
DA:46,0
LF:8
LH:0
BRDA:31,0,0,0
BRDA:35,1,0,0
BRDA:35,1,1,0
BRF:3
BRH:0
end_of_record
TN:
SF:src/ui/components/ui/button.tsx
FN:38,Button
FNF:1
FNH:0
FNDA:0,Button
DA:1,0
DA:2,0
DA:3,0
DA:5,0
DA:7,0
DA:48,0
DA:50,0
DA:59,0
LF:8
LH:0
BRDA:42,0,0,0
BRDA:48,1,0,0
BRDA:48,1,1,0
BRF:3
BRH:0
end_of_record
TN:
SF:src/ui/components/ui/card.tsx
FN:5,Card
FN:6,zach
FN:22,CardHeader
FN:35,CardTitle
FN:45,CardDescription
FN:55,CardAction
FN:68,CardContent
FN:78,CardFooter
FNF:8
FNH:0
FNDA:0,Card
FNDA:0,zach
FNDA:0,CardHeader
FNDA:0,CardTitle
FNDA:0,CardDescription
FNDA:0,CardAction
FNDA:0,CardContent
FNDA:0,CardFooter
DA:1,0
DA:3,0
DA:7,0
DA:8,0
DA:10,0
DA:23,0
DA:36,0
DA:46,0
DA:56,0
DA:69,0
DA:79,0
DA:89,0
DA:90,0
DA:91,0
DA:92,0
DA:93,0
DA:94,0
DA:95,0
LF:18
LH:0
BRF:0
BRH:0
end_of_record
TN:
SF:src/ui/components/ui/command.tsx
FN:16,Command
FN:32,CommandDialog
FN:56,CommandInput
FN:78,CommandList
FN:94,CommandEmpty
FN:106,CommandGroup
FN:122,CommandSeparator
FN:135,CommandItem
FN:151,CommandShortcut
FNF:9
FNH:0
FNDA:0,Command
FNDA:0,CommandDialog
FNDA:0,CommandInput
FNDA:0,CommandList
FNDA:0,CommandEmpty
FNDA:0,CommandGroup
FNDA:0,CommandSeparator
FNDA:0,CommandItem
FNDA:0,CommandShortcut
DA:3,0
DA:4,0
DA:5,0
DA:7,0
DA:8,0
DA:20,0
DA:41,0
DA:60,0
DA:82,0
DA:97,0
DA:110,0
DA:126,0
DA:139,0
DA:155,0
DA:168,0
DA:169,0
DA:170,0
DA:171,0
DA:172,0
DA:173,0
DA:174,0
DA:175,0
DA:176,0
LF:23
LH:0
BRDA:33,0,0,0
BRDA:34,1,0,0
BRF:2
BRH:0
end_of_record
TN:
SF:src/ui/components/ui/dialog.tsx
FN:7,Dialog
FN:13,DialogTrigger
FN:19,DialogPortal
FN:25,DialogClose
FN:31,DialogOverlay
FN:47,DialogContent
FN:73,DialogHeader
FN:83,DialogFooter
FN:96,DialogTitle
FN:109,DialogDescription
FNF:10
FNH:0
FNDA:0,Dialog
FNDA:0,DialogTrigger
FNDA:0,DialogPortal
FNDA:0,DialogClose
FNDA:0,DialogOverlay
FNDA:0,DialogContent
FNDA:0,DialogHeader
FNDA:0,DialogFooter
FNDA:0,DialogTitle
FNDA:0,DialogDescription
DA:1,0
DA:2,0
DA:3,0
DA:5,0
DA:10,0
DA:16,0
DA:22,0
DA:28,0
DA:35,0
DA:52,0
DA:74,0
DA:84,0
DA:100,0
DA:113,0
DA:123,0
DA:124,0
DA:125,0
DA:126,0
DA:127,0
DA:128,0
DA:129,0
DA:130,0
DA:131,0
DA:132,0
LF:24
LH:0
BRF:0
BRH:0
end_of_record
TN:
SF:src/ui/components/ui/dropdown-menu.tsx
FN:9,DropdownMenu
FN:15,DropdownMenuPortal
FN:23,DropdownMenuTrigger
FN:34,DropdownMenuContent
FN:54,DropdownMenuGroup
FN:62,DropdownMenuItem
FN:85,DropdownMenuCheckboxItem
FN:111,DropdownMenuRadioGroup
FN:122,DropdownMenuRadioItem
FN:146,DropdownMenuLabel
FN:166,DropdownMenuSeparator
FN:179,DropdownMenuShortcut
FN:195,DropdownMenuSub
FN:201,DropdownMenuSubTrigger
FN:225,DropdownMenuSubContent
FNF:15
FNH:0
FNDA:0,DropdownMenu
FNDA:0,DropdownMenuPortal
FNDA:0,DropdownMenuTrigger
FNDA:0,DropdownMenuContent
FNDA:0,DropdownMenuGroup
FNDA:0,DropdownMenuItem
FNDA:0,DropdownMenuCheckboxItem
FNDA:0,DropdownMenuRadioGroup
FNDA:0,DropdownMenuRadioItem
FNDA:0,DropdownMenuLabel
FNDA:0,DropdownMenuSeparator
FNDA:0,DropdownMenuShortcut
FNDA:0,DropdownMenuSub
FNDA:0,DropdownMenuSubTrigger
FNDA:0,DropdownMenuSubContent
DA:3,0
DA:4,0
DA:5,0
DA:7,0
DA:12,0
DA:18,0
DA:26,0
DA:39,0
DA:57,0
DA:71,0
DA:91,0
DA:114,0
DA:127,0
DA:153,0
DA:170,0
DA:183,0
DA:198,0
DA:209,0
DA:229,0
DA:242,0
DA:243,0
DA:244,0
DA:245,0
DA:246,0
DA:247,0
DA:248,0
DA:249,0
DA:250,0
DA:251,0
DA:252,0
DA:253,0
DA:254,0
DA:255,0
DA:256,0
LF:34
LH:0
BRDA:36,0,0,0
BRDA:65,1,0,0
BRF:2
BRH:0
end_of_record
TN:
SF:src/ui/components/ui/input.tsx
FN:8,(anonymous_9)
FNF:1
FNH:0
FNDA:0,(anonymous_9)
DA:1,0
DA:2,0
DA:7,0
DA:9,0
DA:22,0
DA:24,0
LF:6
LH:0
BRF:0
BRH:0
end_of_record
TN:
SF:src/ui/components/ui/label.tsx
FN:6,Label
FNF:1
FNH:0
FNDA:0,Label
DA:1,0
DA:2,0
DA:4,0
DA:10,0
DA:22,0
LF:5
LH:0
BRF:0
BRH:0
end_of_record
TN:
SF:src/ui/components/ui/scroll-area.tsx
FN:6,ScrollArea
FN:29,ScrollBar
FNF:2
FNH:0
FNDA:0,ScrollArea
FNDA:0,ScrollBar
DA:1,0
DA:2,0
DA:4,0
DA:11,0
DA:34,0
DA:56,0
LF:6
LH:0
BRDA:31,0,0,0
BRDA:40,1,0,0
BRDA:40,1,1,0
BRDA:42,2,0,0
BRDA:42,2,1,0
BRF:5
BRH:0
end_of_record
TN:
SF:src/ui/components/ui/select.tsx
FN:9,Select
FN:15,SelectGroup
FN:21,SelectValue
FN:27,SelectTrigger
FN:53,SelectContent
FN:88,SelectLabel
FN:101,SelectItem
FN:125,SelectSeparator
FN:138,SelectScrollUpButton
FN:156,SelectScrollDownButton
FNF:10
FNH:0
FNDA:0,Select
FNDA:0,SelectGroup
FNDA:0,SelectValue
FNDA:0,SelectTrigger
FNDA:0,SelectContent
FNDA:0,SelectLabel
FNDA:0,SelectItem
FNDA:0,SelectSeparator
FNDA:0,SelectScrollUpButton
FNDA:0,SelectScrollDownButton
DA:3,0
DA:4,0
DA:5,0
DA:7,0
DA:12,0
DA:18,0
DA:24,0
DA:35,0
DA:59,0
DA:92,0
DA:106,0
DA:129,0
DA:142,0
DA:160,0
DA:175,0
DA:176,0
DA:177,0
DA:178,0
DA:179,0
DA:180,0
DA:181,0
DA:182,0
DA:183,0
DA:184,0
LF:24
LH:0
BRDA:29,0,0,0
BRDA:56,1,0,0
BRDA:65,2,0,0
BRDA:65,2,1,0
BRDA:76,3,0,0
BRDA:76,3,1,0
BRF:6
BRH:0
end_of_record
TN:
SF:src/ui/components/ui/slider.tsx
FN:6,Slider
FN:15,(anonymous_10)
FN:50,(anonymous_11)
FNF:3
FNH:0
FNDA:0,Slider
FNDA:0,(anonymous_10)
FNDA:0,(anonymous_11)
DA:1,0
DA:2,0
DA:4,0
DA:14,0
DA:16,0
DA:24,0
DA:51,0
DA:61,0
LF:8
LH:0
BRDA:10,0,0,0
BRDA:11,1,0,0
BRDA:16,2,0,0
BRDA:16,2,1,0
BRDA:18,3,0,0
BRDA:18,3,1,0
BRF:6
BRH:0
end_of_record
TN:
SF:src/ui/components/ui/switch.tsx
FN:6,Switch
FNF:1
FNH:0
FNDA:0,Switch
DA:1,0
DA:2,0
DA:4,0
DA:10,0
DA:29,0
LF:5
LH:0
BRF:0
BRH:0
end_of_record
TN:
SF:src/ui/components/ui/tabs.tsx
FN:6,Tabs
FN:19,TabsList
FN:35,TabsTrigger
FN:51,TabsContent
FNF:4
FNH:0
FNDA:0,Tabs
FNDA:0,TabsList
FNDA:0,TabsTrigger
FNDA:0,TabsContent
DA:1,0
DA:2,0
DA:4,0
DA:10,0
DA:23,0
DA:39,0
DA:55,0
DA:64,0
LF:8
LH:0
BRF:0
BRH:0
end_of_record
TN:
SF:src/ui/components/ui/textarea.tsx
FN:5,Textarea
FNF:1
FNH:0
FNDA:0,Textarea
DA:1,0
DA:3,0
DA:6,0
DA:18,0
LF:4
LH:0
BRF:0
BRH:0
end_of_record
TN:
SF:src/ui/components/ui/tooltip.tsx
FN:6,TooltipProvider
FN:19,Tooltip
FN:29,TooltipTrigger
FN:35,TooltipContent
FNF:4
FNH:0
FNDA:0,TooltipProvider
FNDA:0,Tooltip
FNDA:0,TooltipTrigger
FNDA:0,TooltipContent
DA:1,0
DA:2,0
DA:4,0
DA:10,0
DA:22,0
DA:32,0
DA:41,0
DA:59,0
LF:8
LH:0
BRDA:7,0,0,0
BRDA:37,1,0,0
BRF:2
BRH:0
end_of_record
TN:
SF:src/ui/lib/utils.ts
FN:4,cn
FNF:1
FNH:0
FNDA:0,cn
DA:1,0
DA:2,0
DA:4,0
DA:5,0
LF:4
LH:0
BRF:0
BRH:0
end_of_record
TN:
SF:src/ui/types/code-entities.ts
FN:30,isCallRelationship
FNF:1
FNH:0
FNDA:0,isCallRelationship
DA:30,0
DA:31,0
LF:2
LH:0
BRF:0
BRH:0
end_of_record
