TN:
SF:src/index.ts
FN:14,(anonymous_0)
FN:15,(anonymous_1)
FN:16,(anonymous_2)
FNF:3
FNH:0
FNDA:0,(anonymous_0)
FNDA:0,(anonymous_1)
FNDA:0,(anonymous_2)
DA:1,0
DA:2,0
DA:3,0
DA:14,0
DA:15,0
DA:16,0
LF:6
LH:0
BRF:0
BRH:0
end_of_record
TN:
SF:src/ai/generator.ts
FN:17,(anonymous_0)
FN:29,(anonymous_1)
FN:69,(anonymous_2)
FN:74,(anonymous_3)
FN:114,(anonymous_4)
FNF:5
FNH:0
FNDA:0,(anonymous_0)
FNDA:0,(anonymous_1)
FNDA:0,(anonymous_2)
FNDA:0,(anonymous_3)
FNDA:0,(anonymous_4)
DA:1,0
DA:11,0
DA:18,0
DA:21,0
DA:22,0
DA:23,0
DA:32,0
DA:34,0
DA:36,0
DA:37,0
DA:43,0
DA:44,0
DA:45,0
DA:53,0
DA:54,0
DA:60,0
DA:63,0
DA:72,0
DA:75,0
DA:79,0
DA:90,0
DA:91,0
DA:98,0
DA:103,0
DA:107,0
DA:118,0
DA:129,0
DA:130,0
DA:137,0
DA:142,0
DA:146,0
LF:31
LH:0
BRDA:21,0,0,0
BRDA:21,0,1,0
BRDA:22,1,0,0
BRDA:22,1,1,0
BRDA:23,2,0,0
BRDA:23,2,1,0
BRDA:36,3,0,0
BRDA:36,4,0,0
BRDA:36,4,1,0
BRDA:44,5,0,0
BRDA:44,6,0,0
BRDA:44,6,1,0
BRDA:53,7,0,0
BRDA:53,8,0,0
BRDA:53,8,1,0
BRDA:75,9,0,0
BRDA:75,9,1,0
BRDA:83,10,0,0
BRDA:83,10,1,0
BRDA:99,11,0,0
BRDA:99,11,1,0
BRDA:122,12,0,0
BRDA:122,12,1,0
BRDA:123,13,0,0
BRDA:123,13,1,0
BRDA:138,14,0,0
BRDA:138,14,1,0
BRF:27
BRH:0
end_of_record
TN:
SF:src/core/parser.ts
FN:10,debug
FN:17,parseComponents
FN:39,(anonymous_12)
FN:104,parseComponentRecursively
FN:160,(anonymous_14)
FN:215,(anonymous_15)
FN:219,(anonymous_16)
FN:225,(anonymous_17)
FN:277,extractImportedComponentPaths
FN:358,extractComponentMethods
FN:381,(anonymous_20)
FN:385,(anonymous_21)
FN:392,(anonymous_22)
FNF:13
FNH:0
FNDA:0,debug
FNDA:0,parseComponents
FNDA:0,(anonymous_12)
FNDA:0,parseComponentRecursively
FNDA:0,(anonymous_14)
FNDA:0,(anonymous_15)
FNDA:0,(anonymous_16)
FNDA:0,(anonymous_17)
FNDA:0,extractImportedComponentPaths
FNDA:0,extractComponentMethods
FNDA:0,(anonymous_20)
FNDA:0,(anonymous_21)
FNDA:0,(anonymous_22)
DA:1,0
DA:2,0
DA:4,0
DA:5,0
DA:9,0
DA:11,0
DA:17,0
DA:26,0
DA:29,0
DA:30,0
DA:32,0
DA:33,0
DA:34,0
DA:35,0
DA:38,0
DA:40,0
DA:47,0
DA:48,0
DA:51,0
DA:52,0
DA:53,0
DA:54,0
DA:56,0
DA:57,0
DA:58,0
DA:59,0
DA:60,0
DA:61,0
DA:62,0
DA:64,0
DA:69,0
DA:70,0
DA:73,0
DA:74,0
DA:75,0
DA:79,0
DA:83,0
DA:89,0
DA:114,0
DA:116,0
DA:117,0
DA:118,0
DA:122,0
DA:123,0
DA:126,0
DA:130,0
DA:132,0
DA:134,0
DA:135,0
DA:136,0
DA:140,0
DA:141,0
DA:142,0
DA:144,0
DA:145,0
DA:146,0
DA:149,0
DA:151,0
DA:152,0
DA:159,0
DA:160,0
DA:168,0
DA:171,0
DA:172,0
DA:176,0
DA:178,0
DA:179,0
DA:185,0
DA:197,0
DA:198,0
DA:199,0
DA:200,0
DA:203,0
DA:208,0
DA:209,0
DA:210,0
DA:214,0
DA:215,0
DA:216,0
DA:217,0
DA:219,0
DA:220,0
DA:221,0
DA:222,0
DA:225,0
DA:226,0
DA:227,0
DA:228,0
DA:231,0
DA:234,0
DA:236,0
DA:237,0
DA:239,0
DA:250,0
DA:251,0
DA:254,0
DA:259,0
DA:264,0
DA:267,0
DA:269,0
DA:270,0
DA:282,0
DA:284,0
DA:286,0
DA:288,0
DA:291,0
DA:292,0
DA:293,0
DA:298,0
DA:300,0
DA:301,0
DA:304,0
DA:305,0
DA:306,0
DA:309,0
DA:310,0
DA:313,0
DA:314,0
DA:316,0
DA:317,0
DA:321,0
DA:322,0
DA:323,0
DA:324,0
DA:325,0
DA:329,0
DA:330,0
DA:331,0
DA:332,0
DA:333,0
DA:334,0
DA:338,0
DA:339,0
DA:340,0
DA:342,0
DA:345,0
DA:349,0
DA:352,0
DA:359,0
DA:364,0
DA:367,0
DA:368,0
DA:371,0
DA:374,0
DA:375,0
DA:376,0
DA:379,0
DA:382,0
DA:385,0
DA:386,0
DA:392,0
DA:395,0
DA:396,0
DA:397,0
DA:400,0
DA:408,0
LF:156
LH:0
BRDA:11,0,0,0
BRDA:23,1,0,0
BRDA:24,2,0,0
BRDA:25,3,0,0
BRDA:40,4,0,0
BRDA:40,4,1,0
BRDA:51,5,0,0
BRDA:59,6,0,0
BRDA:69,7,0,0
BRDA:79,8,0,0
BRDA:79,8,1,0
BRDA:85,9,0,0
BRDA:85,9,1,0
BRDA:112,10,0,0
BRDA:116,11,0,0
BRDA:122,12,0,0
BRDA:134,13,0,0
BRDA:144,14,0,0
BRDA:154,15,0,0
BRDA:154,15,1,0
BRDA:159,16,0,0
BRDA:159,16,1,0
BRDA:162,17,0,0
BRDA:162,17,1,0
BRDA:163,18,0,0
BRDA:163,18,1,0
BRDA:165,19,0,0
BRDA:165,19,1,0
BRDA:178,20,0,0
BRDA:187,21,0,0
BRDA:187,21,1,0
BRDA:189,22,0,0
BRDA:189,22,1,0
BRDA:198,23,0,0
BRDA:209,24,0,0
BRDA:214,25,0,0
BRDA:221,26,0,0
BRDA:221,26,1,0
BRDA:227,27,0,0
BRDA:227,27,1,0
BRDA:231,28,0,0
BRDA:231,28,1,0
BRDA:250,29,0,0
BRDA:250,29,1,0
BRDA:255,30,0,0
BRDA:255,30,1,0
BRDA:298,31,0,0
BRDA:298,31,1,0
BRDA:304,32,0,0
BRDA:317,33,0,0
BRDA:317,33,1,0
BRDA:322,34,0,0
BRDA:331,35,0,0
BRDA:338,36,0,0
BRDA:338,36,1,0
BRDA:371,37,0,0
BRDA:376,38,0,0
BRDA:376,38,1,0
BRDA:388,39,0,0
BRDA:388,39,1,0
BRDA:396,40,0,0
BRF:61
BRH:0
end_of_record
